<?xml version="1.0" encoding="UTF-8"?>
<coverage generated="1744821990600" clover="3.2.0">
  <project timestamp="1744821990600" name="All files">
    <metrics statements="476" coveredstatements="310" conditionals="74" coveredconditionals="35" methods="60" coveredmethods="42" elements="610" coveredelements="387" complexity="0" loc="476" ncloc="476" packages="13" files="33" classes="33"/>
    <package name="src">
      <metrics statements="57" coveredstatements="12" conditionals="9" coveredconditionals="0" methods="7" coveredmethods="4"/>
      <file name="app.controller.ts" path="/Users/bhakti/Work/research/sso-boilerplate-ts/sso-server/src/app.controller.ts">
        <metrics statements="8" coveredstatements="7" conditionals="0" coveredconditionals="0" methods="3" coveredmethods="2"/>
        <line num="1" count="1" type="stmt"/>
        <line num="2" count="1" type="stmt"/>
        <line num="5" count="1" type="stmt"/>
        <line num="6" count="1" type="stmt"/>
        <line num="9" count="1" type="stmt"/>
        <line num="10" count="1" type="stmt"/>
        <line num="14" count="1" type="stmt"/>
        <line num="15" count="0" type="stmt"/>
      </file>
      <file name="app.module.ts" path="/Users/bhakti/Work/research/sso-boilerplate-ts/sso-server/src/app.module.ts">
        <metrics statements="10" coveredstatements="0" conditionals="0" coveredconditionals="0" methods="0" coveredmethods="0"/>
        <line num="1" count="0" type="stmt"/>
        <line num="2" count="0" type="stmt"/>
        <line num="3" count="0" type="stmt"/>
        <line num="4" count="0" type="stmt"/>
        <line num="5" count="0" type="stmt"/>
        <line num="6" count="0" type="stmt"/>
        <line num="7" count="0" type="stmt"/>
        <line num="8" count="0" type="stmt"/>
        <line num="9" count="0" type="stmt"/>
        <line num="35" count="0" type="stmt"/>
      </file>
      <file name="app.service.ts" path="/Users/bhakti/Work/research/sso-boilerplate-ts/sso-server/src/app.service.ts">
        <metrics statements="19" coveredstatements="5" conditionals="7" coveredconditionals="0" methods="3" coveredmethods="2"/>
        <line num="1" count="1" type="stmt"/>
        <line num="2" count="1" type="stmt"/>
        <line num="5" count="1" type="stmt"/>
        <line num="6" count="1" type="stmt"/>
        <line num="9" count="1" type="stmt"/>
        <line num="13" count="0" type="stmt"/>
        <line num="19" count="0" type="stmt"/>
        <line num="20" count="0" type="stmt"/>
        <line num="21" count="0" type="stmt"/>
        <line num="23" count="0" type="stmt"/>
        <line num="24" count="0" type="cond" truecount="0" falsecount="2"/>
        <line num="27" count="0" type="stmt"/>
        <line num="28" count="0" type="stmt"/>
        <line num="29" count="0" type="stmt"/>
        <line num="31" count="0" type="stmt"/>
        <line num="32" count="0" type="cond" truecount="0" falsecount="2"/>
        <line num="35" count="0" type="cond" truecount="0" falsecount="1"/>
        <line num="39" count="0" type="stmt"/>
        <line num="42" count="0" type="stmt"/>
      </file>
      <file name="main.ts" path="/Users/bhakti/Work/research/sso-boilerplate-ts/sso-server/src/main.ts">
        <metrics statements="20" coveredstatements="0" conditionals="2" coveredconditionals="0" methods="1" coveredmethods="0"/>
        <line num="1" count="0" type="stmt"/>
        <line num="2" count="0" type="stmt"/>
        <line num="3" count="0" type="stmt"/>
        <line num="4" count="0" type="stmt"/>
        <line num="5" count="0" type="stmt"/>
        <line num="6" count="0" type="stmt"/>
        <line num="7" count="0" type="stmt"/>
        <line num="8" count="0" type="stmt"/>
        <line num="11" count="0" type="stmt"/>
        <line num="13" count="0" type="stmt"/>
        <line num="15" count="0" type="stmt"/>
        <line num="17" count="0" type="stmt"/>
        <line num="22" count="0" type="stmt"/>
        <line num="30" count="0" type="stmt"/>
        <line num="48" count="0" type="stmt"/>
        <line num="49" count="0" type="stmt"/>
        <line num="51" count="0" type="cond" truecount="0" falsecount="2"/>
        <line num="53" count="0" type="stmt"/>
        <line num="54" count="0" type="stmt"/>
        <line num="56" count="0" type="stmt"/>
      </file>
    </package>
    <package name="src.auth">
      <metrics statements="167" coveredstatements="141" conditionals="33" coveredconditionals="21" methods="22" coveredmethods="21"/>
      <file name="auth.controller.ts" path="/Users/bhakti/Work/research/sso-boilerplate-ts/sso-server/src/auth/auth.controller.ts">
        <metrics statements="43" coveredstatements="43" conditionals="3" coveredconditionals="2" methods="10" coveredmethods="10"/>
        <line num="1" count="1" type="stmt"/>
        <line num="13" count="1" type="stmt"/>
        <line num="21" count="1" type="stmt"/>
        <line num="23" count="1" type="stmt"/>
        <line num="24" count="1" type="stmt"/>
        <line num="26" count="1" type="stmt"/>
        <line num="27" count="1" type="stmt"/>
        <line num="28" count="1" type="stmt"/>
        <line num="29" count="1" type="stmt"/>
        <line num="30" count="1" type="stmt"/>
        <line num="31" count="1" type="stmt"/>
        <line num="32" count="1" type="stmt"/>
        <line num="33" count="1" type="stmt"/>
        <line num="34" count="1" type="stmt"/>
        <line num="35" count="1" type="stmt"/>
        <line num="58" count="1" type="stmt"/>
        <line num="63" count="1" type="stmt"/>
        <line num="64" count="19" type="stmt"/>
        <line num="81" count="1" type="stmt"/>
        <line num="84" count="4" type="stmt"/>
        <line num="106" count="1" type="stmt"/>
        <line num="107" count="4" type="stmt"/>
        <line num="111" count="2" type="cond" truecount="1" falsecount="0"/>
        <line num="112" count="1" type="stmt"/>
        <line num="114" count="1" type="stmt"/>
        <line num="133" count="1" type="stmt"/>
        <line num="134" count="2" type="stmt"/>
        <line num="136" count="2" type="stmt"/>
        <line num="162" count="1" type="stmt"/>
        <line num="163" count="2" type="stmt"/>
        <line num="164" count="2" type="stmt"/>
        <line num="165" count="2" type="stmt"/>
        <line num="183" count="1" type="stmt"/>
        <line num="187" count="1" type="stmt"/>
        <line num="193" count="1" type="stmt"/>
        <line num="206" count="1" type="stmt"/>
        <line num="209" count="2" type="stmt"/>
        <line num="222" count="1" type="stmt"/>
        <line num="223" count="1" type="stmt"/>
        <line num="239" count="1" type="stmt"/>
        <line num="242" count="2" type="stmt"/>
        <line num="258" count="1" type="stmt"/>
        <line num="261" count="2" type="stmt"/>
      </file>
      <file name="auth.service.ts" path="/Users/bhakti/Work/research/sso-boilerplate-ts/sso-server/src/auth/auth.service.ts">
        <metrics statements="120" coveredstatements="95" conditionals="27" coveredconditionals="18" methods="12" coveredmethods="11"/>
        <line num="1" count="2" type="stmt"/>
        <line num="8" count="2" type="stmt"/>
        <line num="9" count="2" type="stmt"/>
        <line num="10" count="2" type="stmt"/>
        <line num="11" count="2" type="stmt"/>
        <line num="12" count="2" type="stmt"/>
        <line num="14" count="2" type="stmt"/>
        <line num="16" count="2" type="stmt"/>
        <line num="22" count="2" type="stmt"/>
        <line num="24" count="21" type="stmt"/>
        <line num="25" count="21" type="stmt"/>
        <line num="26" count="21" type="stmt"/>
        <line num="27" count="21" type="stmt"/>
        <line num="38" count="5" type="stmt"/>
        <line num="40" count="5" type="cond" truecount="3" falsecount="0"/>
        <line num="41" count="3" type="cond" truecount="1" falsecount="0"/>
        <line num="42" count="2" type="stmt"/>
        <line num="47" count="1" type="stmt"/>
        <line num="49" count="2" type="stmt"/>
        <line num="63" count="2" type="stmt"/>
        <line num="70" count="2" type="stmt"/>
        <line num="75" count="2" type="stmt"/>
        <line num="84" count="2" type="stmt"/>
        <line num="97" count="2" type="stmt"/>
        <line num="98" count="2" type="stmt"/>
        <line num="99" count="2" type="stmt"/>
        <line num="109" count="1" type="stmt"/>
        <line num="116" count="1" type="stmt"/>
        <line num="118" count="1" type="stmt"/>
        <line num="122" count="1" type="stmt"/>
        <line num="130" count="1" type="stmt"/>
        <line num="140" count="6" type="stmt"/>
        <line num="145" count="6" type="cond" truecount="3" falsecount="0"/>
        <line num="146" count="3" type="stmt"/>
        <line num="149" count="3" type="stmt"/>
        <line num="154" count="3" type="cond" truecount="1" falsecount="0"/>
        <line num="155" count="2" type="stmt"/>
        <line num="159" count="1" type="stmt"/>
        <line num="167" count="1" type="stmt"/>
        <line num="168" count="1" type="stmt"/>
        <line num="170" count="1" type="stmt"/>
        <line num="177" count="2" type="stmt"/>
        <line num="178" count="2" type="cond" truecount="1" falsecount="0"/>
        <line num="179" count="1" type="stmt"/>
        <line num="180" count="1" type="stmt"/>
        <line num="185" count="1" type="stmt"/>
        <line num="187" count="1" type="stmt"/>
        <line num="192" count="1" type="stmt"/>
        <line num="193" count="1" type="stmt"/>
        <line num="195" count="1" type="stmt"/>
        <line num="197" count="1" type="stmt"/>
        <line num="205" count="0" type="stmt"/>
        <line num="206" count="0" type="stmt"/>
        <line num="211" count="1" type="stmt"/>
        <line num="212" count="1" type="stmt"/>
        <line num="218" count="0" type="stmt"/>
        <line num="221" count="1" type="stmt"/>
        <line num="232" count="3" type="stmt"/>
        <line num="235" count="3" type="stmt"/>
        <line num="241" count="3" type="stmt"/>
        <line num="245" count="3" type="cond" truecount="0" falsecount="1"/>
        <line num="246" count="0" type="stmt"/>
        <line num="248" count="3" type="cond" truecount="3" falsecount="0"/>
        <line num="250" count="2" type="stmt"/>
        <line num="254" count="2" type="stmt"/>
        <line num="258" count="1" type="stmt"/>
        <line num="259" count="1" type="stmt"/>
        <line num="261" count="1" type="stmt"/>
        <line num="263" count="1" type="stmt"/>
        <line num="265" count="1" type="stmt"/>
        <line num="270" count="0" type="stmt"/>
        <line num="271" count="0" type="stmt"/>
        <line num="274" count="1" type="stmt"/>
        <line num="284" count="7" type="stmt"/>
        <line num="287" count="7" type="cond" truecount="1" falsecount="0"/>
        <line num="288" count="4" type="cond" truecount="1" falsecount="0"/>
        <line num="289" count="2" type="stmt"/>
        <line num="293" count="2" type="stmt"/>
        <line num="296" count="3" type="stmt"/>
        <line num="297" count="3" type="stmt"/>
        <line num="300" count="3" type="stmt"/>
        <line num="301" count="3" type="stmt"/>
        <line num="305" count="3" type="cond" truecount="1" falsecount="0"/>
        <line num="306" count="2" type="stmt"/>
        <line num="307" count="2" type="stmt"/>
        <line num="314" count="1" type="stmt"/>
        <line num="315" count="1" type="stmt"/>
        <line num="322" count="1" type="stmt"/>
        <line num="324" count="0" type="stmt"/>
        <line num="325" count="0" type="cond" truecount="0" falsecount="2"/>
        <line num="326" count="0" type="stmt"/>
        <line num="332" count="1" type="stmt"/>
        <line num="333" count="1" type="stmt"/>
        <line num="338" count="1" type="stmt"/>
        <line num="339" count="1" type="stmt"/>
        <line num="343" count="1" type="stmt"/>
        <line num="349" count="0" type="stmt"/>
        <line num="352" count="1" type="stmt"/>
        <line num="363" count="3" type="stmt"/>
        <line num="369" count="3" type="stmt"/>
        <line num="374" count="3" type="cond" truecount="1" falsecount="0"/>
        <line num="375" count="2" type="stmt"/>
        <line num="381" count="1" type="stmt"/>
        <line num="382" count="1" type="stmt"/>
        <line num="390" count="0" type="stmt"/>
        <line num="391" count="0" type="stmt"/>
        <line num="394" count="1" type="stmt"/>
        <line num="401" count="0" type="stmt"/>
        <line num="402" count="0" type="cond" truecount="0" falsecount="1"/>
        <line num="403" count="0" type="stmt"/>
        <line num="409" count="0" type="cond" truecount="0" falsecount="1"/>
        <line num="410" count="0" type="stmt"/>
        <line num="414" count="0" type="stmt"/>
        <line num="415" count="0" type="stmt"/>
        <line num="420" count="0" type="stmt"/>
        <line num="421" count="0" type="stmt"/>
        <line num="425" count="0" type="stmt"/>
        <line num="430" count="0" type="stmt"/>
        <line num="432" count="0" type="stmt"/>
        <line num="433" count="0" type="stmt"/>
      </file>
      <file name="constants.ts" path="/Users/bhakti/Work/research/sso-boilerplate-ts/sso-server/src/auth/constants.ts">
        <metrics statements="4" coveredstatements="3" conditionals="3" coveredconditionals="1" methods="0" coveredmethods="0"/>
        <line num="1" count="2" type="stmt"/>
        <line num="4" count="2" type="cond" truecount="0" falsecount="1"/>
        <line num="5" count="0" type="stmt"/>
        <line num="8" count="2" type="stmt"/>
      </file>
    </package>
    <package name="src.auth.dto">
      <metrics statements="30" coveredstatements="30" conditionals="0" coveredconditionals="0" methods="0" coveredmethods="0"/>
      <file name="forgot-password.dto.ts" path="/Users/bhakti/Work/research/sso-boilerplate-ts/sso-server/src/auth/dto/forgot-password.dto.ts">
        <metrics statements="4" coveredstatements="4" conditionals="0" coveredconditionals="0" methods="0" coveredmethods="0"/>
        <line num="1" count="1" type="stmt"/>
        <line num="2" count="1" type="stmt"/>
        <line num="4" count="1" type="stmt"/>
        <line num="11" count="1" type="stmt"/>
      </file>
      <file name="login-response.dto.ts" path="/Users/bhakti/Work/research/sso-boilerplate-ts/sso-server/src/auth/dto/login-response.dto.ts">
        <metrics statements="4" coveredstatements="4" conditionals="0" coveredconditionals="0" methods="0" coveredmethods="0"/>
        <line num="1" count="1" type="stmt"/>
        <line num="3" count="1" type="stmt"/>
        <line num="8" count="1" type="stmt"/>
        <line num="14" count="1" type="stmt"/>
      </file>
      <file name="login.dto.ts" path="/Users/bhakti/Work/research/sso-boilerplate-ts/sso-server/src/auth/dto/login.dto.ts">
        <metrics statements="5" coveredstatements="5" conditionals="0" coveredconditionals="0" methods="0" coveredmethods="0"/>
        <line num="1" count="1" type="stmt"/>
        <line num="2" count="1" type="stmt"/>
        <line num="4" count="1" type="stmt"/>
        <line num="11" count="1" type="stmt"/>
        <line num="19" count="1" type="stmt"/>
      </file>
      <file name="profile-response.dto.ts" path="/Users/bhakti/Work/research/sso-boilerplate-ts/sso-server/src/auth/dto/profile-response.dto.ts">
        <metrics statements="6" coveredstatements="6" conditionals="0" coveredconditionals="0" methods="0" coveredmethods="0"/>
        <line num="1" count="1" type="stmt"/>
        <line num="3" count="1" type="stmt"/>
        <line num="5" count="1" type="stmt"/>
        <line num="11" count="1" type="stmt"/>
        <line num="18" count="1" type="stmt"/>
        <line num="24" count="1" type="stmt"/>
      </file>
      <file name="register.dto.ts" path="/Users/bhakti/Work/research/sso-boilerplate-ts/sso-server/src/auth/dto/register.dto.ts">
        <metrics statements="6" coveredstatements="6" conditionals="0" coveredconditionals="0" methods="0" coveredmethods="0"/>
        <line num="2" count="1" type="stmt"/>
        <line num="9" count="1" type="stmt"/>
        <line num="11" count="1" type="stmt"/>
        <line num="15" count="1" type="stmt"/>
        <line num="23" count="1" type="stmt"/>
        <line num="37" count="1" type="stmt"/>
      </file>
      <file name="reset-password.dto.ts" path="/Users/bhakti/Work/research/sso-boilerplate-ts/sso-server/src/auth/dto/reset-password.dto.ts">
        <metrics statements="5" coveredstatements="5" conditionals="0" coveredconditionals="0" methods="0" coveredmethods="0"/>
        <line num="1" count="1" type="stmt"/>
        <line num="2" count="1" type="stmt"/>
        <line num="4" count="1" type="stmt"/>
        <line num="10" count="1" type="stmt"/>
        <line num="18" count="1" type="stmt"/>
      </file>
    </package>
    <package name="src.auth.guards">
      <metrics statements="17" coveredstatements="8" conditionals="1" coveredconditionals="0" methods="2" coveredmethods="0"/>
      <file name="jwt-auth.guard.ts" path="/Users/bhakti/Work/research/sso-boilerplate-ts/sso-server/src/auth/guards/jwt-auth.guard.ts">
        <metrics statements="11" coveredstatements="5" conditionals="1" coveredconditionals="0" methods="2" coveredmethods="0"/>
        <line num="1" count="2" type="stmt"/>
        <line num="2" count="2" type="stmt"/>
        <line num="3" count="2" type="stmt"/>
        <line num="5" count="2" type="stmt"/>
        <line num="8" count="2" type="stmt"/>
        <line num="9" count="0" type="stmt"/>
        <line num="10" count="0" type="stmt"/>
        <line num="16" count="0" type="stmt"/>
        <line num="21" count="0" type="cond" truecount="0" falsecount="1"/>
        <line num="22" count="0" type="stmt"/>
        <line num="25" count="0" type="stmt"/>
      </file>
      <file name="local-auth.guard.ts" path="/Users/bhakti/Work/research/sso-boilerplate-ts/sso-server/src/auth/guards/local-auth.guard.ts">
        <metrics statements="3" coveredstatements="0" conditionals="0" coveredconditionals="0" methods="0" coveredmethods="0"/>
        <line num="1" count="0" type="stmt"/>
        <line num="2" count="0" type="stmt"/>
        <line num="5" count="0" type="stmt"/>
      </file>
      <file name="refresh-token.guard.ts" path="/Users/bhakti/Work/research/sso-boilerplate-ts/sso-server/src/auth/guards/refresh-token.guard.ts">
        <metrics statements="3" coveredstatements="3" conditionals="0" coveredconditionals="0" methods="0" coveredmethods="0"/>
        <line num="1" count="1" type="stmt"/>
        <line num="2" count="1" type="stmt"/>
        <line num="6" count="1" type="stmt"/>
      </file>
    </package>
    <package name="src.auth.permissions">
      <metrics statements="36" coveredstatements="4" conditionals="7" coveredconditionals="0" methods="6" coveredmethods="1"/>
      <file name="permissions.decorator.ts" path="/Users/bhakti/Work/research/sso-boilerplate-ts/sso-server/src/auth/permissions/permissions.decorator.ts">
        <metrics statements="4" coveredstatements="0" conditionals="0" coveredconditionals="0" methods="1" coveredmethods="0"/>
        <line num="1" count="0" type="stmt"/>
        <line num="3" count="0" type="stmt"/>
        <line num="4" count="0" type="stmt"/>
        <line num="5" count="0" type="stmt"/>
      </file>
      <file name="permissions.guard.ts" path="/Users/bhakti/Work/research/sso-boilerplate-ts/sso-server/src/auth/permissions/permissions.guard.ts">
        <metrics statements="28" coveredstatements="0" conditionals="7" coveredconditionals="0" methods="4" coveredmethods="0"/>
        <line num="1" count="0" type="stmt"/>
        <line num="8" count="0" type="stmt"/>
        <line num="9" count="0" type="stmt"/>
        <line num="10" count="0" type="stmt"/>
        <line num="22" count="0" type="stmt"/>
        <line num="24" count="0" type="stmt"/>
        <line num="25" count="0" type="stmt"/>
        <line num="30" count="0" type="stmt"/>
        <line num="36" count="0" type="cond" truecount="0" falsecount="3"/>
        <line num="37" count="0" type="stmt"/>
        <line num="41" count="0" type="stmt"/>
        <line num="42" count="0" type="stmt"/>
        <line num="45" count="0" type="cond" truecount="0" falsecount="1"/>
        <line num="50" count="0" type="stmt"/>
        <line num="54" count="0" type="stmt"/>
        <line num="55" count="0" type="cond" truecount="0" falsecount="1"/>
        <line num="56" count="0" type="stmt"/>
        <line num="59" count="0" type="stmt"/>
        <line num="63" count="0" type="stmt"/>
        <line num="73" count="0" type="cond" truecount="0" falsecount="1"/>
        <line num="74" count="0" type="stmt"/>
        <line num="75" count="0" type="stmt"/>
        <line num="79" count="0" type="stmt"/>
        <line num="82" count="0" type="stmt"/>
        <line num="83" count="0" type="stmt"/>
        <line num="86" count="0" type="cond" truecount="0" falsecount="1"/>
        <line num="87" count="0" type="stmt"/>
        <line num="92" count="0" type="stmt"/>
      </file>
      <file name="require-permission.decorator.ts" path="/Users/bhakti/Work/research/sso-boilerplate-ts/sso-server/src/auth/permissions/require-permission.decorator.ts">
        <metrics statements="4" coveredstatements="4" conditionals="0" coveredconditionals="0" methods="1" coveredmethods="1"/>
        <line num="1" count="1" type="stmt"/>
        <line num="3" count="1" type="stmt"/>
        <line num="5" count="1" type="stmt"/>
        <line num="6" count="1" type="stmt"/>
      </file>
    </package>
    <package name="src.auth.strategies">
      <metrics statements="29" coveredstatements="25" conditionals="3" coveredconditionals="1" methods="4" coveredmethods="4"/>
      <file name="jwt.strategy.ts" path="/Users/bhakti/Work/research/sso-boilerplate-ts/sso-server/src/auth/strategies/jwt.strategy.ts">
        <metrics statements="18" coveredstatements="14" conditionals="2" coveredconditionals="0" methods="2" coveredmethods="2"/>
        <line num="1" count="1" type="stmt"/>
        <line num="2" count="1" type="stmt"/>
        <line num="3" count="1" type="stmt"/>
        <line num="4" count="1" type="stmt"/>
        <line num="5" count="1" type="stmt"/>
        <line num="18" count="1" type="stmt"/>
        <line num="20" count="4" type="stmt"/>
        <line num="21" count="4" type="stmt"/>
        <line num="26" count="4" type="cond" truecount="0" falsecount="1"/>
        <line num="33" count="0" type="stmt"/>
        <line num="37" count="4" type="stmt"/>
        <line num="38" count="4" type="cond" truecount="0" falsecount="1"/>
        <line num="39" count="0" type="stmt"/>
        <line num="41" count="4" type="stmt"/>
        <line num="43" count="0" type="stmt"/>
        <line num="47" count="0" type="stmt"/>
        <line num="50" count="4" type="stmt"/>
        <line num="64" count="2" type="stmt"/>
      </file>
      <file name="refresh-token.strategy.ts" path="/Users/bhakti/Work/research/sso-boilerplate-ts/sso-server/src/auth/strategies/refresh-token.strategy.ts">
        <metrics statements="11" coveredstatements="11" conditionals="1" coveredconditionals="1" methods="2" coveredmethods="2"/>
        <line num="1" count="1" type="stmt"/>
        <line num="2" count="1" type="stmt"/>
        <line num="4" count="1" type="stmt"/>
        <line num="5" count="1" type="stmt"/>
        <line num="14" count="1" type="stmt"/>
        <line num="19" count="3" type="stmt"/>
        <line num="36" count="2" type="stmt"/>
        <line num="38" count="2" type="cond" truecount="1" falsecount="0"/>
        <line num="39" count="1" type="stmt"/>
        <line num="41" count="1" type="stmt"/>
        <line num="42" count="1" type="stmt"/>
      </file>
    </package>
    <package name="src.common.decorators">
      <metrics statements="3" coveredstatements="3" conditionals="0" coveredconditionals="0" methods="1" coveredmethods="1"/>
      <file name="public.decorator.ts" path="/Users/bhakti/Work/research/sso-boilerplate-ts/sso-server/src/common/decorators/public.decorator.ts">
        <metrics statements="3" coveredstatements="3" conditionals="0" coveredconditionals="0" methods="1" coveredmethods="1"/>
        <line num="1" count="2" type="stmt"/>
        <line num="3" count="2" type="stmt"/>
        <line num="4" count="2" type="stmt"/>
      </file>
    </package>
    <package name="src.common.dto">
      <metrics statements="3" coveredstatements="3" conditionals="0" coveredconditionals="0" methods="0" coveredmethods="0"/>
      <file name="success-message-response.dto.ts" path="/Users/bhakti/Work/research/sso-boilerplate-ts/sso-server/src/common/dto/success-message-response.dto.ts">
        <metrics statements="3" coveredstatements="3" conditionals="0" coveredconditionals="0" methods="0" coveredmethods="0"/>
        <line num="1" count="1" type="stmt"/>
        <line num="6" count="1" type="stmt"/>
        <line num="11" count="1" type="stmt"/>
      </file>
    </package>
    <package name="src.common.filters">
      <metrics statements="13" coveredstatements="13" conditionals="6" coveredconditionals="6" methods="1" coveredmethods="1"/>
      <file name="all-exceptions.filter.ts" path="/Users/bhakti/Work/research/sso-boilerplate-ts/sso-server/src/common/filters/all-exceptions.filter.ts">
        <metrics statements="13" coveredstatements="13" conditionals="6" coveredconditionals="6" methods="1" coveredmethods="1"/>
        <line num="1" count="1" type="stmt"/>
        <line num="11" count="1" type="stmt"/>
        <line num="13" count="4" type="stmt"/>
        <line num="14" count="4" type="stmt"/>
        <line num="15" count="4" type="stmt"/>
        <line num="19" count="4" type="cond" truecount="2" falsecount="0"/>
        <line num="24" count="4" type="stmt"/>
        <line num="25" count="4" type="cond" truecount="2" falsecount="0"/>
        <line num="26" count="2" type="stmt"/>
        <line num="27" count="2" type="stmt"/>
        <line num="31" count="2" type="stmt"/>
        <line num="36" count="4" type="stmt"/>
        <line num="44" count="4" type="stmt"/>
      </file>
    </package>
    <package name="src.mail">
      <metrics statements="35" coveredstatements="4" conditionals="8" coveredconditionals="0" methods="3" coveredmethods="0"/>
      <file name="mail.module.ts" path="/Users/bhakti/Work/research/sso-boilerplate-ts/sso-server/src/mail/mail.module.ts">
        <metrics statements="4" coveredstatements="0" conditionals="0" coveredconditionals="0" methods="0" coveredmethods="0"/>
        <line num="1" count="0" type="stmt"/>
        <line num="2" count="0" type="stmt"/>
        <line num="3" count="0" type="stmt"/>
        <line num="10" count="0" type="stmt"/>
      </file>
      <file name="mail.service.ts" path="/Users/bhakti/Work/research/sso-boilerplate-ts/sso-server/src/mail/mail.service.ts">
        <metrics statements="31" coveredstatements="4" conditionals="8" coveredconditionals="0" methods="3" coveredmethods="0"/>
        <line num="1" count="2" type="stmt"/>
        <line num="2" count="2" type="stmt"/>
        <line num="3" count="2" type="stmt"/>
        <line num="7" count="2" type="stmt"/>
        <line num="10" count="0" type="stmt"/>
        <line num="12" count="0" type="stmt"/>
        <line num="23" count="0" type="cond" truecount="0" falsecount="4"/>
        <line num="24" count="0" type="stmt"/>
        <line num="28" count="0" type="stmt"/>
        <line num="30" count="0" type="stmt"/>
        <line num="40" count="0" type="stmt"/>
        <line num="44" count="0" type="stmt"/>
        <line num="45" count="0" type="stmt"/>
        <line num="50" count="0" type="stmt"/>
        <line num="53" count="0" type="stmt"/>
        <line num="55" count="0" type="stmt"/>
        <line num="57" count="0" type="stmt"/>
        <line num="64" count="0" type="stmt"/>
        <line num="66" count="0" type="stmt"/>
        <line num="68" count="0" type="stmt"/>
        <line num="81" count="0" type="stmt"/>
        <line num="85" count="0" type="stmt"/>
        <line num="86" count="0" type="stmt"/>
        <line num="91" count="0" type="stmt"/>
        <line num="94" count="0" type="stmt"/>
        <line num="95" count="0" type="stmt"/>
        <line num="97" count="0" type="stmt"/>
        <line num="98" count="0" type="stmt"/>
        <line num="105" count="0" type="stmt"/>
        <line num="107" count="0" type="stmt"/>
        <line num="108" count="0" type="stmt"/>
      </file>
    </package>
    <package name="src.prisma">
      <metrics statements="15" coveredstatements="4" conditionals="0" coveredconditionals="0" methods="3" coveredmethods="0"/>
      <file name="prisma.module.ts" path="/Users/bhakti/Work/research/sso-boilerplate-ts/sso-server/src/prisma/prisma.module.ts">
        <metrics statements="3" coveredstatements="0" conditionals="0" coveredconditionals="0" methods="0" coveredmethods="0"/>
        <line num="1" count="0" type="stmt"/>
        <line num="2" count="0" type="stmt"/>
        <line num="8" count="0" type="stmt"/>
      </file>
      <file name="prisma.service.ts" path="/Users/bhakti/Work/research/sso-boilerplate-ts/sso-server/src/prisma/prisma.service.ts">
        <metrics statements="12" coveredstatements="4" conditionals="0" coveredconditionals="0" methods="3" coveredmethods="0"/>
        <line num="1" count="5" type="stmt"/>
        <line num="2" count="5" type="stmt"/>
        <line num="3" count="5" type="stmt"/>
        <line num="6" count="5" type="stmt"/>
        <line num="11" count="0" type="stmt"/>
        <line num="12" count="0" type="stmt"/>
        <line num="17" count="0" type="stmt"/>
        <line num="18" count="0" type="stmt"/>
        <line num="19" count="0" type="stmt"/>
        <line num="24" count="0" type="stmt"/>
        <line num="25" count="0" type="stmt"/>
        <line num="26" count="0" type="stmt"/>
      </file>
    </package>
    <package name="src.user">
      <metrics statements="59" coveredstatements="52" conditionals="7" coveredconditionals="7" methods="10" coveredmethods="10"/>
      <file name="user.controller.ts" path="/Users/bhakti/Work/research/sso-boilerplate-ts/sso-server/src/user/user.controller.ts">
        <metrics statements="25" coveredstatements="25" conditionals="5" coveredconditionals="5" methods="3" coveredmethods="3"/>
        <line num="1" count="1" type="stmt"/>
        <line num="10" count="1" type="stmt"/>
        <line num="11" count="1" type="stmt"/>
        <line num="12" count="1" type="stmt"/>
        <line num="18" count="1" type="stmt"/>
        <line num="19" count="1" type="stmt"/>
        <line num="25" count="1" type="stmt"/>
        <line num="26" count="7" type="stmt"/>
        <line num="38" count="1" type="stmt"/>
        <line num="39" count="2" type="stmt"/>
        <line num="40" count="2" type="stmt"/>
        <line num="42" count="2" type="cond" truecount="1" falsecount="0"/>
        <line num="43" count="1" type="stmt"/>
        <line num="46" count="1" type="stmt"/>
        <line num="54" count="1" type="stmt"/>
        <line num="68" count="1" type="stmt"/>
        <line num="72" count="4" type="stmt"/>
        <line num="75" count="4" type="stmt"/>
        <line num="76" count="4" type="cond" truecount="1" falsecount="0"/>
        <line num="77" count="3" type="stmt"/>
        <line num="81" count="4" type="stmt"/>
        <line num="83" count="4" type="cond" truecount="1" falsecount="0"/>
        <line num="84" count="1" type="stmt"/>
        <line num="87" count="3" type="stmt"/>
        <line num="95" count="3" type="stmt"/>
      </file>
      <file name="user.module.ts" path="/Users/bhakti/Work/research/sso-boilerplate-ts/sso-server/src/user/user.module.ts">
        <metrics statements="5" coveredstatements="0" conditionals="0" coveredconditionals="0" methods="0" coveredmethods="0"/>
        <line num="1" count="0" type="stmt"/>
        <line num="2" count="0" type="stmt"/>
        <line num="3" count="0" type="stmt"/>
        <line num="4" count="0" type="stmt"/>
        <line num="12" count="0" type="stmt"/>
      </file>
      <file name="user.service.ts" path="/Users/bhakti/Work/research/sso-boilerplate-ts/sso-server/src/user/user.service.ts">
        <metrics statements="29" coveredstatements="27" conditionals="2" coveredconditionals="2" methods="7" coveredmethods="7"/>
        <line num="1" count="4" type="stmt"/>
        <line num="2" count="4" type="stmt"/>
        <line num="9" count="4" type="stmt"/>
        <line num="10" count="17" type="stmt"/>
        <line num="15" count="3" type="stmt"/>
        <line num="25" count="6" type="stmt"/>
        <line num="33" count="2" type="stmt"/>
        <line num="42" count="2" type="stmt"/>
        <line num="53" count="1" type="stmt"/>
        <line num="64" count="5" type="stmt"/>
        <line num="66" count="5" type="stmt"/>
        <line num="67" count="5" type="stmt"/>
        <line num="68" count="5" type="stmt"/>
        <line num="69" count="5" type="stmt"/>
        <line num="70" count="5" type="stmt"/>
        <line num="71" count="5" type="stmt"/>
        <line num="72" count="5" type="stmt"/>
        <line num="74" count="5" type="stmt"/>
        <line num="75" count="5" type="stmt"/>
        <line num="77" count="5" type="cond" truecount="1" falsecount="0"/>
        <line num="79" count="3" type="stmt"/>
        <line num="80" count="3" type="cond" truecount="1" falsecount="0"/>
        <line num="82" count="1" type="stmt"/>
        <line num="83" count="1" type="stmt"/>
        <line num="85" count="2" type="stmt"/>
        <line num="88" count="2" type="stmt"/>
        <line num="89" count="2" type="stmt"/>
        <line num="97" count="0" type="stmt"/>
        <line num="98" count="0" type="stmt"/>
      </file>
    </package>
    <package name="src.user.dto">
      <metrics statements="12" coveredstatements="11" conditionals="0" coveredconditionals="0" methods="1" coveredmethods="0"/>
      <file name="update-profile.dto.ts" path="/Users/bhakti/Work/research/sso-boilerplate-ts/sso-server/src/user/dto/update-profile.dto.ts">
        <metrics statements="5" coveredstatements="4" conditionals="0" coveredconditionals="0" methods="1" coveredmethods="0"/>
        <line num="1" count="1" type="stmt"/>
        <line num="2" count="1" type="stmt"/>
        <line num="4" count="1" type="stmt"/>
        <line num="12" count="0" type="stmt"/>
        <line num="17" count="1" type="stmt"/>
      </file>
      <file name="view-profile.dto.ts" path="/Users/bhakti/Work/research/sso-boilerplate-ts/sso-server/src/user/dto/view-profile.dto.ts">
        <metrics statements="7" coveredstatements="7" conditionals="0" coveredconditionals="0" methods="0" coveredmethods="0"/>
        <line num="1" count="1" type="stmt"/>
        <line num="3" count="1" type="stmt"/>
        <line num="5" count="1" type="stmt"/>
        <line num="8" count="1" type="stmt"/>
        <line num="11" count="1" type="stmt"/>
        <line num="14" count="1" type="stmt"/>
        <line num="17" count="1" type="stmt"/>
      </file>
    </package>
  </project>
</coverage>
