{"/Users/bhakti/sso-server/src/app.controller.ts": {"path":"/Users/bhakti/sso-server/src/app.controller.ts","statementMap":{"0":{"start":{"line":1,"column":0},"end":{"line":1,"column":49}},"1":{"start":{"line":2,"column":0},"end":{"line":2,"column":43}},"2":{"start":{"line":3,"column":0},"end":{"line":3,"column":69}},"3":{"start":{"line":7,"column":7},"end":{"line":31,"column":null}},"4":{"start":{"line":8,"column":31},"end":{"line":8,"column":43}},"5":{"start":{"line":18,"column":4},"end":{"line":18,"column":38}},"6":{"start":{"line":29,"column":4},"end":{"line":29,"column":39}},"7":{"start":{"line":7,"column":13},"end":{"line":7,"column":26}},"8":{"start":{"line":17,"column":2},"end":{"line":19,"column":null}},"9":{"start":{"line":28,"column":8},"end":{"line":30,"column":null}},"10":{"start":{"line":7,"column":13},"end":{"line":31,"column":null}}},"fnMap":{"0":{"name":"(anonymous_2)","decl":{"start":{"line":8,"column":2},"end":{"line":8,"column":31}},"loc":{"start":{"line":8,"column":53},"end":{"line":8,"column":57}}},"1":{"name":"(anonymous_3)","decl":{"start":{"line":17,"column":2},"end":{"line":17,"column":10}},"loc":{"start":{"line":17,"column":10},"end":{"line":19,"column":3}}},"2":{"name":"(anonymous_4)","decl":{"start":{"line":28,"column":2},"end":{"line":28,"column":7}},"loc":{"start":{"line":28,"column":17},"end":{"line":30,"column":3}}}},"branchMap":{},"s":{"0":1,"1":1,"2":1,"3":1,"4":1,"5":1,"6":0,"7":1,"8":1,"9":1,"10":1},"f":{"0":1,"1":1,"2":0},"b":{}}
,"/Users/bhakti/sso-server/src/app.module.ts": {"path":"/Users/bhakti/sso-server/src/app.module.ts","statementMap":{"0":{"start":{"line":1,"column":0},"end":{"line":1,"column":40}},"1":{"start":{"line":2,"column":0},"end":{"line":2,"column":49}},"2":{"start":{"line":3,"column":0},"end":{"line":3,"column":43}},"3":{"start":{"line":4,"column":0},"end":{"line":4,"column":54}},"4":{"start":{"line":5,"column":0},"end":{"line":5,"column":48}},"5":{"start":{"line":6,"column":0},"end":{"line":6,"column":48}},"6":{"start":{"line":7,"column":0},"end":{"line":7,"column":46}},"7":{"start":{"line":8,"column":0},"end":{"line":8,"column":68}},"8":{"start":{"line":9,"column":0},"end":{"line":9,"column":41}},"9":{"start":{"line":35,"column":7},"end":{"line":35,"column":null}},"10":{"start":{"line":35,"column":13},"end":{"line":35,"column":22}},"11":{"start":{"line":35,"column":13},"end":{"line":35,"column":null}}},"fnMap":{},"branchMap":{},"s":{"0":0,"1":0,"2":0,"3":0,"4":0,"5":0,"6":0,"7":0,"8":0,"9":0,"10":0,"11":0},"f":{},"b":{}}
,"/Users/bhakti/sso-server/src/app.service.ts": {"path":"/Users/bhakti/sso-server/src/app.service.ts","statementMap":{"0":{"start":{"line":1,"column":0},"end":{"line":1,"column":44}},"1":{"start":{"line":2,"column":0},"end":{"line":2,"column":56}},"2":{"start":{"line":5,"column":7},"end":{"line":44,"column":null}},"3":{"start":{"line":6,"column":22},"end":{"line":6,"column":30}},"4":{"start":{"line":9,"column":4},"end":{"line":9,"column":26}},"5":{"start":{"line":13,"column":25},"end":{"line":17,"column":6}},"6":{"start":{"line":19,"column":4},"end":{"line":25,"column":5}},"7":{"start":{"line":20,"column":6},"end":{"line":20,"column":50}},"8":{"start":{"line":21,"column":6},"end":{"line":21,"column":39}},"9":{"start":{"line":23,"column":6},"end":{"line":23,"column":55}},"10":{"start":{"line":24,"column":6},"end":{"line":24,"column":95}},"11":{"start":{"line":27,"column":4},"end":{"line":33,"column":5}},"12":{"start":{"line":28,"column":6},"end":{"line":28,"column":58}},"13":{"start":{"line":29,"column":6},"end":{"line":29,"column":39}},"14":{"start":{"line":31,"column":6},"end":{"line":31,"column":57}},"15":{"start":{"line":32,"column":6},"end":{"line":32,"column":95}},"16":{"start":{"line":35,"column":4},"end":{"line":40,"column":5}},"17":{"start":{"line":39,"column":6},"end":{"line":39,"column":38}},"18":{"start":{"line":42,"column":4},"end":{"line":42,"column":24}},"19":{"start":{"line":5,"column":13},"end":{"line":5,"column":23}},"20":{"start":{"line":5,"column":13},"end":{"line":44,"column":null}}},"fnMap":{"0":{"name":"(anonymous_2)","decl":{"start":{"line":6,"column":2},"end":{"line":6,"column":22}},"loc":{"start":{"line":6,"column":43},"end":{"line":6,"column":47}}},"1":{"name":"(anonymous_3)","decl":{"start":{"line":8,"column":2},"end":{"line":8,"column":10}},"loc":{"start":{"line":8,"column":10},"end":{"line":10,"column":3}}},"2":{"name":"(anonymous_4)","decl":{"start":{"line":12,"column":2},"end":{"line":12,"column":7}},"loc":{"start":{"line":12,"column":17},"end":{"line":43,"column":3}}}},"branchMap":{"0":{"loc":{"start":{"line":24,"column":38},"end":{"line":24,"column":92}},"type":"cond-expr","locations":[{"start":{"line":24,"column":63},"end":{"line":24,"column":76}},{"start":{"line":24,"column":79},"end":{"line":24,"column":92}}]},"1":{"loc":{"start":{"line":32,"column":38},"end":{"line":32,"column":92}},"type":"cond-expr","locations":[{"start":{"line":32,"column":63},"end":{"line":32,"column":76}},{"start":{"line":32,"column":79},"end":{"line":32,"column":92}}]},"2":{"loc":{"start":{"line":35,"column":4},"end":{"line":40,"column":5}},"type":"if","locations":[{"start":{"line":35,"column":4},"end":{"line":40,"column":5}}]},"3":{"loc":{"start":{"line":36,"column":6},"end":{"line":37,"column":40}},"type":"binary-expr","locations":[{"start":{"line":36,"column":6},"end":{"line":36,"column":40}},{"start":{"line":37,"column":6},"end":{"line":37,"column":40}}]}},"s":{"0":1,"1":1,"2":1,"3":1,"4":1,"5":0,"6":0,"7":0,"8":0,"9":0,"10":0,"11":0,"12":0,"13":0,"14":0,"15":0,"16":0,"17":0,"18":0,"19":1,"20":1},"f":{"0":1,"1":1,"2":0},"b":{"0":[0,0],"1":[0,0],"2":[0],"3":[0,0]}}
,"/Users/bhakti/sso-server/src/main.ts": {"path":"/Users/bhakti/sso-server/src/main.ts","statementMap":{"0":{"start":{"line":1,"column":0},"end":{"line":1,"column":43}},"1":{"start":{"line":2,"column":0},"end":{"line":2,"column":41}},"2":{"start":{"line":3,"column":0},"end":{"line":3,"column":48}},"3":{"start":{"line":4,"column":0},"end":{"line":4,"column":65}},"4":{"start":{"line":5,"column":0},"end":{"line":5,"column":77}},"5":{"start":{"line":8,"column":14},"end":{"line":8,"column":49}},"6":{"start":{"line":10,"column":2},"end":{"line":10,"column":50}},"7":{"start":{"line":12,"column":2},"end":{"line":18,"column":4}},"8":{"start":{"line":20,"column":17},"end":{"line":37,"column":12}},"9":{"start":{"line":38,"column":19},"end":{"line":38,"column":60}},"10":{"start":{"line":39,"column":2},"end":{"line":39,"column":44}},"11":{"start":{"line":41,"column":15},"end":{"line":41,"column":39}},"12":{"start":{"line":43,"column":2},"end":{"line":43,"column":25}},"13":{"start":{"line":44,"column":2},"end":{"line":44,"column":70}},"14":{"start":{"line":46,"column":0},"end":{"line":46,"column":12}}},"fnMap":{"0":{"name":"bootstrap","decl":{"start":{"line":7,"column":15},"end":{"line":7,"column":24}},"loc":{"start":{"line":7,"column":24},"end":{"line":45,"column":1}}}},"branchMap":{"0":{"loc":{"start":{"line":41,"column":15},"end":{"line":41,"column":39}},"type":"binary-expr","locations":[{"start":{"line":41,"column":15},"end":{"line":41,"column":31}},{"start":{"line":41,"column":35},"end":{"line":41,"column":39}}]}},"s":{"0":0,"1":0,"2":0,"3":0,"4":0,"5":0,"6":0,"7":0,"8":0,"9":0,"10":0,"11":0,"12":0,"13":0,"14":0},"f":{"0":0},"b":{"0":[0,0]}}
,"/Users/bhakti/sso-server/src/auth/auth.controller.ts": {"path":"/Users/bhakti/sso-server/src/auth/auth.controller.ts","statementMap":{"0":{"start":{"line":1,"column":0},"end":{"line":1,"column":null}},"1":{"start":{"line":12,"column":0},"end":{"line":12,"column":null}},"2":{"start":{"line":20,"column":0},"end":{"line":20,"column":45}},"3":{"start":{"line":21,"column":0},"end":{"line":21,"column":59}},"4":{"start":{"line":22,"column":0},"end":{"line":22,"column":55}},"5":{"start":{"line":23,"column":0},"end":{"line":23,"column":65}},"6":{"start":{"line":25,"column":0},"end":{"line":25,"column":48}},"7":{"start":{"line":26,"column":0},"end":{"line":26,"column":42}},"8":{"start":{"line":27,"column":0},"end":{"line":27,"column":49}},"9":{"start":{"line":28,"column":0},"end":{"line":28,"column":49}},"10":{"start":{"line":29,"column":0},"end":{"line":29,"column":43}},"11":{"start":{"line":30,"column":0},"end":{"line":30,"column":46}},"12":{"start":{"line":31,"column":0},"end":{"line":31,"column":64}},"13":{"start":{"line":32,"column":0},"end":{"line":32,"column":60}},"14":{"start":{"line":33,"column":0},"end":{"line":33,"column":89}},"15":{"start":{"line":34,"column":0},"end":{"line":34,"column":62}},"16":{"start":{"line":35,"column":0},"end":{"line":35,"column":60}},"17":{"start":{"line":57,"column":2},"end":{"line":57,"column":null}},"18":{"start":{"line":62,"column":7},"end":{"line":253,"column":null}},"19":{"start":{"line":63,"column":22},"end":{"line":63,"column":35}},"20":{"start":{"line":83,"column":4},"end":{"line":83,"column":50}},"21":{"start":{"line":106,"column":4},"end":{"line":106,"column":44}},"22":{"start":{"line":126,"column":4},"end":{"line":126,"column":51}},"23":{"start":{"line":128,"column":4},"end":{"line":128,"column":50}},"24":{"start":{"line":155,"column":19},"end":{"line":155,"column":31}},"25":{"start":{"line":156,"column":25},"end":{"line":156,"column":46}},"26":{"start":{"line":157,"column":4},"end":{"line":157,"column":64}},"27":{"start":{"line":179,"column":44},"end":{"line":184,"column":6}},"28":{"start":{"line":185,"column":4},"end":{"line":185,"column":23}},"29":{"start":{"line":201,"column":4},"end":{"line":201,"column":47}},"30":{"start":{"line":213,"column":4},"end":{"line":216,"column":6}},"31":{"start":{"line":232,"column":4},"end":{"line":232,"column":68}},"32":{"start":{"line":251,"column":4},"end":{"line":251,"column":60}},"33":{"start":{"line":62,"column":13},"end":{"line":62,"column":27}},"34":{"start":{"line":80,"column":8},"end":{"line":84,"column":null}},"35":{"start":{"line":105,"column":2},"end":{"line":107,"column":null}},"36":{"start":{"line":125,"column":8},"end":{"line":129,"column":null}},"37":{"start":{"line":154,"column":8},"end":{"line":158,"column":null}},"38":{"start":{"line":175,"column":2},"end":{"line":186,"column":null}},"39":{"start":{"line":198,"column":8},"end":{"line":202,"column":null}},"40":{"start":{"line":212,"column":2},"end":{"line":217,"column":null}},"41":{"start":{"line":229,"column":8},"end":{"line":233,"column":null}},"42":{"start":{"line":248,"column":8},"end":{"line":252,"column":null}},"43":{"start":{"line":62,"column":13},"end":{"line":253,"column":null}}},"fnMap":{"0":{"name":"(anonymous_4)","decl":{"start":{"line":63,"column":2},"end":{"line":63,"column":22}},"loc":{"start":{"line":63,"column":46},"end":{"line":63,"column":50}}},"1":{"name":"(anonymous_5)","decl":{"start":{"line":80,"column":2},"end":{"line":80,"column":7}},"loc":{"start":{"line":81,"column":36},"end":{"line":84,"column":3}}},"2":{"name":"(anonymous_6)","decl":{"start":{"line":105,"column":2},"end":{"line":105,"column":7}},"loc":{"start":{"line":105,"column":51},"end":{"line":107,"column":3}}},"3":{"name":"(anonymous_7)","decl":{"start":{"line":125,"column":2},"end":{"line":125,"column":7}},"loc":{"start":{"line":125,"column":64},"end":{"line":129,"column":3}}},"4":{"name":"(anonymous_8)","decl":{"start":{"line":154,"column":2},"end":{"line":154,"column":7}},"loc":{"start":{"line":154,"column":76},"end":{"line":158,"column":3}}},"5":{"name":"(anonymous_9)","decl":{"start":{"line":175,"column":2},"end":{"line":175,"column":12}},"loc":{"start":{"line":176,"column":53},"end":{"line":186,"column":3}}},"6":{"name":"(anonymous_10)","decl":{"start":{"line":198,"column":2},"end":{"line":198,"column":7}},"loc":{"start":{"line":199,"column":33},"end":{"line":202,"column":3}}},"7":{"name":"(anonymous_11)","decl":{"start":{"line":212,"column":2},"end":{"line":212,"column":19}},"loc":{"start":{"line":212,"column":69},"end":{"line":217,"column":3}}},"8":{"name":"(anonymous_12)","decl":{"start":{"line":229,"column":2},"end":{"line":229,"column":7}},"loc":{"start":{"line":230,"column":48},"end":{"line":233,"column":3}}},"9":{"name":"(anonymous_13)","decl":{"start":{"line":248,"column":2},"end":{"line":248,"column":7}},"loc":{"start":{"line":249,"column":46},"end":{"line":252,"column":3}}}},"branchMap":{"0":{"loc":{"start":{"line":182,"column":12},"end":{"line":182,"column":33}},"type":"binary-expr","locations":[{"start":{"line":182,"column":12},"end":{"line":182,"column":25}},{"start":{"line":182,"column":29},"end":{"line":182,"column":33}}]}},"s":{"0":1,"1":1,"2":1,"3":1,"4":1,"5":1,"6":1,"7":1,"8":1,"9":1,"10":1,"11":1,"12":1,"13":1,"14":1,"15":1,"16":1,"17":1,"18":1,"19":12,"20":0,"21":0,"22":2,"23":2,"24":2,"25":2,"26":2,"27":1,"28":1,"29":2,"30":0,"31":2,"32":2,"33":1,"34":1,"35":1,"36":1,"37":1,"38":1,"39":1,"40":1,"41":1,"42":1,"43":1},"f":{"0":12,"1":0,"2":0,"3":2,"4":2,"5":1,"6":2,"7":0,"8":2,"9":2},"b":{"0":[1,0]}}
,"/Users/bhakti/sso-server/src/auth/auth.module.ts": {"path":"/Users/bhakti/sso-server/src/auth/auth.module.ts","statementMap":{"0":{"start":{"line":1,"column":0},"end":{"line":1,"column":40}},"1":{"start":{"line":2,"column":0},"end":{"line":2,"column":45}},"2":{"start":{"line":3,"column":0},"end":{"line":3,"column":51}},"3":{"start":{"line":4,"column":0},"end":{"line":4,"column":51}},"4":{"start":{"line":5,"column":0},"end":{"line":5,"column":50}},"5":{"start":{"line":6,"column":0},"end":{"line":6,"column":40}},"6":{"start":{"line":7,"column":0},"end":{"line":7,"column":43}},"7":{"start":{"line":8,"column":0},"end":{"line":8,"column":60}},"8":{"start":{"line":9,"column":0},"end":{"line":9,"column":56}},"9":{"start":{"line":10,"column":0},"end":{"line":10,"column":75}},"10":{"start":{"line":11,"column":0},"end":{"line":11,"column":51}},"11":{"start":{"line":12,"column":0},"end":{"line":12,"column":57}},"12":{"start":{"line":13,"column":0},"end":{"line":13,"column":47}},"13":{"start":{"line":14,"column":0},"end":{"line":14,"column":25}},"14":{"start":{"line":55,"column":7},"end":{"line":55,"column":null}},"15":{"start":{"line":55,"column":13},"end":{"line":55,"column":23}},"16":{"start":{"line":55,"column":13},"end":{"line":55,"column":null}},"17":{"start":{"line":27,"column":8},"end":{"line":39,"column":9}},"18":{"start":{"line":28,"column":33},"end":{"line":28,"column":67}},"19":{"start":{"line":29,"column":32},"end":{"line":29,"column":65}},"20":{"start":{"line":30,"column":10},"end":{"line":30,"column":63}},"21":{"start":{"line":31,"column":10},"end":{"line":31,"column":61}},"22":{"start":{"line":33,"column":10},"end":{"line":33,"column":58}},"23":{"start":{"line":35,"column":12},"end":{"line":35,"column":66}},"24":{"start":{"line":36,"column":10},"end":{"line":38,"column":12}},"25":{"start":{"line":41,"column":8},"end":{"line":48,"column":10}}},"fnMap":{"0":{"name":"(anonymous_1)","decl":{"start":{"line":24,"column":18},"end":{"line":24,"column":21}},"loc":{"start":{"line":24,"column":23},"end":{"line":49,"column":7}}}},"branchMap":{"0":{"loc":{"start":{"line":35,"column":12},"end":{"line":35,"column":66}},"type":"cond-expr","locations":[{"start":{"line":35,"column":37},"end":{"line":35,"column":50}},{"start":{"line":35,"column":53},"end":{"line":35,"column":66}}]}},"s":{"0":0,"1":0,"2":0,"3":0,"4":0,"5":0,"6":0,"7":0,"8":0,"9":0,"10":0,"11":0,"12":0,"13":0,"14":0,"15":0,"16":0,"17":0,"18":0,"19":0,"20":0,"21":0,"22":0,"23":0,"24":0,"25":0},"f":{"0":0},"b":{"0":[0,0]}}
,"/Users/bhakti/sso-server/src/auth/auth.service.ts": {"path":"/Users/bhakti/sso-server/src/auth/auth.service.ts","statementMap":{"0":{"start":{"line":1,"column":0},"end":{"line":1,"column":null}},"1":{"start":{"line":8,"column":0},"end":{"line":8,"column":53}},"2":{"start":{"line":9,"column":0},"end":{"line":9,"column":53}},"3":{"start":{"line":10,"column":0},"end":{"line":10,"column":41}},"4":{"start":{"line":11,"column":0},"end":{"line":11,"column":33}},"5":{"start":{"line":12,"column":0},"end":{"line":12,"column":33}},"6":{"start":{"line":14,"column":0},"end":{"line":14,"column":43}},"7":{"start":{"line":16,"column":0},"end":{"line":16,"column":59}},"8":{"start":{"line":24,"column":7},"end":{"line":378,"column":null}},"9":{"start":{"line":26,"column":12},"end":{"line":26,"column":25}},"10":{"start":{"line":27,"column":12},"end":{"line":27,"column":24}},"11":{"start":{"line":28,"column":12},"end":{"line":28,"column":25}},"12":{"start":{"line":29,"column":12},"end":{"line":29,"column":20}},"13":{"start":{"line":37,"column":17},"end":{"line":37,"column":61}},"14":{"start":{"line":40,"column":4},"end":{"line":51,"column":5}},"15":{"start":{"line":42,"column":6},"end":{"line":47,"column":7}},"16":{"start":{"line":44,"column":8},"end":{"line":46,"column":10}},"17":{"start":{"line":49,"column":38},"end":{"line":49,"column":42}},"18":{"start":{"line":50,"column":6},"end":{"line":50,"column":20}},"19":{"start":{"line":53,"column":4},"end":{"line":53,"column":16}},"20":{"start":{"line":60,"column":31},"end":{"line":65,"column":6}},"21":{"start":{"line":66,"column":32},"end":{"line":69,"column":6}},"22":{"start":{"line":71,"column":40},"end":{"line":78,"column":6}},"23":{"start":{"line":80,"column":4},"end":{"line":83,"column":6}},"24":{"start":{"line":93,"column":23},"end":{"line":93,"column":25}},"25":{"start":{"line":94,"column":31},"end":{"line":94,"column":74}},"26":{"start":{"line":95,"column":4},"end":{"line":95,"column":74}},"27":{"start":{"line":102,"column":19},"end":{"line":102,"column":51}},"28":{"start":{"line":103,"column":4},"end":{"line":103,"column":70}},"29":{"start":{"line":104,"column":4},"end":{"line":104,"column":18}},"30":{"start":{"line":112,"column":4},"end":{"line":112,"column":60}},"31":{"start":{"line":119,"column":17},"end":{"line":119,"column":56}},"32":{"start":{"line":121,"column":4},"end":{"line":123,"column":5}},"33":{"start":{"line":122,"column":6},"end":{"line":122,"column":77}},"34":{"start":{"line":126,"column":32},"end":{"line":128,"column":null}},"35":{"start":{"line":131,"column":4},"end":{"line":135,"column":5}},"36":{"start":{"line":134,"column":6},"end":{"line":134,"column":75}},"37":{"start":{"line":138,"column":19},"end":{"line":138,"column":51}},"38":{"start":{"line":140,"column":4},"end":{"line":140,"column":70}},"39":{"start":{"line":142,"column":4},"end":{"line":142,"column":18}},"40":{"start":{"line":149,"column":17},"end":{"line":149,"column":61}},"41":{"start":{"line":150,"column":4},"end":{"line":155,"column":5}},"42":{"start":{"line":151,"column":6},"end":{"line":151,"column":78}},"43":{"start":{"line":152,"column":6},"end":{"line":154,"column":8}},"44":{"start":{"line":157,"column":21},"end":{"line":157,"column":59}},"45":{"start":{"line":159,"column":24},"end":{"line":162,"column":20}},"46":{"start":{"line":164,"column":20},"end":{"line":164,"column":30}},"47":{"start":{"line":165,"column":4},"end":{"line":165,"column":45}},"48":{"start":{"line":167,"column":4},"end":{"line":181,"column":5}},"49":{"start":{"line":169,"column":6},"end":{"line":175,"column":9}},"50":{"start":{"line":177,"column":6},"end":{"line":177,"column":70}},"51":{"start":{"line":178,"column":6},"end":{"line":180,"column":8}},"52":{"start":{"line":183,"column":4},"end":{"line":191,"column":5}},"53":{"start":{"line":184,"column":6},"end":{"line":188,"column":8}},"54":{"start":{"line":190,"column":6},"end":{"line":190,"column":66}},"55":{"start":{"line":193,"column":4},"end":{"line":195,"column":6}},"56":{"start":{"line":204,"column":55},"end":{"line":204,"column":71}},"57":{"start":{"line":207,"column":24},"end":{"line":210,"column":20}},"58":{"start":{"line":213,"column":17},"end":{"line":215,"column":6}},"59":{"start":{"line":217,"column":4},"end":{"line":219,"column":5}},"60":{"start":{"line":218,"column":6},"end":{"line":218,"column":73}},"61":{"start":{"line":220,"column":4},"end":{"line":227,"column":5}},"62":{"start":{"line":222,"column":6},"end":{"line":225,"column":9}},"63":{"start":{"line":226,"column":6},"end":{"line":226,"column":79}},"64":{"start":{"line":230,"column":23},"end":{"line":230,"column":25}},"65":{"start":{"line":231,"column":30},"end":{"line":231,"column":72}},"66":{"start":{"line":233,"column":4},"end":{"line":244,"column":5}},"67":{"start":{"line":235,"column":6},"end":{"line":235,"column":72}},"68":{"start":{"line":237,"column":6},"end":{"line":240,"column":9}},"69":{"start":{"line":242,"column":6},"end":{"line":242,"column":67}},"70":{"start":{"line":243,"column":6},"end":{"line":243,"column":76}},"71":{"start":{"line":246,"column":4},"end":{"line":246,"column":53}},"72":{"start":{"line":256,"column":25},"end":{"line":257,"column":null}},"73":{"start":{"line":259,"column":4},"end":{"line":271,"column":5}},"74":{"start":{"line":262,"column":6},"end":{"line":269,"column":7}},"75":{"start":{"line":266,"column":8},"end":{"line":268,"column":10}},"76":{"start":{"line":270,"column":6},"end":{"line":270,"column":78}},"77":{"start":{"line":273,"column":23},"end":{"line":273,"column":25}},"78":{"start":{"line":274,"column":27},"end":{"line":276,"column":null}},"79":{"start":{"line":281,"column":4},"end":{"line":293,"column":5}},"80":{"start":{"line":282,"column":6},"end":{"line":286,"column":9}},"81":{"start":{"line":288,"column":6},"end":{"line":288,"column":74}},"82":{"start":{"line":289,"column":22},"end":{"line":289,"column":76}},"83":{"start":{"line":290,"column":6},"end":{"line":292,"column":8}},"84":{"start":{"line":296,"column":21},"end":{"line":296,"column":59}},"85":{"start":{"line":297,"column":24},"end":{"line":300,"column":20}},"86":{"start":{"line":303,"column":4},"end":{"line":305,"column":6}},"87":{"start":{"line":306,"column":4},"end":{"line":317,"column":5}},"88":{"start":{"line":307,"column":6},"end":{"line":310,"column":9}},"89":{"start":{"line":312,"column":6},"end":{"line":312,"column":69}},"90":{"start":{"line":314,"column":6},"end":{"line":316,"column":8}},"91":{"start":{"line":320,"column":4},"end":{"line":322,"column":6}},"92":{"start":{"line":323,"column":4},"end":{"line":332,"column":5}},"93":{"start":{"line":324,"column":6},"end":{"line":328,"column":8}},"94":{"start":{"line":330,"column":6},"end":{"line":330,"column":64}},"95":{"start":{"line":335,"column":4},"end":{"line":337,"column":6}},"96":{"start":{"line":345,"column":24},"end":{"line":348,"column":20}},"97":{"start":{"line":351,"column":17},"end":{"line":353,"column":6}},"98":{"start":{"line":356,"column":4},"end":{"line":360,"column":5}},"99":{"start":{"line":357,"column":6},"end":{"line":359,"column":8}},"100":{"start":{"line":363,"column":4},"end":{"line":374,"column":5}},"101":{"start":{"line":364,"column":6},"end":{"line":370,"column":9}},"102":{"start":{"line":372,"column":6},"end":{"line":372,"column":53}},"103":{"start":{"line":373,"column":6},"end":{"line":373,"column":75}},"104":{"start":{"line":376,"column":4},"end":{"line":376,"column":55}},"105":{"start":{"line":24,"column":13},"end":{"line":24,"column":24}},"106":{"start":{"line":24,"column":13},"end":{"line":378,"column":null}}},"fnMap":{"0":{"name":"(anonymous_2)","decl":{"start":{"line":25,"column":2},"end":{"line":25,"column":null}},"loc":{"start":{"line":29,"column":33},"end":{"line":30,"column":6}}},"1":{"name":"(anonymous_3)","decl":{"start":{"line":36,"column":2},"end":{"line":36,"column":7}},"loc":{"start":{"line":36,"column":48},"end":{"line":54,"column":3}}},"2":{"name":"(anonymous_4)","decl":{"start":{"line":59,"column":10},"end":{"line":59,"column":15}},"loc":{"start":{"line":59,"column":49},"end":{"line":84,"column":3}}},"3":{"name":"(anonymous_5)","decl":{"start":{"line":89,"column":10},"end":{"line":89,"column":15}},"loc":{"start":{"line":91,"column":24},"end":{"line":96,"column":3}}},"4":{"name":"(anonymous_6)","decl":{"start":{"line":101,"column":2},"end":{"line":101,"column":7}},"loc":{"start":{"line":101,"column":31},"end":{"line":105,"column":3}}},"5":{"name":"(anonymous_7)","decl":{"start":{"line":110,"column":2},"end":{"line":110,"column":7}},"loc":{"start":{"line":110,"column":29},"end":{"line":113,"column":3}}},"6":{"name":"(anonymous_8)","decl":{"start":{"line":118,"column":2},"end":{"line":118,"column":7}},"loc":{"start":{"line":118,"column":58},"end":{"line":143,"column":3}}},"7":{"name":"(anonymous_9)","decl":{"start":{"line":148,"column":2},"end":{"line":148,"column":7}},"loc":{"start":{"line":148,"column":36},"end":{"line":196,"column":3}}},"8":{"name":"(anonymous_10)","decl":{"start":{"line":201,"column":2},"end":{"line":201,"column":7}},"loc":{"start":{"line":202,"column":38},"end":{"line":247,"column":3}}},"9":{"name":"(anonymous_11)","decl":{"start":{"line":253,"column":2},"end":{"line":253,"column":7}},"loc":{"start":{"line":254,"column":46},"end":{"line":338,"column":3}}},"10":{"name":"(anonymous_12)","decl":{"start":{"line":343,"column":2},"end":{"line":343,"column":7}},"loc":{"start":{"line":343,"column":36},"end":{"line":377,"column":3}}}},"branchMap":{"0":{"loc":{"start":{"line":40,"column":4},"end":{"line":51,"column":5}},"type":"if","locations":[{"start":{"line":40,"column":4},"end":{"line":51,"column":5}}]},"1":{"loc":{"start":{"line":40,"column":8},"end":{"line":40,"column":59}},"type":"binary-expr","locations":[{"start":{"line":40,"column":8},"end":{"line":40,"column":12}},{"start":{"line":40,"column":17},"end":{"line":40,"column":58}}]},"2":{"loc":{"start":{"line":42,"column":6},"end":{"line":47,"column":7}},"type":"if","locations":[{"start":{"line":42,"column":6},"end":{"line":47,"column":7}}]},"3":{"loc":{"start":{"line":121,"column":4},"end":{"line":123,"column":5}},"type":"if","locations":[{"start":{"line":121,"column":4},"end":{"line":123,"column":5}}]},"4":{"loc":{"start":{"line":121,"column":8},"end":{"line":121,"column":41}},"type":"binary-expr","locations":[{"start":{"line":121,"column":8},"end":{"line":121,"column":13}},{"start":{"line":121,"column":17},"end":{"line":121,"column":41}}]},"5":{"loc":{"start":{"line":131,"column":4},"end":{"line":135,"column":5}},"type":"if","locations":[{"start":{"line":131,"column":4},"end":{"line":135,"column":5}}]},"6":{"loc":{"start":{"line":150,"column":4},"end":{"line":155,"column":5}},"type":"if","locations":[{"start":{"line":150,"column":4},"end":{"line":155,"column":5}}]},"7":{"loc":{"start":{"line":186,"column":8},"end":{"line":186,"column":31}},"type":"binary-expr","locations":[{"start":{"line":186,"column":8},"end":{"line":186,"column":17}},{"start":{"line":186,"column":21},"end":{"line":186,"column":31}}]},"8":{"loc":{"start":{"line":217,"column":4},"end":{"line":219,"column":5}},"type":"if","locations":[{"start":{"line":217,"column":4},"end":{"line":219,"column":5}}]},"9":{"loc":{"start":{"line":220,"column":4},"end":{"line":227,"column":5}},"type":"if","locations":[{"start":{"line":220,"column":4},"end":{"line":227,"column":5}}]},"10":{"loc":{"start":{"line":220,"column":8},"end":{"line":220,"column":76}},"type":"binary-expr","locations":[{"start":{"line":220,"column":8},"end":{"line":220,"column":34}},{"start":{"line":220,"column":38},"end":{"line":220,"column":76}}]},"11":{"loc":{"start":{"line":259,"column":4},"end":{"line":271,"column":5}},"type":"if","locations":[{"start":{"line":259,"column":4},"end":{"line":271,"column":5}}]},"12":{"loc":{"start":{"line":262,"column":6},"end":{"line":269,"column":7}},"type":"if","locations":[{"start":{"line":262,"column":6},"end":{"line":269,"column":7}}]},"13":{"loc":{"start":{"line":289,"column":22},"end":{"line":289,"column":76}},"type":"cond-expr","locations":[{"start":{"line":289,"column":47},"end":{"line":289,"column":60}},{"start":{"line":289,"column":63},"end":{"line":289,"column":76}}]},"14":{"loc":{"start":{"line":326,"column":8},"end":{"line":326,"column":34}},"type":"binary-expr","locations":[{"start":{"line":326,"column":8},"end":{"line":326,"column":20}},{"start":{"line":326,"column":24},"end":{"line":326,"column":34}}]},"15":{"loc":{"start":{"line":356,"column":4},"end":{"line":360,"column":5}},"type":"if","locations":[{"start":{"line":356,"column":4},"end":{"line":360,"column":5}}]}},"s":{"0":2,"1":2,"2":2,"3":2,"4":2,"5":2,"6":2,"7":2,"8":2,"9":20,"10":20,"11":20,"12":20,"13":5,"14":5,"15":3,"16":2,"17":1,"18":1,"19":2,"20":2,"21":2,"22":2,"23":2,"24":2,"25":2,"26":2,"27":1,"28":1,"29":1,"30":1,"31":7,"32":7,"33":4,"34":3,"35":3,"36":2,"37":1,"38":1,"39":1,"40":2,"41":2,"42":1,"43":1,"44":1,"45":1,"46":1,"47":1,"48":1,"49":1,"50":0,"51":0,"52":1,"53":1,"54":0,"55":1,"56":3,"57":3,"58":3,"59":3,"60":0,"61":3,"62":2,"63":2,"64":1,"65":1,"66":1,"67":1,"68":1,"69":0,"70":0,"71":1,"72":5,"73":5,"74":4,"75":2,"76":2,"77":1,"78":1,"79":1,"80":1,"81":0,"82":0,"83":0,"84":1,"85":1,"86":1,"87":1,"88":1,"89":0,"90":0,"91":1,"92":1,"93":1,"94":0,"95":1,"96":3,"97":3,"98":3,"99":2,"100":1,"101":1,"102":0,"103":0,"104":1,"105":2,"106":2},"f":{"0":20,"1":5,"2":2,"3":2,"4":1,"5":1,"6":7,"7":2,"8":3,"9":5,"10":3},"b":{"0":[3],"1":[5,4],"2":[2],"3":[4],"4":[7,5],"5":[2],"6":[1],"7":[1,0],"8":[0],"9":[2],"10":[3,3],"11":[4],"12":[2],"13":[0,0],"14":[1,0],"15":[2]}}
,"/Users/bhakti/sso-server/src/auth/constants.ts": {"path":"/Users/bhakti/sso-server/src/auth/constants.ts","statementMap":{"0":{"start":{"line":1,"column":0},"end":{"line":1,"column":29}},"1":{"start":{"line":4,"column":0},"end":{"line":6,"column":1}},"2":{"start":{"line":5,"column":2},"end":{"line":5,"column":67}},"3":{"start":{"line":8,"column":13},"end":{"line":22,"column":2}}},"fnMap":{},"branchMap":{"0":{"loc":{"start":{"line":4,"column":0},"end":{"line":6,"column":1}},"type":"if","locations":[{"start":{"line":4,"column":0},"end":{"line":6,"column":1}}]},"1":{"loc":{"start":{"line":19,"column":15},"end":{"line":19,"column":68}},"type":"binary-expr","locations":[{"start":{"line":19,"column":15},"end":{"line":19,"column":60}},{"start":{"line":19,"column":64},"end":{"line":19,"column":68}}]}},"s":{"0":2,"1":2,"2":0,"3":2},"f":{},"b":{"0":[0],"1":[2,0]}}
,"/Users/bhakti/sso-server/src/auth/dto/forgot-password.dto.ts": {"path":"/Users/bhakti/sso-server/src/auth/dto/forgot-password.dto.ts","statementMap":{"0":{"start":{"line":1,"column":0},"end":{"line":1,"column":54}},"1":{"start":{"line":2,"column":0},"end":{"line":2,"column":46}},"2":{"start":{"line":4,"column":0},"end":{"line":4,"column":13}},"3":{"start":{"line":11,"column":2},"end":{"line":11,"column":null}}},"fnMap":{},"branchMap":{},"s":{"0":1,"1":1,"2":1,"3":1},"f":{},"b":{}}
,"/Users/bhakti/sso-server/src/auth/dto/login-response.dto.ts": {"path":"/Users/bhakti/sso-server/src/auth/dto/login-response.dto.ts","statementMap":{"0":{"start":{"line":1,"column":0},"end":{"line":1,"column":46}},"1":{"start":{"line":3,"column":0},"end":{"line":3,"column":13}},"2":{"start":{"line":8,"column":2},"end":{"line":8,"column":null}},"3":{"start":{"line":14,"column":2},"end":{"line":14,"column":null}}},"fnMap":{},"branchMap":{},"s":{"0":1,"1":1,"2":1,"3":1},"f":{},"b":{}}
,"/Users/bhakti/sso-server/src/auth/dto/login.dto.ts": {"path":"/Users/bhakti/sso-server/src/auth/dto/login.dto.ts","statementMap":{"0":{"start":{"line":1,"column":0},"end":{"line":1,"column":75}},"1":{"start":{"line":2,"column":0},"end":{"line":2,"column":46}},"2":{"start":{"line":4,"column":0},"end":{"line":4,"column":13}},"3":{"start":{"line":11,"column":2},"end":{"line":11,"column":null}},"4":{"start":{"line":25,"column":2},"end":{"line":25,"column":null}}},"fnMap":{},"branchMap":{},"s":{"0":1,"1":1,"2":1,"3":1,"4":1},"f":{},"b":{}}
,"/Users/bhakti/sso-server/src/auth/dto/profile-response.dto.ts": {"path":"/Users/bhakti/sso-server/src/auth/dto/profile-response.dto.ts","statementMap":{"0":{"start":{"line":1,"column":0},"end":{"line":1,"column":46}},"1":{"start":{"line":2,"column":0},"end":{"line":2,"column":43}},"2":{"start":{"line":4,"column":0},"end":{"line":4,"column":13}},"3":{"start":{"line":6,"column":2},"end":{"line":6,"column":null}},"4":{"start":{"line":12,"column":2},"end":{"line":12,"column":null}},"5":{"start":{"line":19,"column":2},"end":{"line":19,"column":null}},"6":{"start":{"line":26,"column":2},"end":{"line":26,"column":null}}},"fnMap":{},"branchMap":{},"s":{"0":1,"1":1,"2":1,"3":1,"4":1,"5":1,"6":1},"f":{},"b":{}}
,"/Users/bhakti/sso-server/src/auth/dto/register.dto.ts": {"path":"/Users/bhakti/sso-server/src/auth/dto/register.dto.ts","statementMap":{"0":{"start":{"line":2,"column":0},"end":{"line":2,"column":null}},"1":{"start":{"line":9,"column":0},"end":{"line":9,"column":46}},"2":{"start":{"line":11,"column":0},"end":{"line":11,"column":13}},"3":{"start":{"line":15,"column":2},"end":{"line":15,"column":null}},"4":{"start":{"line":23,"column":2},"end":{"line":23,"column":null}},"5":{"start":{"line":37,"column":2},"end":{"line":37,"column":null}}},"fnMap":{},"branchMap":{},"s":{"0":1,"1":1,"2":1,"3":1,"4":1,"5":1},"f":{},"b":{}}
,"/Users/bhakti/sso-server/src/auth/dto/reset-password.dto.ts": {"path":"/Users/bhakti/sso-server/src/auth/dto/reset-password.dto.ts","statementMap":{"0":{"start":{"line":1,"column":0},"end":{"line":1,"column":56}},"1":{"start":{"line":2,"column":0},"end":{"line":2,"column":46}},"2":{"start":{"line":4,"column":0},"end":{"line":4,"column":13}},"3":{"start":{"line":10,"column":2},"end":{"line":10,"column":null}},"4":{"start":{"line":18,"column":2},"end":{"line":18,"column":null}}},"fnMap":{},"branchMap":{},"s":{"0":1,"1":1,"2":1,"3":1,"4":1},"f":{},"b":{}}
,"/Users/bhakti/sso-server/src/auth/guards/jwt-auth.guard.ts": {"path":"/Users/bhakti/sso-server/src/auth/guards/jwt-auth.guard.ts","statementMap":{"0":{"start":{"line":1,"column":0},"end":{"line":1,"column":44}},"1":{"start":{"line":2,"column":0},"end":{"line":2,"column":45}},"2":{"start":{"line":5,"column":7},"end":{"line":5,"column":null}},"3":{"start":{"line":5,"column":13},"end":{"line":5,"column":25}},"4":{"start":{"line":5,"column":13},"end":{"line":5,"column":null}}},"fnMap":{},"branchMap":{},"s":{"0":1,"1":1,"2":1,"3":1,"4":1},"f":{},"b":{}}
,"/Users/bhakti/sso-server/src/auth/guards/local-auth.guard.ts": {"path":"/Users/bhakti/sso-server/src/auth/guards/local-auth.guard.ts","statementMap":{"0":{"start":{"line":1,"column":0},"end":{"line":1,"column":44}},"1":{"start":{"line":2,"column":0},"end":{"line":2,"column":45}},"2":{"start":{"line":5,"column":7},"end":{"line":5,"column":null}},"3":{"start":{"line":5,"column":13},"end":{"line":5,"column":27}},"4":{"start":{"line":5,"column":13},"end":{"line":5,"column":null}}},"fnMap":{},"branchMap":{},"s":{"0":1,"1":1,"2":1,"3":1,"4":1},"f":{},"b":{}}
,"/Users/bhakti/sso-server/src/auth/guards/refresh-token.guard.ts": {"path":"/Users/bhakti/sso-server/src/auth/guards/refresh-token.guard.ts","statementMap":{"0":{"start":{"line":1,"column":0},"end":{"line":1,"column":44}},"1":{"start":{"line":2,"column":0},"end":{"line":2,"column":45}},"2":{"start":{"line":6,"column":7},"end":{"line":6,"column":null}},"3":{"start":{"line":6,"column":13},"end":{"line":6,"column":30}},"4":{"start":{"line":6,"column":13},"end":{"line":6,"column":null}}},"fnMap":{},"branchMap":{},"s":{"0":1,"1":1,"2":1,"3":1,"4":1},"f":{},"b":{}}
,"/Users/bhakti/sso-server/src/auth/roles/roles.decorator.ts": {"path":"/Users/bhakti/sso-server/src/auth/roles/roles.decorator.ts","statementMap":{"0":{"start":{"line":1,"column":0},"end":{"line":1,"column":45}},"1":{"start":{"line":4,"column":13},"end":{"line":4,"column":33}},"2":{"start":{"line":6,"column":21},"end":{"line":6,"column":72}},"3":{"start":{"line":6,"column":43},"end":{"line":6,"column":72}},"4":{"start":{"line":6,"column":13},"end":{"line":6,"column":21}}},"fnMap":{"0":{"name":"(anonymous_0)","decl":{"start":{"line":6,"column":21},"end":{"line":6,"column":22}},"loc":{"start":{"line":6,"column":43},"end":{"line":6,"column":72}}}},"branchMap":{},"s":{"0":1,"1":1,"2":1,"3":1,"4":1},"f":{"0":1},"b":{}}
,"/Users/bhakti/sso-server/src/auth/roles/roles.enum.ts": {"path":"/Users/bhakti/sso-server/src/auth/roles/roles.enum.ts","statementMap":{"0":{"start":{"line":1,"column":0},"end":{"line":1,"column":null}},"1":{"start":{"line":2,"column":2},"end":{"line":2,"column":null}},"2":{"start":{"line":3,"column":2},"end":{"line":3,"column":null}}},"fnMap":{"0":{"name":"(anonymous_0)","decl":{"start":{"line":1,"column":0},"end":{"line":1,"column":12}},"loc":{"start":{"line":1,"column":16},"end":{"line":4,"column":1}}}},"branchMap":{"0":{"loc":{"start":{"line":1,"column":12},"end":{"line":1,"column":null}},"type":"binary-expr","locations":[{"start":{"line":1,"column":12},"end":{"line":1,"column":16}},{"start":{"line":1,"column":16},"end":{"line":1,"column":null}}]}},"s":{"0":3,"1":3,"2":3},"f":{"0":3},"b":{"0":[3,3]}}
,"/Users/bhakti/sso-server/src/auth/roles/roles.guard.ts": {"path":"/Users/bhakti/sso-server/src/auth/roles/roles.guard.ts","statementMap":{"0":{"start":{"line":1,"column":0},"end":{"line":1,"column":75}},"1":{"start":{"line":2,"column":0},"end":{"line":2,"column":41}},"2":{"start":{"line":4,"column":0},"end":{"line":4,"column":46}},"3":{"start":{"line":15,"column":7},"end":{"line":42,"column":null}},"4":{"start":{"line":16,"column":22},"end":{"line":16,"column":33}},"5":{"start":{"line":20,"column":26},"end":{"line":23,"column":6}},"6":{"start":{"line":26,"column":4},"end":{"line":28,"column":5}},"7":{"start":{"line":27,"column":6},"end":{"line":27,"column":18}},"8":{"start":{"line":31,"column":20},"end":{"line":31,"column":55}},"9":{"start":{"line":32,"column":17},"end":{"line":32,"column":45}},"10":{"start":{"line":35,"column":4},"end":{"line":37,"column":5}},"11":{"start":{"line":36,"column":6},"end":{"line":36,"column":19}},"12":{"start":{"line":40,"column":4},"end":{"line":40,"column":60}},"13":{"start":{"line":40,"column":40},"end":{"line":40,"column":58}},"14":{"start":{"line":15,"column":13},"end":{"line":15,"column":23}},"15":{"start":{"line":15,"column":13},"end":{"line":42,"column":null}}},"fnMap":{"0":{"name":"(anonymous_2)","decl":{"start":{"line":16,"column":2},"end":{"line":16,"column":22}},"loc":{"start":{"line":16,"column":42},"end":{"line":16,"column":46}}},"1":{"name":"(anonymous_3)","decl":{"start":{"line":18,"column":2},"end":{"line":18,"column":13}},"loc":{"start":{"line":18,"column":39},"end":{"line":41,"column":3}}},"2":{"name":"(anonymous_4)","decl":{"start":{"line":40,"column":30},"end":{"line":40,"column":31}},"loc":{"start":{"line":40,"column":40},"end":{"line":40,"column":58}}}},"branchMap":{"0":{"loc":{"start":{"line":26,"column":4},"end":{"line":28,"column":5}},"type":"if","locations":[{"start":{"line":26,"column":4},"end":{"line":28,"column":5}}]},"1":{"loc":{"start":{"line":35,"column":4},"end":{"line":37,"column":5}},"type":"if","locations":[{"start":{"line":35,"column":4},"end":{"line":37,"column":5}}]},"2":{"loc":{"start":{"line":35,"column":8},"end":{"line":35,"column":27}},"type":"binary-expr","locations":[{"start":{"line":35,"column":8},"end":{"line":35,"column":13}},{"start":{"line":35,"column":17},"end":{"line":35,"column":27}}]}},"s":{"0":1,"1":1,"2":1,"3":1,"4":0,"5":0,"6":0,"7":0,"8":0,"9":0,"10":0,"11":0,"12":0,"13":0,"14":1,"15":1},"f":{"0":0,"1":0,"2":0},"b":{"0":[0],"1":[0],"2":[0,0]}}
,"/Users/bhakti/sso-server/src/auth/strategies/jwt.strategy.ts": {"path":"/Users/bhakti/sso-server/src/auth/strategies/jwt.strategy.ts","statementMap":{"0":{"start":{"line":1,"column":0},"end":{"line":1,"column":52}},"1":{"start":{"line":2,"column":0},"end":{"line":2,"column":52}},"2":{"start":{"line":3,"column":0},"end":{"line":3,"column":44}},"3":{"start":{"line":4,"column":0},"end":{"line":4,"column":51}},"4":{"start":{"line":5,"column":0},"end":{"line":5,"column":25}},"5":{"start":{"line":6,"column":0},"end":{"line":6,"column":47}},"6":{"start":{"line":19,"column":7},"end":{"line":60,"column":null}},"7":{"start":{"line":22,"column":4},"end":{"line":34,"column":5}},"8":{"start":{"line":24,"column":28},"end":{"line":24,"column":61}},"9":{"start":{"line":27,"column":6},"end":{"line":27,"column":57}},"10":{"start":{"line":29,"column":6},"end":{"line":32,"column":8}},"11":{"start":{"line":33,"column":6},"end":{"line":33,"column":56}},"12":{"start":{"line":36,"column":4},"end":{"line":42,"column":7}},"13":{"start":{"line":20,"column":22},"end":{"line":20,"column":37}},"14":{"start":{"line":53,"column":4},"end":{"line":58,"column":6}},"15":{"start":{"line":19,"column":13},"end":{"line":19,"column":24}},"16":{"start":{"line":19,"column":13},"end":{"line":60,"column":null}}},"fnMap":{"0":{"name":"(anonymous_2)","decl":{"start":{"line":20,"column":2},"end":{"line":20,"column":22}},"loc":{"start":{"line":20,"column":50},"end":{"line":43,"column":3}}},"1":{"name":"(anonymous_3)","decl":{"start":{"line":50,"column":2},"end":{"line":50,"column":10}},"loc":{"start":{"line":50,"column":30},"end":{"line":59,"column":3}}}},"branchMap":{},"s":{"0":0,"1":0,"2":0,"3":0,"4":0,"5":0,"6":0,"7":0,"8":0,"9":0,"10":0,"11":0,"12":0,"13":0,"14":0,"15":0,"16":0},"f":{"0":0,"1":0},"b":{}}
,"/Users/bhakti/sso-server/src/auth/strategies/local.strategy.ts": {"path":"/Users/bhakti/sso-server/src/auth/strategies/local.strategy.ts","statementMap":{"0":{"start":{"line":1,"column":0},"end":{"line":1,"column":42}},"1":{"start":{"line":2,"column":0},"end":{"line":2,"column":52}},"2":{"start":{"line":3,"column":0},"end":{"line":3,"column":67}},"3":{"start":{"line":4,"column":0},"end":{"line":4,"column":53}},"4":{"start":{"line":7,"column":7},"end":{"line":19,"column":null}},"5":{"start":{"line":9,"column":4},"end":{"line":9,"column":38}},"6":{"start":{"line":8,"column":22},"end":{"line":8,"column":35}},"7":{"start":{"line":13,"column":17},"end":{"line":13,"column":69}},"8":{"start":{"line":14,"column":4},"end":{"line":16,"column":5}},"9":{"start":{"line":15,"column":6},"end":{"line":15,"column":61}},"10":{"start":{"line":17,"column":4},"end":{"line":17,"column":16}},"11":{"start":{"line":7,"column":13},"end":{"line":7,"column":26}},"12":{"start":{"line":7,"column":13},"end":{"line":19,"column":null}}},"fnMap":{"0":{"name":"(anonymous_2)","decl":{"start":{"line":8,"column":2},"end":{"line":8,"column":22}},"loc":{"start":{"line":8,"column":46},"end":{"line":10,"column":3}}},"1":{"name":"(anonymous_3)","decl":{"start":{"line":12,"column":2},"end":{"line":12,"column":7}},"loc":{"start":{"line":12,"column":48},"end":{"line":18,"column":3}}}},"branchMap":{"0":{"loc":{"start":{"line":14,"column":4},"end":{"line":16,"column":5}},"type":"if","locations":[{"start":{"line":14,"column":4},"end":{"line":16,"column":5}}]}},"s":{"0":0,"1":0,"2":0,"3":0,"4":0,"5":0,"6":0,"7":0,"8":0,"9":0,"10":0,"11":0,"12":0},"f":{"0":0,"1":0},"b":{"0":[0]}}
,"/Users/bhakti/sso-server/src/auth/strategies/refresh-token.strategy.ts": {"path":"/Users/bhakti/sso-server/src/auth/strategies/refresh-token.strategy.ts","statementMap":{"0":{"start":{"line":1,"column":0},"end":{"line":1,"column":52}},"1":{"start":{"line":2,"column":0},"end":{"line":2,"column":52}},"2":{"start":{"line":4,"column":0},"end":{"line":4,"column":44}},"3":{"start":{"line":5,"column":0},"end":{"line":5,"column":51}},"4":{"start":{"line":14,"column":7},"end":{"line":44,"column":null}},"5":{"start":{"line":19,"column":4},"end":{"line":27,"column":7}},"6":{"start":{"line":36,"column":23},"end":{"line":36,"column":47}},"7":{"start":{"line":38,"column":4},"end":{"line":40,"column":5}},"8":{"start":{"line":39,"column":6},"end":{"line":39,"column":56}},"9":{"start":{"line":41,"column":25},"end":{"line":41,"column":64}},"10":{"start":{"line":42,"column":4},"end":{"line":42,"column":40}},"11":{"start":{"line":14,"column":13},"end":{"line":14,"column":33}},"12":{"start":{"line":14,"column":13},"end":{"line":44,"column":null}}},"fnMap":{"0":{"name":"(anonymous_2)","decl":{"start":{"line":18,"column":2},"end":{"line":18,"column":null}},"loc":{"start":{"line":18,"column":2},"end":{"line":28,"column":3}}},"1":{"name":"(anonymous_3)","decl":{"start":{"line":35,"column":2},"end":{"line":35,"column":10}},"loc":{"start":{"line":35,"column":53},"end":{"line":43,"column":3}}}},"branchMap":{"0":{"loc":{"start":{"line":38,"column":4},"end":{"line":40,"column":5}},"type":"if","locations":[{"start":{"line":38,"column":4},"end":{"line":40,"column":5}}]}},"s":{"0":0,"1":0,"2":0,"3":0,"4":0,"5":0,"6":0,"7":0,"8":0,"9":0,"10":0,"11":0,"12":0},"f":{"0":0,"1":0},"b":{"0":[0]}}
,"/Users/bhakti/sso-server/src/common/dto/success-message-response.dto.ts": {"path":"/Users/bhakti/sso-server/src/common/dto/success-message-response.dto.ts","statementMap":{"0":{"start":{"line":1,"column":0},"end":{"line":1,"column":46}},"1":{"start":{"line":6,"column":0},"end":{"line":6,"column":13}},"2":{"start":{"line":11,"column":2},"end":{"line":11,"column":null}}},"fnMap":{},"branchMap":{},"s":{"0":1,"1":1,"2":1},"f":{},"b":{}}
,"/Users/bhakti/sso-server/src/common/filters/all-exceptions.filter.ts": {"path":"/Users/bhakti/sso-server/src/common/filters/all-exceptions.filter.ts","statementMap":{"0":{"start":{"line":1,"column":0},"end":{"line":1,"column":null}},"1":{"start":{"line":11,"column":7},"end":{"line":47,"column":null}},"2":{"start":{"line":13,"column":16},"end":{"line":13,"column":35}},"3":{"start":{"line":14,"column":21},"end":{"line":14,"column":48}},"4":{"start":{"line":15,"column":20},"end":{"line":15,"column":45}},"5":{"start":{"line":19,"column":6},"end":{"line":21,"column":42}},"6":{"start":{"line":24,"column":35},"end":{"line":24,"column":58}},"7":{"start":{"line":25,"column":4},"end":{"line":34,"column":5}},"8":{"start":{"line":26,"column":23},"end":{"line":26,"column":46}},"9":{"start":{"line":27,"column":6},"end":{"line":28,"column":76}},"10":{"start":{"line":29,"column":11},"end":{"line":34,"column":5}},"11":{"start":{"line":33,"column":6},"end":{"line":33,"column":55}},"12":{"start":{"line":37,"column":26},"end":{"line":42,"column":6}},"13":{"start":{"line":45,"column":4},"end":{"line":45,"column":48}},"14":{"start":{"line":11,"column":13},"end":{"line":11,"column":32}},"15":{"start":{"line":11,"column":13},"end":{"line":47,"column":null}}},"fnMap":{"0":{"name":"(anonymous_1)","decl":{"start":{"line":12,"column":2},"end":{"line":12,"column":7}},"loc":{"start":{"line":12,"column":47},"end":{"line":46,"column":3}}}},"branchMap":{"0":{"loc":{"start":{"line":19,"column":6},"end":{"line":21,"column":42}},"type":"cond-expr","locations":[{"start":{"line":20,"column":10},"end":{"line":20,"column":31}},{"start":{"line":21,"column":10},"end":{"line":21,"column":42}}]},"1":{"loc":{"start":{"line":25,"column":4},"end":{"line":34,"column":5}},"type":"if","locations":[{"start":{"line":25,"column":4},"end":{"line":34,"column":5}},{"start":{"line":29,"column":11},"end":{"line":34,"column":5}}]},"2":{"loc":{"start":{"line":28,"column":8},"end":{"line":28,"column":75}},"type":"cond-expr","locations":[{"start":{"line":28,"column":39},"end":{"line":28,"column":47}},{"start":{"line":28,"column":51},"end":{"line":28,"column":75}}]},"3":{"loc":{"start":{"line":29,"column":11},"end":{"line":34,"column":5}},"type":"if","locations":[{"start":{"line":29,"column":11},"end":{"line":34,"column":5}}]}},"s":{"0":0,"1":0,"2":0,"3":0,"4":0,"5":0,"6":0,"7":0,"8":0,"9":0,"10":0,"11":0,"12":0,"13":0,"14":0,"15":0},"f":{"0":0},"b":{"0":[0,0],"1":[0,0],"2":[0,0],"3":[0]}}
,"/Users/bhakti/sso-server/src/mail/mail.module.ts": {"path":"/Users/bhakti/sso-server/src/mail/mail.module.ts","statementMap":{"0":{"start":{"line":1,"column":0},"end":{"line":1,"column":40}},"1":{"start":{"line":2,"column":0},"end":{"line":2,"column":45}},"2":{"start":{"line":3,"column":0},"end":{"line":3,"column":46}},"3":{"start":{"line":10,"column":7},"end":{"line":10,"column":null}},"4":{"start":{"line":10,"column":13},"end":{"line":10,"column":23}},"5":{"start":{"line":10,"column":13},"end":{"line":10,"column":null}}},"fnMap":{},"branchMap":{},"s":{"0":0,"1":0,"2":0,"3":0,"4":0,"5":0},"f":{},"b":{}}
,"/Users/bhakti/sso-server/src/mail/mail.service.ts": {"path":"/Users/bhakti/sso-server/src/mail/mail.service.ts","statementMap":{"0":{"start":{"line":1,"column":0},"end":{"line":1,"column":74}},"1":{"start":{"line":2,"column":0},"end":{"line":2,"column":47}},"2":{"start":{"line":3,"column":0},"end":{"line":3,"column":41}},"3":{"start":{"line":7,"column":7},"end":{"line":116,"column":null}},"4":{"start":{"line":10,"column":22},"end":{"line":10,"column":37}},"5":{"start":{"line":12,"column":29},"end":{"line":20,"column":6}},"6":{"start":{"line":23,"column":4},"end":{"line":31,"column":5}},"7":{"start":{"line":24,"column":6},"end":{"line":26,"column":8}},"8":{"start":{"line":28,"column":6},"end":{"line":28,"column":77}},"9":{"start":{"line":30,"column":6},"end":{"line":30,"column":70}},"10":{"start":{"line":40,"column":28},"end":{"line":42,"column":null}},"11":{"start":{"line":44,"column":21},"end":{"line":44,"column":71}},"12":{"start":{"line":45,"column":21},"end":{"line":47,"column":null}},"13":{"start":{"line":50,"column":4},"end":{"line":52,"column":6}},"14":{"start":{"line":53,"column":4},"end":{"line":53,"column":42}},"15":{"start":{"line":55,"column":4},"end":{"line":71,"column":5}},"16":{"start":{"line":57,"column":6},"end":{"line":63,"column":9}},"17":{"start":{"line":64,"column":6},"end":{"line":64,"column":69}},"18":{"start":{"line":66,"column":6},"end":{"line":66,"column":75}},"19":{"start":{"line":68,"column":6},"end":{"line":70,"column":8}},"20":{"start":{"line":81,"column":28},"end":{"line":83,"column":null}},"21":{"start":{"line":85,"column":28},"end":{"line":85,"column":76}},"22":{"start":{"line":86,"column":21},"end":{"line":88,"column":null}},"23":{"start":{"line":91,"column":4},"end":{"line":93,"column":6}},"24":{"start":{"line":94,"column":4},"end":{"line":94,"column":56}},"25":{"start":{"line":95,"column":4},"end":{"line":95,"column":69}},"26":{"start":{"line":97,"column":4},"end":{"line":111,"column":5}},"27":{"start":{"line":98,"column":6},"end":{"line":104,"column":9}},"28":{"start":{"line":105,"column":6},"end":{"line":105,"column":67}},"29":{"start":{"line":107,"column":6},"end":{"line":107,"column":73}},"30":{"start":{"line":108,"column":6},"end":{"line":110,"column":8}},"31":{"start":{"line":7,"column":13},"end":{"line":7,"column":24}},"32":{"start":{"line":7,"column":13},"end":{"line":116,"column":null}}},"fnMap":{"0":{"name":"(anonymous_2)","decl":{"start":{"line":10,"column":2},"end":{"line":10,"column":22}},"loc":{"start":{"line":10,"column":50},"end":{"line":32,"column":3}}},"1":{"name":"(anonymous_3)","decl":{"start":{"line":34,"column":2},"end":{"line":34,"column":7}},"loc":{"start":{"line":37,"column":17},"end":{"line":72,"column":3}}},"2":{"name":"(anonymous_4)","decl":{"start":{"line":75,"column":2},"end":{"line":75,"column":7}},"loc":{"start":{"line":78,"column":17},"end":{"line":112,"column":3}}}},"branchMap":{"0":{"loc":{"start":{"line":23,"column":4},"end":{"line":31,"column":5}},"type":"if","locations":[{"start":{"line":23,"column":4},"end":{"line":31,"column":5}},{"start":{"line":29,"column":11},"end":{"line":31,"column":5}}]},"1":{"loc":{"start":{"line":23,"column":8},"end":{"line":23,"column":61}},"type":"binary-expr","locations":[{"start":{"line":23,"column":8},"end":{"line":23,"column":30}},{"start":{"line":23,"column":34},"end":{"line":23,"column":61}}]},"2":{"loc":{"start":{"line":61,"column":22},"end":{"line":61,"column":40}},"type":"binary-expr","locations":[{"start":{"line":61,"column":22},"end":{"line":61,"column":26}},{"start":{"line":61,"column":30},"end":{"line":61,"column":40}}]},"3":{"loc":{"start":{"line":102,"column":22},"end":{"line":102,"column":40}},"type":"binary-expr","locations":[{"start":{"line":102,"column":22},"end":{"line":102,"column":26}},{"start":{"line":102,"column":30},"end":{"line":102,"column":40}}]}},"s":{"0":2,"1":2,"2":2,"3":2,"4":0,"5":0,"6":0,"7":0,"8":0,"9":0,"10":0,"11":0,"12":0,"13":0,"14":0,"15":0,"16":0,"17":0,"18":0,"19":0,"20":0,"21":0,"22":0,"23":0,"24":0,"25":0,"26":0,"27":0,"28":0,"29":0,"30":0,"31":2,"32":2},"f":{"0":0,"1":0,"2":0},"b":{"0":[0,0],"1":[0,0],"2":[0,0],"3":[0,0]}}
,"/Users/bhakti/sso-server/src/prisma/prisma.module.ts": {"path":"/Users/bhakti/sso-server/src/prisma/prisma.module.ts","statementMap":{"0":{"start":{"line":1,"column":0},"end":{"line":1,"column":40}},"1":{"start":{"line":2,"column":0},"end":{"line":2,"column":49}},"2":{"start":{"line":8,"column":7},"end":{"line":8,"column":null}},"3":{"start":{"line":8,"column":13},"end":{"line":8,"column":25}},"4":{"start":{"line":8,"column":13},"end":{"line":8,"column":null}}},"fnMap":{},"branchMap":{},"s":{"0":0,"1":0,"2":0,"3":0,"4":0},"f":{},"b":{}}
,"/Users/bhakti/sso-server/src/prisma/prisma.service.ts": {"path":"/Users/bhakti/sso-server/src/prisma/prisma.service.ts","statementMap":{"0":{"start":{"line":1,"column":0},"end":{"line":1,"column":75}},"1":{"start":{"line":2,"column":0},"end":{"line":2,"column":74}},"2":{"start":{"line":3,"column":0},"end":{"line":3,"column":74}},"3":{"start":{"line":6,"column":7},"end":{"line":28,"column":null}},"4":{"start":{"line":11,"column":4},"end":{"line":11,"column":41}},"5":{"start":{"line":12,"column":4},"end":{"line":12,"column":41}},"6":{"start":{"line":17,"column":4},"end":{"line":17,"column":32}},"7":{"start":{"line":18,"column":4},"end":{"line":18,"column":32}},"8":{"start":{"line":19,"column":4},"end":{"line":19,"column":63}},"9":{"start":{"line":24,"column":4},"end":{"line":24,"column":35}},"10":{"start":{"line":25,"column":4},"end":{"line":25,"column":35}},"11":{"start":{"line":26,"column":4},"end":{"line":26,"column":55}},"12":{"start":{"line":6,"column":13},"end":{"line":6,"column":26}},"13":{"start":{"line":6,"column":13},"end":{"line":28,"column":null}}},"fnMap":{"0":{"name":"(anonymous_2)","decl":{"start":{"line":10,"column":2},"end":{"line":10,"column":null}},"loc":{"start":{"line":10,"column":2},"end":{"line":13,"column":3}}},"1":{"name":"(anonymous_3)","decl":{"start":{"line":15,"column":2},"end":{"line":15,"column":7}},"loc":{"start":{"line":15,"column":20},"end":{"line":20,"column":3}}},"2":{"name":"(anonymous_4)","decl":{"start":{"line":22,"column":2},"end":{"line":22,"column":7}},"loc":{"start":{"line":22,"column":23},"end":{"line":27,"column":3}}}},"branchMap":{},"s":{"0":4,"1":4,"2":4,"3":4,"4":0,"5":0,"6":0,"7":0,"8":0,"9":0,"10":0,"11":0,"12":4,"13":4},"f":{"0":0,"1":0,"2":0},"b":{}}
,"/Users/bhakti/sso-server/src/user/user.module.ts": {"path":"/Users/bhakti/sso-server/src/user/user.module.ts","statementMap":{"0":{"start":{"line":1,"column":0},"end":{"line":1,"column":40}},"1":{"start":{"line":2,"column":0},"end":{"line":2,"column":45}},"2":{"start":{"line":3,"column":0},"end":{"line":3,"column":57}},"3":{"start":{"line":10,"column":7},"end":{"line":10,"column":null}},"4":{"start":{"line":10,"column":13},"end":{"line":10,"column":23}},"5":{"start":{"line":10,"column":13},"end":{"line":10,"column":null}}},"fnMap":{},"branchMap":{},"s":{"0":0,"1":0,"2":0,"3":0,"4":0,"5":0},"f":{},"b":{}}
,"/Users/bhakti/sso-server/src/user/user.service.ts": {"path":"/Users/bhakti/sso-server/src/user/user.service.ts","statementMap":{"0":{"start":{"line":1,"column":0},"end":{"line":1,"column":44}},"1":{"start":{"line":2,"column":0},"end":{"line":2,"column":59}},"2":{"start":{"line":6,"column":7},"end":{"line":50,"column":null}},"3":{"start":{"line":7,"column":22},"end":{"line":7,"column":30}},"4":{"start":{"line":10,"column":4},"end":{"line":12,"column":7}},"5":{"start":{"line":16,"column":4},"end":{"line":18,"column":7}},"6":{"start":{"line":23,"column":4},"end":{"line":25,"column":7}},"7":{"start":{"line":32,"column":4},"end":{"line":35,"column":7}},"8":{"start":{"line":43,"column":4},"end":{"line":46,"column":7}},"9":{"start":{"line":6,"column":13},"end":{"line":6,"column":24}},"10":{"start":{"line":6,"column":13},"end":{"line":50,"column":null}}},"fnMap":{"0":{"name":"(anonymous_2)","decl":{"start":{"line":7,"column":2},"end":{"line":7,"column":22}},"loc":{"start":{"line":7,"column":43},"end":{"line":7,"column":47}}},"1":{"name":"(anonymous_3)","decl":{"start":{"line":9,"column":2},"end":{"line":9,"column":7}},"loc":{"start":{"line":9,"column":36},"end":{"line":13,"column":3}}},"2":{"name":"(anonymous_4)","decl":{"start":{"line":15,"column":2},"end":{"line":15,"column":7}},"loc":{"start":{"line":15,"column":27},"end":{"line":19,"column":3}}},"3":{"name":"(anonymous_5)","decl":{"start":{"line":21,"column":2},"end":{"line":21,"column":7}},"loc":{"start":{"line":21,"column":48},"end":{"line":26,"column":3}}},"4":{"name":"(anonymous_6)","decl":{"start":{"line":28,"column":2},"end":{"line":28,"column":7}},"loc":{"start":{"line":30,"column":37},"end":{"line":36,"column":3}}},"5":{"name":"(anonymous_7)","decl":{"start":{"line":39,"column":2},"end":{"line":39,"column":7}},"loc":{"start":{"line":41,"column":29},"end":{"line":47,"column":3}}}},"branchMap":{},"s":{"0":3,"1":3,"2":3,"3":12,"4":3,"5":3,"6":2,"7":2,"8":1,"9":3,"10":3},"f":{"0":12,"1":3,"2":3,"3":2,"4":2,"5":1},"b":{}}
}
