{"/Users/bhakti/Work/research/sso-boilerplate-ts/sso-server/src/app.controller.ts": {"path":"/Users/bhakti/Work/research/sso-boilerplate-ts/sso-server/src/app.controller.ts","statementMap":{"0":{"start":{"line":1,"column":0},"end":{"line":1,"column":49}},"1":{"start":{"line":2,"column":0},"end":{"line":2,"column":43}},"2":{"start":{"line":5,"column":7},"end":{"line":17,"column":null}},"3":{"start":{"line":6,"column":31},"end":{"line":6,"column":43}},"4":{"start":{"line":10,"column":4},"end":{"line":10,"column":38}},"5":{"start":{"line":15,"column":4},"end":{"line":15,"column":39}},"6":{"start":{"line":5,"column":13},"end":{"line":5,"column":26}},"7":{"start":{"line":9,"column":2},"end":{"line":11,"column":null}},"8":{"start":{"line":14,"column":8},"end":{"line":16,"column":null}},"9":{"start":{"line":5,"column":13},"end":{"line":17,"column":null}}},"fnMap":{"0":{"name":"(anonymous_2)","decl":{"start":{"line":6,"column":2},"end":{"line":6,"column":31}},"loc":{"start":{"line":6,"column":53},"end":{"line":6,"column":57}}},"1":{"name":"(anonymous_3)","decl":{"start":{"line":9,"column":2},"end":{"line":9,"column":10}},"loc":{"start":{"line":9,"column":10},"end":{"line":11,"column":3}}},"2":{"name":"(anonymous_4)","decl":{"start":{"line":14,"column":2},"end":{"line":14,"column":7}},"loc":{"start":{"line":14,"column":17},"end":{"line":16,"column":3}}}},"branchMap":{},"s":{"0":1,"1":1,"2":1,"3":1,"4":1,"5":0,"6":1,"7":1,"8":1,"9":1},"f":{"0":1,"1":1,"2":0},"b":{}}
,"/Users/bhakti/Work/research/sso-boilerplate-ts/sso-server/src/app.module.ts": {"path":"/Users/bhakti/Work/research/sso-boilerplate-ts/sso-server/src/app.module.ts","statementMap":{"0":{"start":{"line":1,"column":0},"end":{"line":1,"column":40}},"1":{"start":{"line":2,"column":0},"end":{"line":2,"column":49}},"2":{"start":{"line":3,"column":0},"end":{"line":3,"column":43}},"3":{"start":{"line":4,"column":0},"end":{"line":4,"column":54}},"4":{"start":{"line":5,"column":0},"end":{"line":5,"column":48}},"5":{"start":{"line":6,"column":0},"end":{"line":6,"column":48}},"6":{"start":{"line":7,"column":0},"end":{"line":7,"column":46}},"7":{"start":{"line":8,"column":0},"end":{"line":8,"column":68}},"8":{"start":{"line":9,"column":0},"end":{"line":9,"column":41}},"9":{"start":{"line":35,"column":7},"end":{"line":35,"column":null}},"10":{"start":{"line":35,"column":13},"end":{"line":35,"column":22}},"11":{"start":{"line":35,"column":13},"end":{"line":35,"column":null}}},"fnMap":{},"branchMap":{},"s":{"0":0,"1":0,"2":0,"3":0,"4":0,"5":0,"6":0,"7":0,"8":0,"9":0,"10":0,"11":0},"f":{},"b":{}}
,"/Users/bhakti/Work/research/sso-boilerplate-ts/sso-server/src/app.service.ts": {"path":"/Users/bhakti/Work/research/sso-boilerplate-ts/sso-server/src/app.service.ts","statementMap":{"0":{"start":{"line":1,"column":0},"end":{"line":1,"column":44}},"1":{"start":{"line":2,"column":0},"end":{"line":2,"column":56}},"2":{"start":{"line":5,"column":7},"end":{"line":44,"column":null}},"3":{"start":{"line":6,"column":22},"end":{"line":6,"column":30}},"4":{"start":{"line":9,"column":4},"end":{"line":9,"column":26}},"5":{"start":{"line":13,"column":25},"end":{"line":17,"column":6}},"6":{"start":{"line":19,"column":4},"end":{"line":25,"column":5}},"7":{"start":{"line":20,"column":6},"end":{"line":20,"column":50}},"8":{"start":{"line":21,"column":6},"end":{"line":21,"column":39}},"9":{"start":{"line":23,"column":6},"end":{"line":23,"column":55}},"10":{"start":{"line":24,"column":6},"end":{"line":24,"column":95}},"11":{"start":{"line":27,"column":4},"end":{"line":33,"column":5}},"12":{"start":{"line":28,"column":6},"end":{"line":28,"column":58}},"13":{"start":{"line":29,"column":6},"end":{"line":29,"column":39}},"14":{"start":{"line":31,"column":6},"end":{"line":31,"column":57}},"15":{"start":{"line":32,"column":6},"end":{"line":32,"column":95}},"16":{"start":{"line":35,"column":4},"end":{"line":40,"column":5}},"17":{"start":{"line":39,"column":6},"end":{"line":39,"column":38}},"18":{"start":{"line":42,"column":4},"end":{"line":42,"column":24}},"19":{"start":{"line":5,"column":13},"end":{"line":5,"column":23}},"20":{"start":{"line":5,"column":13},"end":{"line":44,"column":null}}},"fnMap":{"0":{"name":"(anonymous_2)","decl":{"start":{"line":6,"column":2},"end":{"line":6,"column":22}},"loc":{"start":{"line":6,"column":43},"end":{"line":6,"column":47}}},"1":{"name":"(anonymous_3)","decl":{"start":{"line":8,"column":2},"end":{"line":8,"column":10}},"loc":{"start":{"line":8,"column":10},"end":{"line":10,"column":3}}},"2":{"name":"(anonymous_4)","decl":{"start":{"line":12,"column":2},"end":{"line":12,"column":7}},"loc":{"start":{"line":12,"column":17},"end":{"line":43,"column":3}}}},"branchMap":{"0":{"loc":{"start":{"line":24,"column":38},"end":{"line":24,"column":92}},"type":"cond-expr","locations":[{"start":{"line":24,"column":63},"end":{"line":24,"column":76}},{"start":{"line":24,"column":79},"end":{"line":24,"column":92}}]},"1":{"loc":{"start":{"line":32,"column":38},"end":{"line":32,"column":92}},"type":"cond-expr","locations":[{"start":{"line":32,"column":63},"end":{"line":32,"column":76}},{"start":{"line":32,"column":79},"end":{"line":32,"column":92}}]},"2":{"loc":{"start":{"line":35,"column":4},"end":{"line":40,"column":5}},"type":"if","locations":[{"start":{"line":35,"column":4},"end":{"line":40,"column":5}}]},"3":{"loc":{"start":{"line":36,"column":6},"end":{"line":37,"column":40}},"type":"binary-expr","locations":[{"start":{"line":36,"column":6},"end":{"line":36,"column":40}},{"start":{"line":37,"column":6},"end":{"line":37,"column":40}}]}},"s":{"0":1,"1":1,"2":1,"3":1,"4":1,"5":0,"6":0,"7":0,"8":0,"9":0,"10":0,"11":0,"12":0,"13":0,"14":0,"15":0,"16":0,"17":0,"18":0,"19":1,"20":1},"f":{"0":1,"1":1,"2":0},"b":{"0":[0,0],"1":[0,0],"2":[0],"3":[0,0]}}
,"/Users/bhakti/Work/research/sso-boilerplate-ts/sso-server/src/main.ts": {"path":"/Users/bhakti/Work/research/sso-boilerplate-ts/sso-server/src/main.ts","statementMap":{"0":{"start":{"line":1,"column":0},"end":{"line":1,"column":54}},"1":{"start":{"line":2,"column":0},"end":{"line":2,"column":41}},"2":{"start":{"line":3,"column":0},"end":{"line":3,"column":48}},"3":{"start":{"line":4,"column":0},"end":{"line":4,"column":65}},"4":{"start":{"line":5,"column":0},"end":{"line":5,"column":77}},"5":{"start":{"line":6,"column":0},"end":{"line":6,"column":60}},"6":{"start":{"line":7,"column":0},"end":{"line":7,"column":72}},"7":{"start":{"line":8,"column":0},"end":{"line":8,"column":56}},"8":{"start":{"line":11,"column":14},"end":{"line":11,"column":49}},"9":{"start":{"line":13,"column":20},"end":{"line":13,"column":35}},"10":{"start":{"line":15,"column":2},"end":{"line":15,"column":50}},"11":{"start":{"line":17,"column":2},"end":{"line":20,"column":4}},"12":{"start":{"line":22,"column":2},"end":{"line":28,"column":4}},"13":{"start":{"line":30,"column":17},"end":{"line":47,"column":12}},"14":{"start":{"line":48,"column":19},"end":{"line":48,"column":60}},"15":{"start":{"line":49,"column":2},"end":{"line":49,"column":44}},"16":{"start":{"line":51,"column":15},"end":{"line":51,"column":39}},"17":{"start":{"line":53,"column":2},"end":{"line":53,"column":25}},"18":{"start":{"line":54,"column":2},"end":{"line":54,"column":70}},"19":{"start":{"line":56,"column":0},"end":{"line":56,"column":12}}},"fnMap":{"0":{"name":"bootstrap","decl":{"start":{"line":10,"column":15},"end":{"line":10,"column":24}},"loc":{"start":{"line":10,"column":24},"end":{"line":55,"column":1}}}},"branchMap":{"0":{"loc":{"start":{"line":51,"column":15},"end":{"line":51,"column":39}},"type":"binary-expr","locations":[{"start":{"line":51,"column":15},"end":{"line":51,"column":31}},{"start":{"line":51,"column":35},"end":{"line":51,"column":39}}]}},"s":{"0":0,"1":0,"2":0,"3":0,"4":0,"5":0,"6":0,"7":0,"8":0,"9":0,"10":0,"11":0,"12":0,"13":0,"14":0,"15":0,"16":0,"17":0,"18":0,"19":0},"f":{"0":0},"b":{"0":[0,0]}}
,"/Users/bhakti/Work/research/sso-boilerplate-ts/sso-server/src/auth/auth.controller.ts": {"path":"/Users/bhakti/Work/research/sso-boilerplate-ts/sso-server/src/auth/auth.controller.ts","statementMap":{"0":{"start":{"line":1,"column":0},"end":{"line":1,"column":null}},"1":{"start":{"line":13,"column":0},"end":{"line":13,"column":null}},"2":{"start":{"line":21,"column":0},"end":{"line":21,"column":45}},"3":{"start":{"line":23,"column":0},"end":{"line":23,"column":55}},"4":{"start":{"line":24,"column":0},"end":{"line":24,"column":65}},"5":{"start":{"line":26,"column":0},"end":{"line":26,"column":49}},"6":{"start":{"line":27,"column":0},"end":{"line":27,"column":43}},"7":{"start":{"line":28,"column":0},"end":{"line":28,"column":46}},"8":{"start":{"line":29,"column":0},"end":{"line":29,"column":64}},"9":{"start":{"line":30,"column":0},"end":{"line":30,"column":60}},"10":{"start":{"line":31,"column":0},"end":{"line":31,"column":89}},"11":{"start":{"line":32,"column":0},"end":{"line":32,"column":62}},"12":{"start":{"line":33,"column":0},"end":{"line":33,"column":60}},"13":{"start":{"line":34,"column":0},"end":{"line":34,"column":65}},"14":{"start":{"line":35,"column":0},"end":{"line":35,"column":79}},"15":{"start":{"line":58,"column":2},"end":{"line":58,"column":null}},"16":{"start":{"line":63,"column":7},"end":{"line":263,"column":null}},"17":{"start":{"line":64,"column":22},"end":{"line":64,"column":35}},"18":{"start":{"line":84,"column":4},"end":{"line":84,"column":50}},"19":{"start":{"line":107,"column":17},"end":{"line":109,"column":null}},"20":{"start":{"line":111,"column":4},"end":{"line":113,"column":5}},"21":{"start":{"line":112,"column":6},"end":{"line":112,"column":61}},"22":{"start":{"line":114,"column":4},"end":{"line":114,"column":40}},"23":{"start":{"line":134,"column":4},"end":{"line":134,"column":51}},"24":{"start":{"line":136,"column":4},"end":{"line":136,"column":50}},"25":{"start":{"line":163,"column":19},"end":{"line":163,"column":31}},"26":{"start":{"line":164,"column":25},"end":{"line":164,"column":46}},"27":{"start":{"line":165,"column":4},"end":{"line":165,"column":64}},"28":{"start":{"line":187,"column":44},"end":{"line":192,"column":6}},"29":{"start":{"line":193,"column":4},"end":{"line":193,"column":23}},"30":{"start":{"line":209,"column":4},"end":{"line":209,"column":47}},"31":{"start":{"line":223,"column":4},"end":{"line":226,"column":6}},"32":{"start":{"line":242,"column":4},"end":{"line":242,"column":68}},"33":{"start":{"line":261,"column":4},"end":{"line":261,"column":60}},"34":{"start":{"line":63,"column":13},"end":{"line":63,"column":27}},"35":{"start":{"line":81,"column":8},"end":{"line":85,"column":null}},"36":{"start":{"line":106,"column":8},"end":{"line":115,"column":null}},"37":{"start":{"line":133,"column":8},"end":{"line":137,"column":null}},"38":{"start":{"line":162,"column":8},"end":{"line":166,"column":null}},"39":{"start":{"line":183,"column":2},"end":{"line":194,"column":null}},"40":{"start":{"line":206,"column":8},"end":{"line":210,"column":null}},"41":{"start":{"line":222,"column":2},"end":{"line":227,"column":null}},"42":{"start":{"line":239,"column":8},"end":{"line":243,"column":null}},"43":{"start":{"line":258,"column":8},"end":{"line":262,"column":null}},"44":{"start":{"line":63,"column":13},"end":{"line":263,"column":null}}},"fnMap":{"0":{"name":"(anonymous_4)","decl":{"start":{"line":64,"column":2},"end":{"line":64,"column":22}},"loc":{"start":{"line":64,"column":46},"end":{"line":64,"column":50}}},"1":{"name":"(anonymous_5)","decl":{"start":{"line":81,"column":2},"end":{"line":81,"column":7}},"loc":{"start":{"line":82,"column":36},"end":{"line":85,"column":3}}},"2":{"name":"(anonymous_6)","decl":{"start":{"line":106,"column":2},"end":{"line":106,"column":7}},"loc":{"start":{"line":106,"column":40},"end":{"line":115,"column":3}}},"3":{"name":"(anonymous_7)","decl":{"start":{"line":133,"column":2},"end":{"line":133,"column":7}},"loc":{"start":{"line":133,"column":64},"end":{"line":137,"column":3}}},"4":{"name":"(anonymous_8)","decl":{"start":{"line":162,"column":2},"end":{"line":162,"column":7}},"loc":{"start":{"line":162,"column":76},"end":{"line":166,"column":3}}},"5":{"name":"(anonymous_9)","decl":{"start":{"line":183,"column":2},"end":{"line":183,"column":12}},"loc":{"start":{"line":184,"column":53},"end":{"line":194,"column":3}}},"6":{"name":"(anonymous_10)","decl":{"start":{"line":206,"column":2},"end":{"line":206,"column":7}},"loc":{"start":{"line":207,"column":33},"end":{"line":210,"column":3}}},"7":{"name":"(anonymous_11)","decl":{"start":{"line":222,"column":2},"end":{"line":222,"column":19}},"loc":{"start":{"line":222,"column":69},"end":{"line":227,"column":3}}},"8":{"name":"(anonymous_12)","decl":{"start":{"line":239,"column":2},"end":{"line":239,"column":7}},"loc":{"start":{"line":240,"column":48},"end":{"line":243,"column":3}}},"9":{"name":"(anonymous_13)","decl":{"start":{"line":258,"column":2},"end":{"line":258,"column":7}},"loc":{"start":{"line":259,"column":46},"end":{"line":262,"column":3}}}},"branchMap":{"0":{"loc":{"start":{"line":111,"column":4},"end":{"line":113,"column":5}},"type":"if","locations":[{"start":{"line":111,"column":4},"end":{"line":113,"column":5}}]},"1":{"loc":{"start":{"line":190,"column":12},"end":{"line":190,"column":33}},"type":"binary-expr","locations":[{"start":{"line":190,"column":12},"end":{"line":190,"column":25}},{"start":{"line":190,"column":29},"end":{"line":190,"column":33}}]}},"s":{"0":1,"1":1,"2":1,"3":1,"4":1,"5":1,"6":1,"7":1,"8":1,"9":1,"10":1,"11":1,"12":1,"13":1,"14":1,"15":1,"16":1,"17":19,"18":4,"19":4,"20":2,"21":1,"22":1,"23":2,"24":2,"25":2,"26":2,"27":2,"28":1,"29":1,"30":2,"31":1,"32":2,"33":2,"34":1,"35":1,"36":1,"37":1,"38":1,"39":1,"40":1,"41":1,"42":1,"43":1,"44":1},"f":{"0":19,"1":4,"2":4,"3":2,"4":2,"5":1,"6":2,"7":1,"8":2,"9":2},"b":{"0":[1],"1":[1,0]}}
,"/Users/bhakti/Work/research/sso-boilerplate-ts/sso-server/src/auth/auth.service.ts": {"path":"/Users/bhakti/Work/research/sso-boilerplate-ts/sso-server/src/auth/auth.service.ts","statementMap":{"0":{"start":{"line":1,"column":0},"end":{"line":1,"column":null}},"1":{"start":{"line":8,"column":0},"end":{"line":8,"column":53}},"2":{"start":{"line":9,"column":0},"end":{"line":9,"column":53}},"3":{"start":{"line":10,"column":0},"end":{"line":10,"column":41}},"4":{"start":{"line":11,"column":0},"end":{"line":11,"column":33}},"5":{"start":{"line":12,"column":0},"end":{"line":12,"column":33}},"6":{"start":{"line":14,"column":0},"end":{"line":14,"column":43}},"7":{"start":{"line":16,"column":0},"end":{"line":16,"column":59}},"8":{"start":{"line":22,"column":7},"end":{"line":438,"column":null}},"9":{"start":{"line":24,"column":12},"end":{"line":24,"column":25}},"10":{"start":{"line":25,"column":12},"end":{"line":25,"column":24}},"11":{"start":{"line":26,"column":12},"end":{"line":26,"column":25}},"12":{"start":{"line":27,"column":12},"end":{"line":27,"column":20}},"13":{"start":{"line":38,"column":25},"end":{"line":38,"column":69}},"14":{"start":{"line":40,"column":4},"end":{"line":48,"column":5}},"15":{"start":{"line":41,"column":6},"end":{"line":45,"column":7}},"16":{"start":{"line":42,"column":8},"end":{"line":44,"column":10}},"17":{"start":{"line":47,"column":6},"end":{"line":47,"column":26}},"18":{"start":{"line":49,"column":4},"end":{"line":49,"column":16}},"19":{"start":{"line":63,"column":31},"end":{"line":69,"column":6}},"20":{"start":{"line":70,"column":32},"end":{"line":73,"column":6}},"21":{"start":{"line":75,"column":40},"end":{"line":82,"column":6}},"22":{"start":{"line":84,"column":4},"end":{"line":87,"column":6}},"23":{"start":{"line":97,"column":23},"end":{"line":97,"column":25}},"24":{"start":{"line":98,"column":31},"end":{"line":98,"column":74}},"25":{"start":{"line":99,"column":4},"end":{"line":99,"column":74}},"26":{"start":{"line":109,"column":35},"end":{"line":115,"column":6}},"27":{"start":{"line":116,"column":19},"end":{"line":116,"column":69}},"28":{"start":{"line":118,"column":4},"end":{"line":121,"column":6}},"29":{"start":{"line":122,"column":4},"end":{"line":122,"column":18}},"30":{"start":{"line":130,"column":4},"end":{"line":130,"column":60}},"31":{"start":{"line":140,"column":25},"end":{"line":143,"column":6}},"32":{"start":{"line":145,"column":4},"end":{"line":147,"column":5}},"33":{"start":{"line":146,"column":6},"end":{"line":146,"column":77}},"34":{"start":{"line":149,"column":32},"end":{"line":151,"column":null}},"35":{"start":{"line":154,"column":4},"end":{"line":156,"column":5}},"36":{"start":{"line":155,"column":6},"end":{"line":155,"column":75}},"37":{"start":{"line":159,"column":35},"end":{"line":165,"column":6}},"38":{"start":{"line":167,"column":19},"end":{"line":167,"column":69}},"39":{"start":{"line":168,"column":4},"end":{"line":168,"column":78}},"40":{"start":{"line":170,"column":4},"end":{"line":170,"column":18}},"41":{"start":{"line":177,"column":17},"end":{"line":177,"column":61}},"42":{"start":{"line":178,"column":4},"end":{"line":183,"column":5}},"43":{"start":{"line":179,"column":6},"end":{"line":179,"column":78}},"44":{"start":{"line":180,"column":6},"end":{"line":182,"column":8}},"45":{"start":{"line":185,"column":21},"end":{"line":185,"column":59}},"46":{"start":{"line":187,"column":24},"end":{"line":190,"column":20}},"47":{"start":{"line":192,"column":20},"end":{"line":192,"column":30}},"48":{"start":{"line":193,"column":4},"end":{"line":193,"column":45}},"49":{"start":{"line":195,"column":4},"end":{"line":209,"column":5}},"50":{"start":{"line":197,"column":6},"end":{"line":203,"column":9}},"51":{"start":{"line":205,"column":6},"end":{"line":205,"column":70}},"52":{"start":{"line":206,"column":6},"end":{"line":208,"column":8}},"53":{"start":{"line":211,"column":4},"end":{"line":219,"column":5}},"54":{"start":{"line":212,"column":6},"end":{"line":216,"column":8}},"55":{"start":{"line":218,"column":6},"end":{"line":218,"column":66}},"56":{"start":{"line":221,"column":4},"end":{"line":223,"column":6}},"57":{"start":{"line":232,"column":55},"end":{"line":232,"column":71}},"58":{"start":{"line":235,"column":24},"end":{"line":238,"column":20}},"59":{"start":{"line":241,"column":17},"end":{"line":243,"column":6}},"60":{"start":{"line":245,"column":4},"end":{"line":247,"column":5}},"61":{"start":{"line":246,"column":6},"end":{"line":246,"column":73}},"62":{"start":{"line":248,"column":4},"end":{"line":255,"column":5}},"63":{"start":{"line":250,"column":6},"end":{"line":253,"column":9}},"64":{"start":{"line":254,"column":6},"end":{"line":254,"column":79}},"65":{"start":{"line":258,"column":23},"end":{"line":258,"column":25}},"66":{"start":{"line":259,"column":30},"end":{"line":259,"column":72}},"67":{"start":{"line":261,"column":4},"end":{"line":272,"column":5}},"68":{"start":{"line":263,"column":6},"end":{"line":263,"column":72}},"69":{"start":{"line":265,"column":6},"end":{"line":268,"column":9}},"70":{"start":{"line":270,"column":6},"end":{"line":270,"column":67}},"71":{"start":{"line":271,"column":6},"end":{"line":271,"column":76}},"72":{"start":{"line":274,"column":4},"end":{"line":274,"column":53}},"73":{"start":{"line":284,"column":25},"end":{"line":285,"column":null}},"74":{"start":{"line":287,"column":4},"end":{"line":294,"column":5}},"75":{"start":{"line":288,"column":6},"end":{"line":292,"column":7}},"76":{"start":{"line":289,"column":8},"end":{"line":291,"column":10}},"77":{"start":{"line":293,"column":6},"end":{"line":293,"column":78}},"78":{"start":{"line":296,"column":23},"end":{"line":296,"column":25}},"79":{"start":{"line":297,"column":27},"end":{"line":297,"column":78}},"80":{"start":{"line":300,"column":28},"end":{"line":300,"column":35}},"81":{"start":{"line":301,"column":22},"end":{"line":303,"column":6}},"82":{"start":{"line":305,"column":4},"end":{"line":310,"column":5}},"83":{"start":{"line":306,"column":6},"end":{"line":306,"column":80}},"84":{"start":{"line":307,"column":6},"end":{"line":309,"column":8}},"85":{"start":{"line":314,"column":4},"end":{"line":329,"column":5}},"86":{"start":{"line":315,"column":54},"end":{"line":321,"column":8}},"87":{"start":{"line":322,"column":6},"end":{"line":322,"column":58}},"88":{"start":{"line":324,"column":6},"end":{"line":324,"column":74}},"89":{"start":{"line":325,"column":22},"end":{"line":325,"column":76}},"90":{"start":{"line":326,"column":6},"end":{"line":328,"column":8}},"91":{"start":{"line":332,"column":33},"end":{"line":332,"column":71}},"92":{"start":{"line":333,"column":36},"end":{"line":336,"column":20}},"93":{"start":{"line":338,"column":4},"end":{"line":350,"column":5}},"94":{"start":{"line":339,"column":6},"end":{"line":342,"column":9}},"95":{"start":{"line":343,"column":6},"end":{"line":347,"column":8}},"96":{"start":{"line":349,"column":6},"end":{"line":349,"column":71}},"97":{"start":{"line":352,"column":4},"end":{"line":355,"column":6}},"98":{"start":{"line":363,"column":24},"end":{"line":366,"column":20}},"99":{"start":{"line":369,"column":17},"end":{"line":371,"column":6}},"100":{"start":{"line":374,"column":4},"end":{"line":378,"column":5}},"101":{"start":{"line":375,"column":6},"end":{"line":377,"column":8}},"102":{"start":{"line":381,"column":4},"end":{"line":392,"column":5}},"103":{"start":{"line":382,"column":6},"end":{"line":388,"column":9}},"104":{"start":{"line":390,"column":6},"end":{"line":390,"column":53}},"105":{"start":{"line":391,"column":6},"end":{"line":391,"column":75}},"106":{"start":{"line":394,"column":4},"end":{"line":394,"column":55}},"107":{"start":{"line":401,"column":17},"end":{"line":401,"column":61}},"108":{"start":{"line":402,"column":4},"end":{"line":407,"column":5}},"109":{"start":{"line":403,"column":6},"end":{"line":406,"column":8}},"110":{"start":{"line":409,"column":4},"end":{"line":411,"column":5}},"111":{"start":{"line":410,"column":6},"end":{"line":410,"column":65}},"112":{"start":{"line":414,"column":21},"end":{"line":414,"column":59}},"113":{"start":{"line":415,"column":24},"end":{"line":418,"column":20}},"114":{"start":{"line":420,"column":4},"end":{"line":436,"column":5}},"115":{"start":{"line":421,"column":6},"end":{"line":424,"column":9}},"116":{"start":{"line":425,"column":6},"end":{"line":429,"column":8}},"117":{"start":{"line":430,"column":6},"end":{"line":430,"column":65}},"118":{"start":{"line":432,"column":6},"end":{"line":432,"column":66}},"119":{"start":{"line":433,"column":6},"end":{"line":435,"column":8}},"120":{"start":{"line":22,"column":13},"end":{"line":22,"column":24}},"121":{"start":{"line":22,"column":13},"end":{"line":438,"column":null}}},"fnMap":{"0":{"name":"(anonymous_2)","decl":{"start":{"line":23,"column":2},"end":{"line":23,"column":null}},"loc":{"start":{"line":27,"column":33},"end":{"line":28,"column":6}}},"1":{"name":"(anonymous_3)","decl":{"start":{"line":34,"column":2},"end":{"line":34,"column":7}},"loc":{"start":{"line":36,"column":16},"end":{"line":50,"column":3}}},"2":{"name":"(anonymous_4)","decl":{"start":{"line":55,"column":10},"end":{"line":55,"column":15}},"loc":{"start":{"line":61,"column":3},"end":{"line":88,"column":3}}},"3":{"name":"(anonymous_5)","decl":{"start":{"line":93,"column":10},"end":{"line":93,"column":15}},"loc":{"start":{"line":95,"column":24},"end":{"line":100,"column":3}}},"4":{"name":"(anonymous_6)","decl":{"start":{"line":105,"column":2},"end":{"line":105,"column":7}},"loc":{"start":{"line":106,"column":55},"end":{"line":123,"column":3}}},"5":{"name":"(anonymous_7)","decl":{"start":{"line":128,"column":2},"end":{"line":128,"column":7}},"loc":{"start":{"line":128,"column":29},"end":{"line":131,"column":3}}},"6":{"name":"(anonymous_8)","decl":{"start":{"line":136,"column":2},"end":{"line":136,"column":7}},"loc":{"start":{"line":136,"column":58},"end":{"line":171,"column":3}}},"7":{"name":"(anonymous_9)","decl":{"start":{"line":176,"column":2},"end":{"line":176,"column":7}},"loc":{"start":{"line":176,"column":36},"end":{"line":224,"column":3}}},"8":{"name":"(anonymous_10)","decl":{"start":{"line":229,"column":2},"end":{"line":229,"column":7}},"loc":{"start":{"line":230,"column":38},"end":{"line":275,"column":3}}},"9":{"name":"(anonymous_11)","decl":{"start":{"line":281,"column":2},"end":{"line":281,"column":7}},"loc":{"start":{"line":282,"column":58},"end":{"line":356,"column":3}}},"10":{"name":"(anonymous_12)","decl":{"start":{"line":361,"column":2},"end":{"line":361,"column":7}},"loc":{"start":{"line":361,"column":36},"end":{"line":395,"column":3}}},"11":{"name":"(anonymous_13)","decl":{"start":{"line":400,"column":2},"end":{"line":400,"column":7}},"loc":{"start":{"line":400,"column":45},"end":{"line":437,"column":3}}}},"branchMap":{"0":{"loc":{"start":{"line":40,"column":4},"end":{"line":48,"column":5}},"type":"if","locations":[{"start":{"line":40,"column":4},"end":{"line":48,"column":5}}]},"1":{"loc":{"start":{"line":40,"column":8},"end":{"line":40,"column":75}},"type":"binary-expr","locations":[{"start":{"line":40,"column":8},"end":{"line":40,"column":20}},{"start":{"line":40,"column":25},"end":{"line":40,"column":74}}]},"2":{"loc":{"start":{"line":41,"column":6},"end":{"line":45,"column":7}},"type":"if","locations":[{"start":{"line":41,"column":6},"end":{"line":45,"column":7}}]},"3":{"loc":{"start":{"line":145,"column":4},"end":{"line":147,"column":5}},"type":"if","locations":[{"start":{"line":145,"column":4},"end":{"line":147,"column":5}}]},"4":{"loc":{"start":{"line":145,"column":8},"end":{"line":145,"column":57}},"type":"binary-expr","locations":[{"start":{"line":145,"column":8},"end":{"line":145,"column":21}},{"start":{"line":145,"column":25},"end":{"line":145,"column":57}}]},"5":{"loc":{"start":{"line":154,"column":4},"end":{"line":156,"column":5}},"type":"if","locations":[{"start":{"line":154,"column":4},"end":{"line":156,"column":5}}]},"6":{"loc":{"start":{"line":178,"column":4},"end":{"line":183,"column":5}},"type":"if","locations":[{"start":{"line":178,"column":4},"end":{"line":183,"column":5}}]},"7":{"loc":{"start":{"line":214,"column":8},"end":{"line":214,"column":31}},"type":"binary-expr","locations":[{"start":{"line":214,"column":8},"end":{"line":214,"column":17}},{"start":{"line":214,"column":21},"end":{"line":214,"column":31}}]},"8":{"loc":{"start":{"line":245,"column":4},"end":{"line":247,"column":5}},"type":"if","locations":[{"start":{"line":245,"column":4},"end":{"line":247,"column":5}}]},"9":{"loc":{"start":{"line":248,"column":4},"end":{"line":255,"column":5}},"type":"if","locations":[{"start":{"line":248,"column":4},"end":{"line":255,"column":5}}]},"10":{"loc":{"start":{"line":248,"column":8},"end":{"line":248,"column":76}},"type":"binary-expr","locations":[{"start":{"line":248,"column":8},"end":{"line":248,"column":34}},{"start":{"line":248,"column":38},"end":{"line":248,"column":76}}]},"11":{"loc":{"start":{"line":287,"column":4},"end":{"line":294,"column":5}},"type":"if","locations":[{"start":{"line":287,"column":4},"end":{"line":294,"column":5}}]},"12":{"loc":{"start":{"line":288,"column":6},"end":{"line":292,"column":7}},"type":"if","locations":[{"start":{"line":288,"column":6},"end":{"line":292,"column":7}}]},"13":{"loc":{"start":{"line":305,"column":4},"end":{"line":310,"column":5}},"type":"if","locations":[{"start":{"line":305,"column":4},"end":{"line":310,"column":5}}]},"14":{"loc":{"start":{"line":325,"column":22},"end":{"line":325,"column":76}},"type":"cond-expr","locations":[{"start":{"line":325,"column":47},"end":{"line":325,"column":60}},{"start":{"line":325,"column":63},"end":{"line":325,"column":76}}]},"15":{"loc":{"start":{"line":345,"column":8},"end":{"line":345,"column":34}},"type":"binary-expr","locations":[{"start":{"line":345,"column":8},"end":{"line":345,"column":20}},{"start":{"line":345,"column":24},"end":{"line":345,"column":34}}]},"16":{"loc":{"start":{"line":374,"column":4},"end":{"line":378,"column":5}},"type":"if","locations":[{"start":{"line":374,"column":4},"end":{"line":378,"column":5}}]},"17":{"loc":{"start":{"line":402,"column":4},"end":{"line":407,"column":5}},"type":"if","locations":[{"start":{"line":402,"column":4},"end":{"line":407,"column":5}}]},"18":{"loc":{"start":{"line":409,"column":4},"end":{"line":411,"column":5}},"type":"if","locations":[{"start":{"line":409,"column":4},"end":{"line":411,"column":5}}]},"19":{"loc":{"start":{"line":427,"column":8},"end":{"line":427,"column":31}},"type":"binary-expr","locations":[{"start":{"line":427,"column":8},"end":{"line":427,"column":17}},{"start":{"line":427,"column":21},"end":{"line":427,"column":31}}]}},"s":{"0":2,"1":2,"2":2,"3":2,"4":2,"5":2,"6":2,"7":2,"8":2,"9":21,"10":21,"11":21,"12":21,"13":5,"14":5,"15":3,"16":2,"17":1,"18":2,"19":2,"20":2,"21":2,"22":2,"23":2,"24":2,"25":2,"26":1,"27":1,"28":1,"29":1,"30":1,"31":6,"32":6,"33":3,"34":3,"35":3,"36":2,"37":1,"38":1,"39":1,"40":1,"41":2,"42":2,"43":1,"44":1,"45":1,"46":1,"47":1,"48":1,"49":1,"50":1,"51":0,"52":0,"53":1,"54":1,"55":0,"56":1,"57":3,"58":3,"59":3,"60":3,"61":0,"62":3,"63":2,"64":2,"65":1,"66":1,"67":1,"68":1,"69":1,"70":0,"71":0,"72":1,"73":7,"74":7,"75":4,"76":2,"77":2,"78":3,"79":3,"80":3,"81":3,"82":3,"83":2,"84":2,"85":1,"86":1,"87":1,"88":0,"89":0,"90":0,"91":1,"92":1,"93":1,"94":1,"95":1,"96":0,"97":1,"98":3,"99":3,"100":3,"101":2,"102":1,"103":1,"104":0,"105":0,"106":1,"107":0,"108":0,"109":0,"110":0,"111":0,"112":0,"113":0,"114":0,"115":0,"116":0,"117":0,"118":0,"119":0,"120":2,"121":2},"f":{"0":21,"1":5,"2":2,"3":2,"4":1,"5":1,"6":6,"7":2,"8":3,"9":7,"10":3,"11":0},"b":{"0":[3],"1":[5,4],"2":[2],"3":[3],"4":[6,5],"5":[2],"6":[1],"7":[1,0],"8":[0],"9":[2],"10":[3,3],"11":[4],"12":[2],"13":[2],"14":[0,0],"15":[1,0],"16":[2],"17":[0],"18":[0],"19":[0,0]}}
,"/Users/bhakti/Work/research/sso-boilerplate-ts/sso-server/src/auth/constants.ts": {"path":"/Users/bhakti/Work/research/sso-boilerplate-ts/sso-server/src/auth/constants.ts","statementMap":{"0":{"start":{"line":1,"column":0},"end":{"line":1,"column":29}},"1":{"start":{"line":4,"column":0},"end":{"line":6,"column":1}},"2":{"start":{"line":5,"column":2},"end":{"line":5,"column":67}},"3":{"start":{"line":8,"column":13},"end":{"line":22,"column":2}}},"fnMap":{},"branchMap":{"0":{"loc":{"start":{"line":4,"column":0},"end":{"line":6,"column":1}},"type":"if","locations":[{"start":{"line":4,"column":0},"end":{"line":6,"column":1}}]},"1":{"loc":{"start":{"line":19,"column":15},"end":{"line":19,"column":68}},"type":"binary-expr","locations":[{"start":{"line":19,"column":15},"end":{"line":19,"column":60}},{"start":{"line":19,"column":64},"end":{"line":19,"column":68}}]}},"s":{"0":2,"1":2,"2":0,"3":2},"f":{},"b":{"0":[0],"1":[2,0]}}
,"/Users/bhakti/Work/research/sso-boilerplate-ts/sso-server/src/auth/dto/forgot-password.dto.ts": {"path":"/Users/bhakti/Work/research/sso-boilerplate-ts/sso-server/src/auth/dto/forgot-password.dto.ts","statementMap":{"0":{"start":{"line":1,"column":0},"end":{"line":1,"column":54}},"1":{"start":{"line":2,"column":0},"end":{"line":2,"column":46}},"2":{"start":{"line":4,"column":0},"end":{"line":4,"column":13}},"3":{"start":{"line":11,"column":2},"end":{"line":11,"column":null}}},"fnMap":{},"branchMap":{},"s":{"0":1,"1":1,"2":1,"3":1},"f":{},"b":{}}
,"/Users/bhakti/Work/research/sso-boilerplate-ts/sso-server/src/auth/dto/login-response.dto.ts": {"path":"/Users/bhakti/Work/research/sso-boilerplate-ts/sso-server/src/auth/dto/login-response.dto.ts","statementMap":{"0":{"start":{"line":1,"column":0},"end":{"line":1,"column":46}},"1":{"start":{"line":3,"column":0},"end":{"line":3,"column":13}},"2":{"start":{"line":8,"column":2},"end":{"line":8,"column":null}},"3":{"start":{"line":14,"column":2},"end":{"line":14,"column":null}}},"fnMap":{},"branchMap":{},"s":{"0":1,"1":1,"2":1,"3":1},"f":{},"b":{}}
,"/Users/bhakti/Work/research/sso-boilerplate-ts/sso-server/src/auth/dto/login.dto.ts": {"path":"/Users/bhakti/Work/research/sso-boilerplate-ts/sso-server/src/auth/dto/login.dto.ts","statementMap":{"0":{"start":{"line":1,"column":0},"end":{"line":1,"column":46}},"1":{"start":{"line":2,"column":0},"end":{"line":2,"column":64}},"2":{"start":{"line":4,"column":0},"end":{"line":4,"column":13}},"3":{"start":{"line":11,"column":2},"end":{"line":11,"column":null}},"4":{"start":{"line":19,"column":2},"end":{"line":19,"column":null}}},"fnMap":{},"branchMap":{},"s":{"0":1,"1":1,"2":1,"3":1,"4":1},"f":{},"b":{}}
,"/Users/bhakti/Work/research/sso-boilerplate-ts/sso-server/src/auth/dto/profile-response.dto.ts": {"path":"/Users/bhakti/Work/research/sso-boilerplate-ts/sso-server/src/auth/dto/profile-response.dto.ts","statementMap":{"0":{"start":{"line":1,"column":0},"end":{"line":1,"column":46}},"1":{"start":{"line":3,"column":0},"end":{"line":3,"column":13}},"2":{"start":{"line":5,"column":2},"end":{"line":5,"column":null}},"3":{"start":{"line":11,"column":2},"end":{"line":11,"column":null}},"4":{"start":{"line":18,"column":2},"end":{"line":18,"column":null}},"5":{"start":{"line":24,"column":2},"end":{"line":24,"column":null}}},"fnMap":{},"branchMap":{},"s":{"0":1,"1":1,"2":1,"3":1,"4":1,"5":1},"f":{},"b":{}}
,"/Users/bhakti/Work/research/sso-boilerplate-ts/sso-server/src/auth/dto/register.dto.ts": {"path":"/Users/bhakti/Work/research/sso-boilerplate-ts/sso-server/src/auth/dto/register.dto.ts","statementMap":{"0":{"start":{"line":2,"column":0},"end":{"line":2,"column":null}},"1":{"start":{"line":9,"column":0},"end":{"line":9,"column":46}},"2":{"start":{"line":11,"column":0},"end":{"line":11,"column":13}},"3":{"start":{"line":15,"column":2},"end":{"line":15,"column":null}},"4":{"start":{"line":23,"column":2},"end":{"line":23,"column":null}},"5":{"start":{"line":37,"column":2},"end":{"line":37,"column":null}}},"fnMap":{},"branchMap":{},"s":{"0":1,"1":1,"2":1,"3":1,"4":1,"5":1},"f":{},"b":{}}
,"/Users/bhakti/Work/research/sso-boilerplate-ts/sso-server/src/auth/dto/reset-password.dto.ts": {"path":"/Users/bhakti/Work/research/sso-boilerplate-ts/sso-server/src/auth/dto/reset-password.dto.ts","statementMap":{"0":{"start":{"line":1,"column":0},"end":{"line":1,"column":56}},"1":{"start":{"line":2,"column":0},"end":{"line":2,"column":46}},"2":{"start":{"line":4,"column":0},"end":{"line":4,"column":13}},"3":{"start":{"line":10,"column":2},"end":{"line":10,"column":null}},"4":{"start":{"line":18,"column":2},"end":{"line":18,"column":null}}},"fnMap":{},"branchMap":{},"s":{"0":1,"1":1,"2":1,"3":1,"4":1},"f":{},"b":{}}
,"/Users/bhakti/Work/research/sso-boilerplate-ts/sso-server/src/auth/guards/jwt-auth.guard.ts": {"path":"/Users/bhakti/Work/research/sso-boilerplate-ts/sso-server/src/auth/guards/jwt-auth.guard.ts","statementMap":{"0":{"start":{"line":1,"column":0},"end":{"line":1,"column":62}},"1":{"start":{"line":2,"column":0},"end":{"line":2,"column":41}},"2":{"start":{"line":3,"column":0},"end":{"line":3,"column":45}},"3":{"start":{"line":5,"column":0},"end":{"line":5,"column":72}},"4":{"start":{"line":8,"column":7},"end":{"line":27,"column":null}},"5":{"start":{"line":10,"column":4},"end":{"line":10,"column":12}},"6":{"start":{"line":9,"column":22},"end":{"line":9,"column":33}},"7":{"start":{"line":16,"column":21},"end":{"line":19,"column":6}},"8":{"start":{"line":21,"column":4},"end":{"line":23,"column":5}},"9":{"start":{"line":22,"column":6},"end":{"line":22,"column":18}},"10":{"start":{"line":25,"column":4},"end":{"line":25,"column":38}},"11":{"start":{"line":8,"column":13},"end":{"line":8,"column":25}},"12":{"start":{"line":8,"column":13},"end":{"line":27,"column":null}}},"fnMap":{"0":{"name":"(anonymous_2)","decl":{"start":{"line":9,"column":2},"end":{"line":9,"column":22}},"loc":{"start":{"line":9,"column":42},"end":{"line":11,"column":3}}},"1":{"name":"(anonymous_3)","decl":{"start":{"line":13,"column":2},"end":{"line":13,"column":13}},"loc":{"start":{"line":14,"column":29},"end":{"line":26,"column":3}}}},"branchMap":{"0":{"loc":{"start":{"line":21,"column":4},"end":{"line":23,"column":5}},"type":"if","locations":[{"start":{"line":21,"column":4},"end":{"line":23,"column":5}}]}},"s":{"0":2,"1":2,"2":2,"3":2,"4":2,"5":0,"6":0,"7":0,"8":0,"9":0,"10":0,"11":2,"12":2},"f":{"0":0,"1":0},"b":{"0":[0]}}
,"/Users/bhakti/Work/research/sso-boilerplate-ts/sso-server/src/auth/guards/local-auth.guard.ts": {"path":"/Users/bhakti/Work/research/sso-boilerplate-ts/sso-server/src/auth/guards/local-auth.guard.ts","statementMap":{"0":{"start":{"line":1,"column":0},"end":{"line":1,"column":44}},"1":{"start":{"line":2,"column":0},"end":{"line":2,"column":45}},"2":{"start":{"line":5,"column":7},"end":{"line":5,"column":null}},"3":{"start":{"line":5,"column":13},"end":{"line":5,"column":27}},"4":{"start":{"line":5,"column":13},"end":{"line":5,"column":null}}},"fnMap":{},"branchMap":{},"s":{"0":0,"1":0,"2":0,"3":0,"4":0},"f":{},"b":{}}
,"/Users/bhakti/Work/research/sso-boilerplate-ts/sso-server/src/auth/guards/refresh-token.guard.ts": {"path":"/Users/bhakti/Work/research/sso-boilerplate-ts/sso-server/src/auth/guards/refresh-token.guard.ts","statementMap":{"0":{"start":{"line":1,"column":0},"end":{"line":1,"column":44}},"1":{"start":{"line":2,"column":0},"end":{"line":2,"column":45}},"2":{"start":{"line":6,"column":7},"end":{"line":6,"column":null}},"3":{"start":{"line":6,"column":13},"end":{"line":6,"column":30}},"4":{"start":{"line":6,"column":13},"end":{"line":6,"column":null}}},"fnMap":{},"branchMap":{},"s":{"0":1,"1":1,"2":1,"3":1,"4":1},"f":{},"b":{}}
,"/Users/bhakti/Work/research/sso-boilerplate-ts/sso-server/src/auth/permissions/permissions.decorator.ts": {"path":"/Users/bhakti/Work/research/sso-boilerplate-ts/sso-server/src/auth/permissions/permissions.decorator.ts","statementMap":{"0":{"start":{"line":1,"column":0},"end":{"line":1,"column":45}},"1":{"start":{"line":3,"column":13},"end":{"line":3,"column":45}},"2":{"start":{"line":4,"column":33},"end":{"line":5,"column":43}},"3":{"start":{"line":5,"column":2},"end":{"line":5,"column":43}},"4":{"start":{"line":4,"column":13},"end":{"line":4,"column":33}}},"fnMap":{"0":{"name":"(anonymous_0)","decl":{"start":{"line":4,"column":33},"end":{"line":4,"column":34}},"loc":{"start":{"line":5,"column":2},"end":{"line":5,"column":43}}}},"branchMap":{},"s":{"0":0,"1":0,"2":0,"3":0,"4":0},"f":{"0":0},"b":{}}
,"/Users/bhakti/Work/research/sso-boilerplate-ts/sso-server/src/auth/permissions/permissions.guard.ts": {"path":"/Users/bhakti/Work/research/sso-boilerplate-ts/sso-server/src/auth/permissions/permissions.guard.ts","statementMap":{"0":{"start":{"line":1,"column":0},"end":{"line":1,"column":null}},"1":{"start":{"line":8,"column":0},"end":{"line":8,"column":41}},"2":{"start":{"line":9,"column":0},"end":{"line":9,"column":59}},"3":{"start":{"line":10,"column":0},"end":{"line":10,"column":65}},"4":{"start":{"line":22,"column":7},"end":{"line":94,"column":null}},"5":{"start":{"line":24,"column":12},"end":{"line":24,"column":23}},"6":{"start":{"line":25,"column":12},"end":{"line":25,"column":20}},"7":{"start":{"line":30,"column":32},"end":{"line":32,"column":null}},"8":{"start":{"line":36,"column":4},"end":{"line":38,"column":5}},"9":{"start":{"line":37,"column":6},"end":{"line":37,"column":18}},"10":{"start":{"line":41,"column":20},"end":{"line":41,"column":55}},"11":{"start":{"line":42,"column":42},"end":{"line":42,"column":54}},"12":{"start":{"line":45,"column":4},"end":{"line":51,"column":5}},"13":{"start":{"line":50,"column":6},"end":{"line":50,"column":19}},"14":{"start":{"line":54,"column":25},"end":{"line":54,"column":34}},"15":{"start":{"line":55,"column":4},"end":{"line":60,"column":5}},"16":{"start":{"line":56,"column":6},"end":{"line":58,"column":8}},"17":{"start":{"line":59,"column":6},"end":{"line":59,"column":19}},"18":{"start":{"line":63,"column":32},"end":{"line":70,"column":6}},"19":{"start":{"line":73,"column":4},"end":{"line":76,"column":5}},"20":{"start":{"line":74,"column":6},"end":{"line":74,"column":79}},"21":{"start":{"line":75,"column":6},"end":{"line":75,"column":19}},"22":{"start":{"line":79,"column":28},"end":{"line":79,"column":78}},"23":{"start":{"line":79,"column":71},"end":{"line":79,"column":77}},"24":{"start":{"line":82,"column":30},"end":{"line":83,"column":null}},"25":{"start":{"line":83,"column":6},"end":{"line":83,"column":50}},"26":{"start":{"line":86,"column":4},"end":{"line":90,"column":5}},"27":{"start":{"line":87,"column":6},"end":{"line":89,"column":8}},"28":{"start":{"line":92,"column":4},"end":{"line":92,"column":16}},"29":{"start":{"line":22,"column":13},"end":{"line":22,"column":29}},"30":{"start":{"line":22,"column":13},"end":{"line":94,"column":null}}},"fnMap":{"0":{"name":"(anonymous_2)","decl":{"start":{"line":23,"column":2},"end":{"line":23,"column":null}},"loc":{"start":{"line":25,"column":33},"end":{"line":26,"column":6}}},"1":{"name":"(anonymous_3)","decl":{"start":{"line":28,"column":2},"end":{"line":28,"column":7}},"loc":{"start":{"line":28,"column":45},"end":{"line":93,"column":3}}},"2":{"name":"(anonymous_4)","decl":{"start":{"line":79,"column":64},"end":{"line":79,"column":65}},"loc":{"start":{"line":79,"column":71},"end":{"line":79,"column":77}}},"3":{"name":"(anonymous_5)","decl":{"start":{"line":82,"column":56},"end":{"line":82,"column":57}},"loc":{"start":{"line":83,"column":6},"end":{"line":83,"column":50}}}},"branchMap":{"0":{"loc":{"start":{"line":36,"column":4},"end":{"line":38,"column":5}},"type":"if","locations":[{"start":{"line":36,"column":4},"end":{"line":38,"column":5}}]},"1":{"loc":{"start":{"line":36,"column":8},"end":{"line":36,"column":64}},"type":"binary-expr","locations":[{"start":{"line":36,"column":8},"end":{"line":36,"column":28}},{"start":{"line":36,"column":32},"end":{"line":36,"column":64}}]},"2":{"loc":{"start":{"line":45,"column":4},"end":{"line":51,"column":5}},"type":"if","locations":[{"start":{"line":45,"column":4},"end":{"line":51,"column":5}}]},"3":{"loc":{"start":{"line":55,"column":4},"end":{"line":60,"column":5}},"type":"if","locations":[{"start":{"line":55,"column":4},"end":{"line":60,"column":5}}]},"4":{"loc":{"start":{"line":73,"column":4},"end":{"line":76,"column":5}},"type":"if","locations":[{"start":{"line":73,"column":4},"end":{"line":76,"column":5}}]},"5":{"loc":{"start":{"line":86,"column":4},"end":{"line":90,"column":5}},"type":"if","locations":[{"start":{"line":86,"column":4},"end":{"line":90,"column":5}}]}},"s":{"0":0,"1":0,"2":0,"3":0,"4":0,"5":0,"6":0,"7":0,"8":0,"9":0,"10":0,"11":0,"12":0,"13":0,"14":0,"15":0,"16":0,"17":0,"18":0,"19":0,"20":0,"21":0,"22":0,"23":0,"24":0,"25":0,"26":0,"27":0,"28":0,"29":0,"30":0},"f":{"0":0,"1":0,"2":0,"3":0},"b":{"0":[0],"1":[0,0],"2":[0],"3":[0],"4":[0],"5":[0]}}
,"/Users/bhakti/Work/research/sso-boilerplate-ts/sso-server/src/auth/permissions/require-permission.decorator.ts": {"path":"/Users/bhakti/Work/research/sso-boilerplate-ts/sso-server/src/auth/permissions/require-permission.decorator.ts","statementMap":{"0":{"start":{"line":1,"column":0},"end":{"line":1,"column":45}},"1":{"start":{"line":3,"column":13},"end":{"line":3,"column":45}},"2":{"start":{"line":5,"column":33},"end":{"line":6,"column":43}},"3":{"start":{"line":6,"column":2},"end":{"line":6,"column":43}},"4":{"start":{"line":5,"column":13},"end":{"line":5,"column":33}}},"fnMap":{"0":{"name":"(anonymous_0)","decl":{"start":{"line":5,"column":33},"end":{"line":5,"column":34}},"loc":{"start":{"line":6,"column":2},"end":{"line":6,"column":43}}}},"branchMap":{},"s":{"0":1,"1":1,"2":1,"3":1,"4":1},"f":{"0":1},"b":{}}
,"/Users/bhakti/Work/research/sso-boilerplate-ts/sso-server/src/auth/strategies/jwt.strategy.ts": {"path":"/Users/bhakti/Work/research/sso-boilerplate-ts/sso-server/src/auth/strategies/jwt.strategy.ts","statementMap":{"0":{"start":{"line":1,"column":0},"end":{"line":1,"column":52}},"1":{"start":{"line":2,"column":0},"end":{"line":2,"column":52}},"2":{"start":{"line":3,"column":0},"end":{"line":3,"column":44}},"3":{"start":{"line":4,"column":0},"end":{"line":4,"column":25}},"4":{"start":{"line":5,"column":0},"end":{"line":5,"column":47}},"5":{"start":{"line":18,"column":7},"end":{"line":72,"column":null}},"6":{"start":{"line":20,"column":26},"end":{"line":20,"column":74}},"7":{"start":{"line":21,"column":22},"end":{"line":23,"column":null}},"8":{"start":{"line":26,"column":4},"end":{"line":34,"column":5}},"9":{"start":{"line":33,"column":6},"end":{"line":33,"column":75}},"10":{"start":{"line":37,"column":4},"end":{"line":48,"column":5}},"11":{"start":{"line":38,"column":6},"end":{"line":40,"column":7}},"12":{"start":{"line":39,"column":8},"end":{"line":39,"column":75}},"13":{"start":{"line":41,"column":6},"end":{"line":41,"column":57}},"14":{"start":{"line":43,"column":6},"end":{"line":46,"column":8}},"15":{"start":{"line":47,"column":6},"end":{"line":47,"column":56}},"16":{"start":{"line":50,"column":4},"end":{"line":55,"column":7}},"17":{"start":{"line":64,"column":4},"end":{"line":70,"column":6}},"18":{"start":{"line":18,"column":13},"end":{"line":18,"column":24}},"19":{"start":{"line":18,"column":13},"end":{"line":72,"column":null}}},"fnMap":{"0":{"name":"(anonymous_2)","decl":{"start":{"line":19,"column":2},"end":{"line":19,"column":14}},"loc":{"start":{"line":19,"column":42},"end":{"line":56,"column":3}}},"1":{"name":"(anonymous_3)","decl":{"start":{"line":62,"column":2},"end":{"line":62,"column":10}},"loc":{"start":{"line":62,"column":30},"end":{"line":71,"column":3}}}},"branchMap":{"0":{"loc":{"start":{"line":26,"column":4},"end":{"line":34,"column":5}},"type":"if","locations":[{"start":{"line":26,"column":4},"end":{"line":34,"column":5}}]},"1":{"loc":{"start":{"line":38,"column":6},"end":{"line":40,"column":7}},"type":"if","locations":[{"start":{"line":38,"column":6},"end":{"line":40,"column":7}}]}},"s":{"0":1,"1":1,"2":1,"3":1,"4":1,"5":1,"6":4,"7":4,"8":4,"9":0,"10":4,"11":4,"12":0,"13":4,"14":0,"15":0,"16":4,"17":2,"18":1,"19":1},"f":{"0":4,"1":2},"b":{"0":[0],"1":[0]}}
,"/Users/bhakti/Work/research/sso-boilerplate-ts/sso-server/src/auth/strategies/refresh-token.strategy.ts": {"path":"/Users/bhakti/Work/research/sso-boilerplate-ts/sso-server/src/auth/strategies/refresh-token.strategy.ts","statementMap":{"0":{"start":{"line":1,"column":0},"end":{"line":1,"column":52}},"1":{"start":{"line":2,"column":0},"end":{"line":2,"column":52}},"2":{"start":{"line":4,"column":0},"end":{"line":4,"column":44}},"3":{"start":{"line":5,"column":0},"end":{"line":5,"column":51}},"4":{"start":{"line":14,"column":7},"end":{"line":44,"column":null}},"5":{"start":{"line":19,"column":4},"end":{"line":27,"column":7}},"6":{"start":{"line":36,"column":23},"end":{"line":36,"column":47}},"7":{"start":{"line":38,"column":4},"end":{"line":40,"column":5}},"8":{"start":{"line":39,"column":6},"end":{"line":39,"column":56}},"9":{"start":{"line":41,"column":25},"end":{"line":41,"column":64}},"10":{"start":{"line":42,"column":4},"end":{"line":42,"column":40}},"11":{"start":{"line":14,"column":13},"end":{"line":14,"column":33}},"12":{"start":{"line":14,"column":13},"end":{"line":44,"column":null}}},"fnMap":{"0":{"name":"(anonymous_2)","decl":{"start":{"line":18,"column":2},"end":{"line":18,"column":null}},"loc":{"start":{"line":18,"column":2},"end":{"line":28,"column":3}}},"1":{"name":"(anonymous_3)","decl":{"start":{"line":35,"column":2},"end":{"line":35,"column":10}},"loc":{"start":{"line":35,"column":53},"end":{"line":43,"column":3}}}},"branchMap":{"0":{"loc":{"start":{"line":38,"column":4},"end":{"line":40,"column":5}},"type":"if","locations":[{"start":{"line":38,"column":4},"end":{"line":40,"column":5}}]}},"s":{"0":1,"1":1,"2":1,"3":1,"4":1,"5":3,"6":2,"7":2,"8":1,"9":1,"10":1,"11":1,"12":1},"f":{"0":3,"1":2},"b":{"0":[1]}}
,"/Users/bhakti/Work/research/sso-boilerplate-ts/sso-server/src/common/decorators/public.decorator.ts": {"path":"/Users/bhakti/Work/research/sso-boilerplate-ts/sso-server/src/common/decorators/public.decorator.ts","statementMap":{"0":{"start":{"line":1,"column":0},"end":{"line":1,"column":45}},"1":{"start":{"line":3,"column":13},"end":{"line":3,"column":40}},"2":{"start":{"line":4,"column":22},"end":{"line":4,"column":60}},"3":{"start":{"line":4,"column":28},"end":{"line":4,"column":60}},"4":{"start":{"line":4,"column":13},"end":{"line":4,"column":22}}},"fnMap":{"0":{"name":"(anonymous_0)","decl":{"start":{"line":4,"column":22},"end":{"line":4,"column":25}},"loc":{"start":{"line":4,"column":28},"end":{"line":4,"column":60}}}},"branchMap":{},"s":{"0":2,"1":2,"2":2,"3":1,"4":2},"f":{"0":1},"b":{}}
,"/Users/bhakti/Work/research/sso-boilerplate-ts/sso-server/src/common/dto/success-message-response.dto.ts": {"path":"/Users/bhakti/Work/research/sso-boilerplate-ts/sso-server/src/common/dto/success-message-response.dto.ts","statementMap":{"0":{"start":{"line":1,"column":0},"end":{"line":1,"column":46}},"1":{"start":{"line":6,"column":0},"end":{"line":6,"column":13}},"2":{"start":{"line":11,"column":2},"end":{"line":11,"column":null}}},"fnMap":{},"branchMap":{},"s":{"0":1,"1":1,"2":1},"f":{},"b":{}}
,"/Users/bhakti/Work/research/sso-boilerplate-ts/sso-server/src/common/filters/all-exceptions.filter.ts": {"path":"/Users/bhakti/Work/research/sso-boilerplate-ts/sso-server/src/common/filters/all-exceptions.filter.ts","statementMap":{"0":{"start":{"line":1,"column":0},"end":{"line":1,"column":null}},"1":{"start":{"line":11,"column":7},"end":{"line":46,"column":null}},"2":{"start":{"line":13,"column":16},"end":{"line":13,"column":35}},"3":{"start":{"line":14,"column":21},"end":{"line":14,"column":48}},"4":{"start":{"line":15,"column":20},"end":{"line":15,"column":45}},"5":{"start":{"line":19,"column":6},"end":{"line":21,"column":42}},"6":{"start":{"line":24,"column":35},"end":{"line":24,"column":58}},"7":{"start":{"line":25,"column":4},"end":{"line":33,"column":5}},"8":{"start":{"line":26,"column":23},"end":{"line":26,"column":46}},"9":{"start":{"line":27,"column":6},"end":{"line":28,"column":76}},"10":{"start":{"line":31,"column":6},"end":{"line":31,"column":55}},"11":{"start":{"line":36,"column":26},"end":{"line":41,"column":6}},"12":{"start":{"line":44,"column":4},"end":{"line":44,"column":48}},"13":{"start":{"line":11,"column":13},"end":{"line":11,"column":32}},"14":{"start":{"line":11,"column":13},"end":{"line":46,"column":null}}},"fnMap":{"0":{"name":"(anonymous_1)","decl":{"start":{"line":12,"column":2},"end":{"line":12,"column":7}},"loc":{"start":{"line":12,"column":47},"end":{"line":45,"column":3}}}},"branchMap":{"0":{"loc":{"start":{"line":19,"column":6},"end":{"line":21,"column":42}},"type":"cond-expr","locations":[{"start":{"line":20,"column":10},"end":{"line":20,"column":31}},{"start":{"line":21,"column":10},"end":{"line":21,"column":42}}]},"1":{"loc":{"start":{"line":25,"column":4},"end":{"line":33,"column":5}},"type":"if","locations":[{"start":{"line":25,"column":4},"end":{"line":33,"column":5}},{"start":{"line":29,"column":11},"end":{"line":33,"column":5}}]},"2":{"loc":{"start":{"line":28,"column":8},"end":{"line":28,"column":75}},"type":"cond-expr","locations":[{"start":{"line":28,"column":39},"end":{"line":28,"column":47}},{"start":{"line":28,"column":51},"end":{"line":28,"column":75}}]}},"s":{"0":1,"1":1,"2":4,"3":4,"4":4,"5":4,"6":4,"7":4,"8":2,"9":2,"10":2,"11":4,"12":4,"13":1,"14":1},"f":{"0":4},"b":{"0":[2,2],"1":[2,2],"2":[1,1]}}
,"/Users/bhakti/Work/research/sso-boilerplate-ts/sso-server/src/mail/mail.module.ts": {"path":"/Users/bhakti/Work/research/sso-boilerplate-ts/sso-server/src/mail/mail.module.ts","statementMap":{"0":{"start":{"line":1,"column":0},"end":{"line":1,"column":40}},"1":{"start":{"line":2,"column":0},"end":{"line":2,"column":45}},"2":{"start":{"line":3,"column":0},"end":{"line":3,"column":46}},"3":{"start":{"line":10,"column":7},"end":{"line":10,"column":null}},"4":{"start":{"line":10,"column":13},"end":{"line":10,"column":23}},"5":{"start":{"line":10,"column":13},"end":{"line":10,"column":null}}},"fnMap":{},"branchMap":{},"s":{"0":0,"1":0,"2":0,"3":0,"4":0,"5":0},"f":{},"b":{}}
,"/Users/bhakti/Work/research/sso-boilerplate-ts/sso-server/src/mail/mail.service.ts": {"path":"/Users/bhakti/Work/research/sso-boilerplate-ts/sso-server/src/mail/mail.service.ts","statementMap":{"0":{"start":{"line":1,"column":0},"end":{"line":1,"column":74}},"1":{"start":{"line":2,"column":0},"end":{"line":2,"column":47}},"2":{"start":{"line":3,"column":0},"end":{"line":3,"column":41}},"3":{"start":{"line":7,"column":7},"end":{"line":116,"column":null}},"4":{"start":{"line":10,"column":22},"end":{"line":10,"column":37}},"5":{"start":{"line":12,"column":29},"end":{"line":20,"column":6}},"6":{"start":{"line":23,"column":4},"end":{"line":31,"column":5}},"7":{"start":{"line":24,"column":6},"end":{"line":26,"column":8}},"8":{"start":{"line":28,"column":6},"end":{"line":28,"column":77}},"9":{"start":{"line":30,"column":6},"end":{"line":30,"column":70}},"10":{"start":{"line":40,"column":28},"end":{"line":42,"column":null}},"11":{"start":{"line":44,"column":21},"end":{"line":44,"column":71}},"12":{"start":{"line":45,"column":21},"end":{"line":47,"column":null}},"13":{"start":{"line":50,"column":4},"end":{"line":52,"column":6}},"14":{"start":{"line":53,"column":4},"end":{"line":53,"column":42}},"15":{"start":{"line":55,"column":4},"end":{"line":71,"column":5}},"16":{"start":{"line":57,"column":6},"end":{"line":63,"column":9}},"17":{"start":{"line":64,"column":6},"end":{"line":64,"column":69}},"18":{"start":{"line":66,"column":6},"end":{"line":66,"column":75}},"19":{"start":{"line":68,"column":6},"end":{"line":70,"column":8}},"20":{"start":{"line":81,"column":28},"end":{"line":83,"column":null}},"21":{"start":{"line":85,"column":28},"end":{"line":85,"column":76}},"22":{"start":{"line":86,"column":21},"end":{"line":88,"column":null}},"23":{"start":{"line":91,"column":4},"end":{"line":93,"column":6}},"24":{"start":{"line":94,"column":4},"end":{"line":94,"column":56}},"25":{"start":{"line":95,"column":4},"end":{"line":95,"column":69}},"26":{"start":{"line":97,"column":4},"end":{"line":111,"column":5}},"27":{"start":{"line":98,"column":6},"end":{"line":104,"column":9}},"28":{"start":{"line":105,"column":6},"end":{"line":105,"column":67}},"29":{"start":{"line":107,"column":6},"end":{"line":107,"column":73}},"30":{"start":{"line":108,"column":6},"end":{"line":110,"column":8}},"31":{"start":{"line":7,"column":13},"end":{"line":7,"column":24}},"32":{"start":{"line":7,"column":13},"end":{"line":116,"column":null}}},"fnMap":{"0":{"name":"(anonymous_2)","decl":{"start":{"line":10,"column":2},"end":{"line":10,"column":22}},"loc":{"start":{"line":10,"column":50},"end":{"line":32,"column":3}}},"1":{"name":"(anonymous_3)","decl":{"start":{"line":34,"column":2},"end":{"line":34,"column":7}},"loc":{"start":{"line":37,"column":17},"end":{"line":72,"column":3}}},"2":{"name":"(anonymous_4)","decl":{"start":{"line":75,"column":2},"end":{"line":75,"column":7}},"loc":{"start":{"line":78,"column":17},"end":{"line":112,"column":3}}}},"branchMap":{"0":{"loc":{"start":{"line":23,"column":4},"end":{"line":31,"column":5}},"type":"if","locations":[{"start":{"line":23,"column":4},"end":{"line":31,"column":5}},{"start":{"line":29,"column":11},"end":{"line":31,"column":5}}]},"1":{"loc":{"start":{"line":23,"column":8},"end":{"line":23,"column":61}},"type":"binary-expr","locations":[{"start":{"line":23,"column":8},"end":{"line":23,"column":30}},{"start":{"line":23,"column":34},"end":{"line":23,"column":61}}]},"2":{"loc":{"start":{"line":61,"column":22},"end":{"line":61,"column":40}},"type":"binary-expr","locations":[{"start":{"line":61,"column":22},"end":{"line":61,"column":26}},{"start":{"line":61,"column":30},"end":{"line":61,"column":40}}]},"3":{"loc":{"start":{"line":102,"column":22},"end":{"line":102,"column":40}},"type":"binary-expr","locations":[{"start":{"line":102,"column":22},"end":{"line":102,"column":26}},{"start":{"line":102,"column":30},"end":{"line":102,"column":40}}]}},"s":{"0":2,"1":2,"2":2,"3":2,"4":0,"5":0,"6":0,"7":0,"8":0,"9":0,"10":0,"11":0,"12":0,"13":0,"14":0,"15":0,"16":0,"17":0,"18":0,"19":0,"20":0,"21":0,"22":0,"23":0,"24":0,"25":0,"26":0,"27":0,"28":0,"29":0,"30":0,"31":2,"32":2},"f":{"0":0,"1":0,"2":0},"b":{"0":[0,0],"1":[0,0],"2":[0,0],"3":[0,0]}}
,"/Users/bhakti/Work/research/sso-boilerplate-ts/sso-server/src/prisma/prisma.module.ts": {"path":"/Users/bhakti/Work/research/sso-boilerplate-ts/sso-server/src/prisma/prisma.module.ts","statementMap":{"0":{"start":{"line":1,"column":0},"end":{"line":1,"column":40}},"1":{"start":{"line":2,"column":0},"end":{"line":2,"column":49}},"2":{"start":{"line":8,"column":7},"end":{"line":8,"column":null}},"3":{"start":{"line":8,"column":13},"end":{"line":8,"column":25}},"4":{"start":{"line":8,"column":13},"end":{"line":8,"column":null}}},"fnMap":{},"branchMap":{},"s":{"0":0,"1":0,"2":0,"3":0,"4":0},"f":{},"b":{}}
,"/Users/bhakti/Work/research/sso-boilerplate-ts/sso-server/src/prisma/prisma.service.ts": {"path":"/Users/bhakti/Work/research/sso-boilerplate-ts/sso-server/src/prisma/prisma.service.ts","statementMap":{"0":{"start":{"line":1,"column":0},"end":{"line":1,"column":75}},"1":{"start":{"line":2,"column":0},"end":{"line":2,"column":74}},"2":{"start":{"line":3,"column":0},"end":{"line":3,"column":74}},"3":{"start":{"line":6,"column":7},"end":{"line":28,"column":null}},"4":{"start":{"line":11,"column":4},"end":{"line":11,"column":41}},"5":{"start":{"line":12,"column":4},"end":{"line":12,"column":41}},"6":{"start":{"line":17,"column":4},"end":{"line":17,"column":32}},"7":{"start":{"line":18,"column":4},"end":{"line":18,"column":32}},"8":{"start":{"line":19,"column":4},"end":{"line":19,"column":63}},"9":{"start":{"line":24,"column":4},"end":{"line":24,"column":35}},"10":{"start":{"line":25,"column":4},"end":{"line":25,"column":35}},"11":{"start":{"line":26,"column":4},"end":{"line":26,"column":55}},"12":{"start":{"line":6,"column":13},"end":{"line":6,"column":26}},"13":{"start":{"line":6,"column":13},"end":{"line":28,"column":null}}},"fnMap":{"0":{"name":"(anonymous_2)","decl":{"start":{"line":10,"column":2},"end":{"line":10,"column":null}},"loc":{"start":{"line":10,"column":2},"end":{"line":13,"column":3}}},"1":{"name":"(anonymous_3)","decl":{"start":{"line":15,"column":2},"end":{"line":15,"column":7}},"loc":{"start":{"line":15,"column":20},"end":{"line":20,"column":3}}},"2":{"name":"(anonymous_4)","decl":{"start":{"line":22,"column":2},"end":{"line":22,"column":7}},"loc":{"start":{"line":22,"column":23},"end":{"line":27,"column":3}}}},"branchMap":{},"s":{"0":5,"1":5,"2":5,"3":5,"4":0,"5":0,"6":0,"7":0,"8":0,"9":0,"10":0,"11":0,"12":5,"13":5},"f":{"0":0,"1":0,"2":0},"b":{}}
,"/Users/bhakti/Work/research/sso-boilerplate-ts/sso-server/src/user/user.controller.ts": {"path":"/Users/bhakti/Work/research/sso-boilerplate-ts/sso-server/src/user/user.controller.ts","statementMap":{"0":{"start":{"line":1,"column":0},"end":{"line":1,"column":null}},"1":{"start":{"line":10,"column":0},"end":{"line":10,"column":45}},"2":{"start":{"line":11,"column":0},"end":{"line":11,"column":63}},"3":{"start":{"line":12,"column":0},"end":{"line":12,"column":null}},"4":{"start":{"line":18,"column":0},"end":{"line":18,"column":56}},"5":{"start":{"line":19,"column":0},"end":{"line":19,"column":60}},"6":{"start":{"line":25,"column":7},"end":{"line":97,"column":null}},"7":{"start":{"line":26,"column":31},"end":{"line":26,"column":44}},"8":{"start":{"line":39,"column":19},"end":{"line":39,"column":34}},"9":{"start":{"line":40,"column":17},"end":{"line":40,"column":56}},"10":{"start":{"line":42,"column":4},"end":{"line":44,"column":5}},"11":{"start":{"line":43,"column":6},"end":{"line":43,"column":52}},"12":{"start":{"line":46,"column":35},"end":{"line":52,"column":6}},"13":{"start":{"line":54,"column":4},"end":{"line":54,"column":18}},"14":{"start":{"line":72,"column":19},"end":{"line":72,"column":34}},"15":{"start":{"line":75,"column":38},"end":{"line":75,"column":40}},"16":{"start":{"line":76,"column":4},"end":{"line":79,"column":5}},"17":{"start":{"line":77,"column":6},"end":{"line":78,"column":68}},"18":{"start":{"line":81,"column":24},"end":{"line":81,"column":77}},"19":{"start":{"line":83,"column":4},"end":{"line":85,"column":5}},"20":{"start":{"line":84,"column":6},"end":{"line":84,"column":52}},"21":{"start":{"line":87,"column":35},"end":{"line":93,"column":6}},"22":{"start":{"line":95,"column":4},"end":{"line":95,"column":18}},"23":{"start":{"line":25,"column":13},"end":{"line":25,"column":27}},"24":{"start":{"line":38,"column":8},"end":{"line":55,"column":null}},"25":{"start":{"line":68,"column":8},"end":{"line":96,"column":null}},"26":{"start":{"line":25,"column":13},"end":{"line":97,"column":null}}},"fnMap":{"0":{"name":"(anonymous_4)","decl":{"start":{"line":26,"column":2},"end":{"line":26,"column":31}},"loc":{"start":{"line":26,"column":55},"end":{"line":26,"column":59}}},"1":{"name":"(anonymous_5)","decl":{"start":{"line":38,"column":2},"end":{"line":38,"column":7}},"loc":{"start":{"line":38,"column":33},"end":{"line":55,"column":3}}},"2":{"name":"(anonymous_6)","decl":{"start":{"line":68,"column":2},"end":{"line":68,"column":7}},"loc":{"start":{"line":70,"column":46},"end":{"line":96,"column":3}}}},"branchMap":{"0":{"loc":{"start":{"line":42,"column":4},"end":{"line":44,"column":5}},"type":"if","locations":[{"start":{"line":42,"column":4},"end":{"line":44,"column":5}}]},"1":{"loc":{"start":{"line":76,"column":4},"end":{"line":79,"column":5}},"type":"if","locations":[{"start":{"line":76,"column":4},"end":{"line":79,"column":5}}]},"2":{"loc":{"start":{"line":78,"column":8},"end":{"line":78,"column":67}},"type":"cond-expr","locations":[{"start":{"line":78,"column":39},"end":{"line":78,"column":43}},{"start":{"line":78,"column":46},"end":{"line":78,"column":67}}]},"3":{"loc":{"start":{"line":83,"column":4},"end":{"line":85,"column":5}},"type":"if","locations":[{"start":{"line":83,"column":4},"end":{"line":85,"column":5}}]}},"s":{"0":1,"1":1,"2":1,"3":1,"4":1,"5":1,"6":1,"7":7,"8":2,"9":2,"10":2,"11":1,"12":1,"13":1,"14":4,"15":4,"16":4,"17":3,"18":4,"19":4,"20":1,"21":3,"22":3,"23":1,"24":1,"25":1,"26":1},"f":{"0":7,"1":2,"2":4},"b":{"0":[1],"1":[3],"2":[1,2],"3":[1]}}
,"/Users/bhakti/Work/research/sso-boilerplate-ts/sso-server/src/user/user.module.ts": {"path":"/Users/bhakti/Work/research/sso-boilerplate-ts/sso-server/src/user/user.module.ts","statementMap":{"0":{"start":{"line":1,"column":0},"end":{"line":1,"column":40}},"1":{"start":{"line":2,"column":0},"end":{"line":2,"column":45}},"2":{"start":{"line":3,"column":0},"end":{"line":3,"column":57}},"3":{"start":{"line":4,"column":0},"end":{"line":4,"column":51}},"4":{"start":{"line":12,"column":7},"end":{"line":12,"column":null}},"5":{"start":{"line":12,"column":13},"end":{"line":12,"column":23}},"6":{"start":{"line":12,"column":13},"end":{"line":12,"column":null}}},"fnMap":{},"branchMap":{},"s":{"0":0,"1":0,"2":0,"3":0,"4":0,"5":0,"6":0},"f":{},"b":{}}
,"/Users/bhakti/Work/research/sso-boilerplate-ts/sso-server/src/user/user.service.ts": {"path":"/Users/bhakti/Work/research/sso-boilerplate-ts/sso-server/src/user/user.service.ts","statementMap":{"0":{"start":{"line":1,"column":0},"end":{"line":1,"column":44}},"1":{"start":{"line":2,"column":0},"end":{"line":2,"column":59}},"2":{"start":{"line":9,"column":7},"end":{"line":103,"column":null}},"3":{"start":{"line":10,"column":22},"end":{"line":10,"column":30}},"4":{"start":{"line":15,"column":4},"end":{"line":21,"column":7}},"5":{"start":{"line":25,"column":4},"end":{"line":28,"column":7}},"6":{"start":{"line":33,"column":4},"end":{"line":35,"column":7}},"7":{"start":{"line":42,"column":4},"end":{"line":45,"column":7}},"8":{"start":{"line":53,"column":4},"end":{"line":56,"column":7}},"9":{"start":{"line":64,"column":4},"end":{"line":64,"column":22}},"10":{"start":{"line":66,"column":4},"end":{"line":66,"column":19}},"11":{"start":{"line":67,"column":4},"end":{"line":67,"column":25}},"12":{"start":{"line":68,"column":4},"end":{"line":68,"column":35}},"13":{"start":{"line":69,"column":4},"end":{"line":69,"column":32}},"14":{"start":{"line":70,"column":4},"end":{"line":70,"column":39}},"15":{"start":{"line":71,"column":4},"end":{"line":71,"column":35}},"16":{"start":{"line":72,"column":4},"end":{"line":72,"column":37}},"17":{"start":{"line":74,"column":4},"end":{"line":74,"column":23}},"18":{"start":{"line":75,"column":4},"end":{"line":75,"column":26}},"19":{"start":{"line":77,"column":4},"end":{"line":86,"column":5}},"20":{"start":{"line":79,"column":26},"end":{"line":79,"column":53}},"21":{"start":{"line":80,"column":6},"end":{"line":84,"column":7}},"22":{"start":{"line":82,"column":10},"end":{"line":82,"column":76}},"23":{"start":{"line":83,"column":10},"end":{"line":83,"column":22}},"24":{"start":{"line":85,"column":6},"end":{"line":85,"column":25}},"25":{"start":{"line":88,"column":4},"end":{"line":99,"column":5}},"26":{"start":{"line":89,"column":6},"end":{"line":93,"column":9}},"27":{"start":{"line":97,"column":8},"end":{"line":97,"column":63}},"28":{"start":{"line":98,"column":8},"end":{"line":98,"column":20}},"29":{"start":{"line":9,"column":13},"end":{"line":9,"column":24}},"30":{"start":{"line":9,"column":13},"end":{"line":103,"column":null}}},"fnMap":{"0":{"name":"(anonymous_2)","decl":{"start":{"line":10,"column":2},"end":{"line":10,"column":22}},"loc":{"start":{"line":10,"column":43},"end":{"line":10,"column":47}}},"1":{"name":"(anonymous_3)","decl":{"start":{"line":12,"column":2},"end":{"line":12,"column":7}},"loc":{"start":{"line":13,"column":17},"end":{"line":22,"column":3}}},"2":{"name":"(anonymous_4)","decl":{"start":{"line":24,"column":2},"end":{"line":24,"column":7}},"loc":{"start":{"line":24,"column":27},"end":{"line":29,"column":3}}},"3":{"name":"(anonymous_5)","decl":{"start":{"line":31,"column":2},"end":{"line":31,"column":7}},"loc":{"start":{"line":31,"column":48},"end":{"line":36,"column":3}}},"4":{"name":"(anonymous_6)","decl":{"start":{"line":38,"column":2},"end":{"line":38,"column":7}},"loc":{"start":{"line":40,"column":37},"end":{"line":46,"column":3}}},"5":{"name":"(anonymous_7)","decl":{"start":{"line":49,"column":2},"end":{"line":49,"column":7}},"loc":{"start":{"line":51,"column":29},"end":{"line":57,"column":3}}},"6":{"name":"(anonymous_8)","decl":{"start":{"line":59,"column":2},"end":{"line":59,"column":7}},"loc":{"start":{"line":61,"column":28},"end":{"line":100,"column":3}}}},"branchMap":{"0":{"loc":{"start":{"line":77,"column":4},"end":{"line":86,"column":5}},"type":"if","locations":[{"start":{"line":77,"column":4},"end":{"line":86,"column":5}}]},"1":{"loc":{"start":{"line":80,"column":6},"end":{"line":84,"column":7}},"type":"if","locations":[{"start":{"line":80,"column":6},"end":{"line":84,"column":7}}]}},"s":{"0":4,"1":4,"2":4,"3":17,"4":3,"5":6,"6":2,"7":2,"8":1,"9":5,"10":5,"11":5,"12":5,"13":5,"14":5,"15":5,"16":5,"17":5,"18":5,"19":5,"20":3,"21":3,"22":1,"23":1,"24":2,"25":2,"26":2,"27":0,"28":0,"29":4,"30":4},"f":{"0":17,"1":3,"2":6,"3":2,"4":2,"5":1,"6":5},"b":{"0":[3],"1":[1]}}
,"/Users/bhakti/Work/research/sso-boilerplate-ts/sso-server/src/user/dto/update-profile.dto.ts": {"path":"/Users/bhakti/Work/research/sso-boilerplate-ts/sso-server/src/user/dto/update-profile.dto.ts","statementMap":{"0":{"start":{"line":1,"column":0},"end":{"line":1,"column":54}},"1":{"start":{"line":2,"column":0},"end":{"line":2,"column":75}},"2":{"start":{"line":4,"column":0},"end":{"line":4,"column":13}},"3":{"start":{"line":17,"column":2},"end":{"line":17,"column":24}},"4":{"start":{"line":12,"column":21},"end":{"line":12,"column":34}}},"fnMap":{"0":{"name":"(anonymous_2)","decl":{"start":{"line":12,"column":14},"end":{"line":12,"column":15}},"loc":{"start":{"line":12,"column":21},"end":{"line":12,"column":34}}}},"branchMap":{},"s":{"0":1,"1":1,"2":1,"3":1,"4":0},"f":{"0":0},"b":{}}
,"/Users/bhakti/Work/research/sso-boilerplate-ts/sso-server/src/user/dto/view-profile.dto.ts": {"path":"/Users/bhakti/Work/research/sso-boilerplate-ts/sso-server/src/user/dto/view-profile.dto.ts","statementMap":{"0":{"start":{"line":1,"column":0},"end":{"line":1,"column":46}},"1":{"start":{"line":3,"column":0},"end":{"line":3,"column":13}},"2":{"start":{"line":5,"column":2},"end":{"line":5,"column":null}},"3":{"start":{"line":8,"column":2},"end":{"line":8,"column":null}},"4":{"start":{"line":11,"column":2},"end":{"line":11,"column":null}},"5":{"start":{"line":14,"column":2},"end":{"line":14,"column":null}},"6":{"start":{"line":17,"column":2},"end":{"line":17,"column":null}}},"fnMap":{},"branchMap":{},"s":{"0":1,"1":1,"2":1,"3":1,"4":1,"5":1,"6":1},"f":{},"b":{}}
}
