TN:
SF:src/app.controller.ts
FN:8,(anonymous_2)
FN:17,(anonymous_3)
FN:28,(anonymous_4)
FNF:3
FNH:2
FNDA:1,(anonymous_2)
FNDA:1,(anonymous_3)
FNDA:0,(anonymous_4)
DA:1,1
DA:2,1
DA:3,1
DA:7,1
DA:8,1
DA:17,1
DA:18,1
DA:28,1
DA:29,0
LF:9
LH:8
BRF:0
BRH:0
end_of_record
TN:
SF:src/app.module.ts
FNF:0
FNH:0
DA:1,0
DA:2,0
DA:3,0
DA:4,0
DA:5,0
DA:6,0
DA:7,0
DA:8,0
DA:9,0
DA:35,0
LF:10
LH:0
BRF:0
BRH:0
end_of_record
TN:
SF:src/app.service.ts
FN:6,(anonymous_2)
FN:8,(anonymous_3)
FN:12,(anonymous_4)
FNF:3
FNH:2
FNDA:1,(anonymous_2)
FNDA:1,(anonymous_3)
FNDA:0,(anonymous_4)
DA:1,1
DA:2,1
DA:5,1
DA:6,1
DA:9,1
DA:13,0
DA:19,0
DA:20,0
DA:21,0
DA:23,0
DA:24,0
DA:27,0
DA:28,0
DA:29,0
DA:31,0
DA:32,0
DA:35,0
DA:39,0
DA:42,0
LF:19
LH:5
BRDA:24,0,0,0
BRDA:24,0,1,0
BRDA:32,1,0,0
BRDA:32,1,1,0
BRDA:35,2,0,0
BRDA:36,3,0,0
BRDA:36,3,1,0
BRF:7
BRH:0
end_of_record
TN:
SF:src/main.ts
FN:7,bootstrap
FNF:1
FNH:0
FNDA:0,bootstrap
DA:1,0
DA:2,0
DA:3,0
DA:4,0
DA:5,0
DA:8,0
DA:10,0
DA:12,0
DA:20,0
DA:38,0
DA:39,0
DA:41,0
DA:43,0
DA:44,0
DA:46,0
LF:15
LH:0
BRDA:41,0,0,0
BRDA:41,0,1,0
BRF:2
BRH:0
end_of_record
TN:
SF:src/auth/auth.controller.ts
FN:63,(anonymous_4)
FN:80,(anonymous_5)
FN:105,(anonymous_6)
FN:125,(anonymous_7)
FN:154,(anonymous_8)
FN:175,(anonymous_9)
FN:198,(anonymous_10)
FN:212,(anonymous_11)
FN:229,(anonymous_12)
FN:248,(anonymous_13)
FNF:10
FNH:7
FNDA:12,(anonymous_4)
FNDA:0,(anonymous_5)
FNDA:0,(anonymous_6)
FNDA:2,(anonymous_7)
FNDA:2,(anonymous_8)
FNDA:1,(anonymous_9)
FNDA:2,(anonymous_10)
FNDA:0,(anonymous_11)
FNDA:2,(anonymous_12)
FNDA:2,(anonymous_13)
DA:1,1
DA:12,1
DA:20,1
DA:21,1
DA:22,1
DA:23,1
DA:25,1
DA:26,1
DA:27,1
DA:28,1
DA:29,1
DA:30,1
DA:31,1
DA:32,1
DA:33,1
DA:34,1
DA:35,1
DA:57,1
DA:62,1
DA:63,12
DA:80,1
DA:83,0
DA:105,1
DA:106,0
DA:125,1
DA:126,2
DA:128,2
DA:154,1
DA:155,2
DA:156,2
DA:157,2
DA:175,1
DA:179,1
DA:185,1
DA:198,1
DA:201,2
DA:212,1
DA:213,0
DA:229,1
DA:232,2
DA:248,1
DA:251,2
LF:42
LH:39
BRDA:182,0,0,1
BRDA:182,0,1,0
BRF:2
BRH:1
end_of_record
TN:
SF:src/auth/auth.module.ts
FN:24,(anonymous_1)
FNF:1
FNH:0
FNDA:0,(anonymous_1)
DA:1,0
DA:2,0
DA:3,0
DA:4,0
DA:5,0
DA:6,0
DA:7,0
DA:8,0
DA:9,0
DA:10,0
DA:11,0
DA:12,0
DA:13,0
DA:14,0
DA:27,0
DA:28,0
DA:29,0
DA:30,0
DA:31,0
DA:33,0
DA:35,0
DA:36,0
DA:41,0
DA:55,0
LF:24
LH:0
BRDA:35,0,0,0
BRDA:35,0,1,0
BRF:2
BRH:0
end_of_record
TN:
SF:src/auth/auth.service.ts
FN:25,(anonymous_2)
FN:36,(anonymous_3)
FN:59,(anonymous_4)
FN:89,(anonymous_5)
FN:101,(anonymous_6)
FN:110,(anonymous_7)
FN:118,(anonymous_8)
FN:148,(anonymous_9)
FN:201,(anonymous_10)
FN:253,(anonymous_11)
FN:343,(anonymous_12)
FNF:11
FNH:11
FNDA:20,(anonymous_2)
FNDA:5,(anonymous_3)
FNDA:2,(anonymous_4)
FNDA:2,(anonymous_5)
FNDA:1,(anonymous_6)
FNDA:1,(anonymous_7)
FNDA:7,(anonymous_8)
FNDA:2,(anonymous_9)
FNDA:3,(anonymous_10)
FNDA:5,(anonymous_11)
FNDA:3,(anonymous_12)
DA:1,2
DA:8,2
DA:9,2
DA:10,2
DA:11,2
DA:12,2
DA:14,2
DA:16,2
DA:24,2
DA:26,20
DA:27,20
DA:28,20
DA:29,20
DA:37,5
DA:40,5
DA:42,3
DA:44,2
DA:49,1
DA:50,1
DA:53,2
DA:60,2
DA:66,2
DA:71,2
DA:80,2
DA:93,2
DA:94,2
DA:95,2
DA:102,1
DA:103,1
DA:104,1
DA:112,1
DA:119,7
DA:121,7
DA:122,4
DA:126,3
DA:131,3
DA:134,2
DA:138,1
DA:140,1
DA:142,1
DA:149,2
DA:150,2
DA:151,1
DA:152,1
DA:157,1
DA:159,1
DA:164,1
DA:165,1
DA:167,1
DA:169,1
DA:177,0
DA:178,0
DA:183,1
DA:184,1
DA:190,0
DA:193,1
DA:204,3
DA:207,3
DA:213,3
DA:217,3
DA:218,0
DA:220,3
DA:222,2
DA:226,2
DA:230,1
DA:231,1
DA:233,1
DA:235,1
DA:237,1
DA:242,0
DA:243,0
DA:246,1
DA:256,5
DA:259,5
DA:262,4
DA:266,2
DA:270,2
DA:273,1
DA:274,1
DA:281,1
DA:282,1
DA:288,0
DA:289,0
DA:290,0
DA:296,1
DA:297,1
DA:303,1
DA:306,1
DA:307,1
DA:312,0
DA:314,0
DA:320,1
DA:323,1
DA:324,1
DA:330,0
DA:335,1
DA:345,3
DA:351,3
DA:356,3
DA:357,2
DA:363,1
DA:364,1
DA:372,0
DA:373,0
DA:376,1
LF:105
LH:91
BRDA:40,0,0,3
BRDA:40,1,0,5
BRDA:40,1,1,4
BRDA:42,2,0,2
BRDA:121,3,0,4
BRDA:121,4,0,7
BRDA:121,4,1,5
BRDA:131,5,0,2
BRDA:150,6,0,1
BRDA:186,7,0,1
BRDA:186,7,1,0
BRDA:217,8,0,0
BRDA:220,9,0,2
BRDA:220,10,0,3
BRDA:220,10,1,3
BRDA:259,11,0,4
BRDA:262,12,0,2
BRDA:289,13,0,0
BRDA:289,13,1,0
BRDA:326,14,0,1
BRDA:326,14,1,0
BRDA:356,15,0,2
BRF:22
BRH:17
end_of_record
TN:
SF:src/auth/constants.ts
FNF:0
FNH:0
DA:1,2
DA:4,2
DA:5,0
DA:8,2
LF:4
LH:3
BRDA:4,0,0,0
BRDA:19,1,0,2
BRDA:19,1,1,0
BRF:3
BRH:1
end_of_record
TN:
SF:src/auth/dto/forgot-password.dto.ts
FNF:0
FNH:0
DA:1,1
DA:2,1
DA:4,1
DA:11,1
LF:4
LH:4
BRF:0
BRH:0
end_of_record
TN:
SF:src/auth/dto/login-response.dto.ts
FNF:0
FNH:0
DA:1,1
DA:3,1
DA:8,1
DA:14,1
LF:4
LH:4
BRF:0
BRH:0
end_of_record
TN:
SF:src/auth/dto/login.dto.ts
FNF:0
FNH:0
DA:1,1
DA:2,1
DA:4,1
DA:11,1
DA:25,1
LF:5
LH:5
BRF:0
BRH:0
end_of_record
TN:
SF:src/auth/dto/profile-response.dto.ts
FNF:0
FNH:0
DA:1,1
DA:2,1
DA:4,1
DA:6,1
DA:12,1
DA:19,1
DA:26,1
LF:7
LH:7
BRF:0
BRH:0
end_of_record
TN:
SF:src/auth/dto/register.dto.ts
FNF:0
FNH:0
DA:2,1
DA:9,1
DA:11,1
DA:15,1
DA:23,1
DA:37,1
LF:6
LH:6
BRF:0
BRH:0
end_of_record
TN:
SF:src/auth/dto/reset-password.dto.ts
FNF:0
FNH:0
DA:1,1
DA:2,1
DA:4,1
DA:10,1
DA:18,1
LF:5
LH:5
BRF:0
BRH:0
end_of_record
TN:
SF:src/auth/guards/jwt-auth.guard.ts
FNF:0
FNH:0
DA:1,1
DA:2,1
DA:5,1
LF:3
LH:3
BRF:0
BRH:0
end_of_record
TN:
SF:src/auth/guards/local-auth.guard.ts
FNF:0
FNH:0
DA:1,1
DA:2,1
DA:5,1
LF:3
LH:3
BRF:0
BRH:0
end_of_record
TN:
SF:src/auth/guards/refresh-token.guard.ts
FNF:0
FNH:0
DA:1,1
DA:2,1
DA:6,1
LF:3
LH:3
BRF:0
BRH:0
end_of_record
TN:
SF:src/auth/roles/roles.decorator.ts
FN:6,(anonymous_0)
FNF:1
FNH:1
FNDA:1,(anonymous_0)
DA:1,1
DA:4,1
DA:6,1
LF:3
LH:3
BRF:0
BRH:0
end_of_record
TN:
SF:src/auth/roles/roles.enum.ts
FN:1,(anonymous_0)
FNF:1
FNH:1
FNDA:3,(anonymous_0)
DA:1,3
DA:2,3
DA:3,3
LF:3
LH:3
BRDA:1,0,0,3
BRDA:1,0,1,3
BRF:2
BRH:2
end_of_record
TN:
SF:src/auth/roles/roles.guard.ts
FN:16,(anonymous_2)
FN:18,(anonymous_3)
FN:40,(anonymous_4)
FNF:3
FNH:0
FNDA:0,(anonymous_2)
FNDA:0,(anonymous_3)
FNDA:0,(anonymous_4)
DA:1,1
DA:2,1
DA:4,1
DA:15,1
DA:16,0
DA:20,0
DA:26,0
DA:27,0
DA:31,0
DA:32,0
DA:35,0
DA:36,0
DA:40,0
LF:13
LH:4
BRDA:26,0,0,0
BRDA:35,1,0,0
BRDA:35,2,0,0
BRDA:35,2,1,0
BRF:4
BRH:0
end_of_record
TN:
SF:src/auth/strategies/jwt.strategy.ts
FN:20,(anonymous_2)
FN:50,(anonymous_3)
FNF:2
FNH:0
FNDA:0,(anonymous_2)
FNDA:0,(anonymous_3)
DA:1,0
DA:2,0
DA:3,0
DA:4,0
DA:5,0
DA:6,0
DA:19,0
DA:20,0
DA:22,0
DA:24,0
DA:27,0
DA:29,0
DA:33,0
DA:36,0
DA:53,0
LF:15
LH:0
BRF:0
BRH:0
end_of_record
TN:
SF:src/auth/strategies/local.strategy.ts
FN:8,(anonymous_2)
FN:12,(anonymous_3)
FNF:2
FNH:0
FNDA:0,(anonymous_2)
FNDA:0,(anonymous_3)
DA:1,0
DA:2,0
DA:3,0
DA:4,0
DA:7,0
DA:8,0
DA:9,0
DA:13,0
DA:14,0
DA:15,0
DA:17,0
LF:11
LH:0
BRDA:14,0,0,0
BRF:1
BRH:0
end_of_record
TN:
SF:src/auth/strategies/refresh-token.strategy.ts
FN:18,(anonymous_2)
FN:35,(anonymous_3)
FNF:2
FNH:0
FNDA:0,(anonymous_2)
FNDA:0,(anonymous_3)
DA:1,0
DA:2,0
DA:4,0
DA:5,0
DA:14,0
DA:19,0
DA:36,0
DA:38,0
DA:39,0
DA:41,0
DA:42,0
LF:11
LH:0
BRDA:38,0,0,0
BRF:1
BRH:0
end_of_record
TN:
SF:src/common/dto/success-message-response.dto.ts
FNF:0
FNH:0
DA:1,1
DA:6,1
DA:11,1
LF:3
LH:3
BRF:0
BRH:0
end_of_record
TN:
SF:src/common/filters/all-exceptions.filter.ts
FN:12,(anonymous_1)
FNF:1
FNH:0
FNDA:0,(anonymous_1)
DA:1,0
DA:11,0
DA:13,0
DA:14,0
DA:15,0
DA:19,0
DA:24,0
DA:25,0
DA:26,0
DA:27,0
DA:29,0
DA:33,0
DA:37,0
DA:45,0
LF:14
LH:0
BRDA:19,0,0,0
BRDA:19,0,1,0
BRDA:25,1,0,0
BRDA:25,1,1,0
BRDA:28,2,0,0
BRDA:28,2,1,0
BRDA:29,3,0,0
BRF:7
BRH:0
end_of_record
TN:
SF:src/mail/mail.module.ts
FNF:0
FNH:0
DA:1,0
DA:2,0
DA:3,0
DA:10,0
LF:4
LH:0
BRF:0
BRH:0
end_of_record
TN:
SF:src/mail/mail.service.ts
FN:10,(anonymous_2)
FN:34,(anonymous_3)
FN:75,(anonymous_4)
FNF:3
FNH:0
FNDA:0,(anonymous_2)
FNDA:0,(anonymous_3)
FNDA:0,(anonymous_4)
DA:1,2
DA:2,2
DA:3,2
DA:7,2
DA:10,0
DA:12,0
DA:23,0
DA:24,0
DA:28,0
DA:30,0
DA:40,0
DA:44,0
DA:45,0
DA:50,0
DA:53,0
DA:55,0
DA:57,0
DA:64,0
DA:66,0
DA:68,0
DA:81,0
DA:85,0
DA:86,0
DA:91,0
DA:94,0
DA:95,0
DA:97,0
DA:98,0
DA:105,0
DA:107,0
DA:108,0
LF:31
LH:4
BRDA:23,0,0,0
BRDA:23,0,1,0
BRDA:23,1,0,0
BRDA:23,1,1,0
BRDA:61,2,0,0
BRDA:61,2,1,0
BRDA:102,3,0,0
BRDA:102,3,1,0
BRF:8
BRH:0
end_of_record
TN:
SF:src/prisma/prisma.module.ts
FNF:0
FNH:0
DA:1,0
DA:2,0
DA:8,0
LF:3
LH:0
BRF:0
BRH:0
end_of_record
TN:
SF:src/prisma/prisma.service.ts
FN:10,(anonymous_2)
FN:15,(anonymous_3)
FN:22,(anonymous_4)
FNF:3
FNH:0
FNDA:0,(anonymous_2)
FNDA:0,(anonymous_3)
FNDA:0,(anonymous_4)
DA:1,4
DA:2,4
DA:3,4
DA:6,4
DA:11,0
DA:12,0
DA:17,0
DA:18,0
DA:19,0
DA:24,0
DA:25,0
DA:26,0
LF:12
LH:4
BRF:0
BRH:0
end_of_record
TN:
SF:src/user/user.module.ts
FNF:0
FNH:0
DA:1,0
DA:2,0
DA:3,0
DA:10,0
LF:4
LH:0
BRF:0
BRH:0
end_of_record
TN:
SF:src/user/user.service.ts
FN:7,(anonymous_2)
FN:9,(anonymous_3)
FN:15,(anonymous_4)
FN:21,(anonymous_5)
FN:28,(anonymous_6)
FN:39,(anonymous_7)
FNF:6
FNH:6
FNDA:12,(anonymous_2)
FNDA:3,(anonymous_3)
FNDA:3,(anonymous_4)
FNDA:2,(anonymous_5)
FNDA:2,(anonymous_6)
FNDA:1,(anonymous_7)
DA:1,3
DA:2,3
DA:6,3
DA:7,12
DA:10,3
DA:16,3
DA:23,2
DA:32,2
DA:43,1
LF:9
LH:9
BRF:0
BRH:0
end_of_record
